#
# There is insufficient memory for the Java Runtime Environment to continue.
# Native memory allocation (malloc) failed to allocate 1037136 bytes for Chunk::new
# Possible reasons:
#   The system is out of physical RAM or swap space
#   The process is running with CompressedOops enabled, and the Java Heap may be blocking the growth of the native heap
# Possible solutions:
#   Reduce memory load on the system
#   Increase physical memory or swap space
#   Check if swap backing store is full
#   Decrease Java heap size (-Xmx/-Xms)
#   Decrease number of Java threads
#   Decrease Java thread stack sizes (-Xss)
#   Set larger code cache with -XX:ReservedCodeCacheSize=
#   JVM is running with Unscaled Compressed Oops mode in which the Java heap is
#     placed in the first 4GB address space. The Java Heap base address is the
#     maximum limit for the native heap growth. Please use -XX:HeapBaseMinAddress
#     to set the Java Heap base and to place the Java Heap above 4GB virtual address.
# This output file may be truncated or incomplete.
#
#  Out of Memory Error (arena.cpp:184), pid=92724, tid=65216
#
# JRE version: Java(TM) SE Runtime Environment (18.0.1+10) (build 18.0.1+10-24)
# Java VM: Java HotSpot(TM) 64-Bit Server VM (18.0.1+10-24, mixed mode, sharing, tiered, compressed oops, compressed class ptrs, g1 gc, windows-amd64)
# No core dump will be written. Minidumps are not enabled by default on client versions of Windows
#

---------------  S U M M A R Y ------------

Command Line: App

Host: AMD Ryzen 7 5700U with Radeon Graphics         , 16 cores, 5G,  Windows 11 , 64 bit Build 22000 (10.0.22000.675)
Time: Tue Jun 14 04:41:52 2022 Hora oficial do Brasil elapsed time: 62.105268 seconds (0d 0h 1m 2s)

---------------  T H R E A D  ---------------

Current thread (0x000001fc4f8562d0):  JavaThread "C2 CompilerThread0" daemon [_thread_in_native, id=65216, stack(0x0000001f50800000,0x0000001f50900000)]


Current CompileTask:
C2:  62105 2763       4       javax.swing.text.AbstractDocument$AbstractElement::<init> (37 bytes)

Stack: [0x0000001f50800000,0x0000001f50900000]
Native frames: (J=compiled Java code, j=interpreted, Vv=VM code, C=native code)
V  [jvm.dll+0x69887a]
V  [jvm.dll+0x7f38bd]
V  [jvm.dll+0x7f51ce]
V  [jvm.dll+0x7f5883]
V  [jvm.dll+0x25ca3f]
V  [jvm.dll+0xb8c2f]
V  [jvm.dll+0xb8fa5]
V  [jvm.dll+0x385a31]
V  [jvm.dll+0x34f811]
V  [jvm.dll+0x34ecaa]
V  [jvm.dll+0x22fc21]
V  [jvm.dll+0x22eff1]
V  [jvm.dll+0x1b9cfc]
V  [jvm.dll+0x23e8ca]
V  [jvm.dll+0x23cbb5]
V  [jvm.dll+0x7a5fb1]
V  [jvm.dll+0x7a03ea]
V  [jvm.dll+0x697725]
C  [ucrtbase.dll+0x26c0c]
C  [KERNEL32.DLL+0x154e0]
C  [ntdll.dll+0x485b]


---------------  P R O C E S S  ---------------

Threads class SMR info:
_java_thread_list=0x000001fc54996df0, length=16, elements={
0x000001fc31f02710, 0x000001fc4f8379f0, 0x000001fc4f838650, 0x000001fc4f84f510,
0x000001fc4f84feb0, 0x000001fc4f854c60, 0x000001fc4f855600, 0x000001fc4f8562d0,
0x000001fc4f860cd0, 0x000001fc4f88c6b0, 0x000001fc53cd7370, 0x000001fc53cda8e0,
0x000001fc53f26940, 0x000001fc53f2e6f0, 0x000001fc53f31a80, 0x000001fc54612630
}

Java Threads: ( => current thread )
  0x000001fc31f02710 JavaThread "main" [_thread_in_native, id=64620, stack(0x0000001f4fb00000,0x0000001f4fc00000)]
  0x000001fc4f8379f0 JavaThread "Reference Handler" daemon [_thread_blocked, id=72620, stack(0x0000001f50200000,0x0000001f50300000)]
  0x000001fc4f838650 JavaThread "Finalizer" daemon [_thread_blocked, id=39160, stack(0x0000001f50300000,0x0000001f50400000)]
  0x000001fc4f84f510 JavaThread "Signal Dispatcher" daemon [_thread_blocked, id=93752, stack(0x0000001f50400000,0x0000001f50500000)]
  0x000001fc4f84feb0 JavaThread "Attach Listener" daemon [_thread_blocked, id=87336, stack(0x0000001f50500000,0x0000001f50600000)]
  0x000001fc4f854c60 JavaThread "Service Thread" daemon [_thread_blocked, id=90812, stack(0x0000001f50600000,0x0000001f50700000)]
  0x000001fc4f855600 JavaThread "Monitor Deflation Thread" daemon [_thread_blocked, id=65656, stack(0x0000001f50700000,0x0000001f50800000)]
=>0x000001fc4f8562d0 JavaThread "C2 CompilerThread0" daemon [_thread_in_native, id=65216, stack(0x0000001f50800000,0x0000001f50900000)]
  0x000001fc4f860cd0 JavaThread "C1 CompilerThread0" daemon [_thread_blocked, id=81936, stack(0x0000001f50900000,0x0000001f50a00000)]
  0x000001fc4f88c6b0 JavaThread "Sweeper thread" daemon [_thread_blocked, id=90804, stack(0x0000001f50a00000,0x0000001f50b00000)]
  0x000001fc53cd7370 JavaThread "Notification Thread" daemon [_thread_blocked, id=70644, stack(0x0000001f50c00000,0x0000001f50d00000)]
  0x000001fc53cda8e0 JavaThread "Common-Cleaner" daemon [_thread_blocked, id=83880, stack(0x0000001f50e00000,0x0000001f50f00000)]
  0x000001fc53f26940 JavaThread "Java2D Disposer" daemon [_thread_blocked, id=91804, stack(0x0000001f50f00000,0x0000001f51000000)]
  0x000001fc53f2e6f0 JavaThread "AWT-Shutdown" [_thread_blocked, id=91816, stack(0x0000001f51000000,0x0000001f51100000)]
  0x000001fc53f31a80 JavaThread "AWT-Windows" daemon [_thread_in_native, id=89248, stack(0x0000001f51100000,0x0000001f51200000)]
  0x000001fc54612630 JavaThread "AWT-EventQueue-0" [_thread_blocked, id=90256, stack(0x0000001f51e00000,0x0000001f51f00000)]

Other Threads:
  0x000001fc31f82c20 VMThread "VM Thread" [stack: 0x0000001f50100000,0x0000001f50200000] [id=79700]
  0x000001fc53cd9070 WatcherThread "VM Periodic Task Thread" [stack: 0x0000001f50d00000,0x0000001f50e00000] [id=65292]
  0x000001fc31f54de0 WorkerThread "GC Thread#0" [stack: 0x0000001f4fc00000,0x0000001f4fd00000] [id=94028]
  0x000001fc54789120 WorkerThread "GC Thread#1" [stack: 0x0000001f50b00000,0x0000001f50c00000] [id=85264]
  0x000001fc547893c0 WorkerThread "GC Thread#2" [stack: 0x0000001f52000000,0x0000001f52100000] [id=92664]
  0x000001fc5478b5e0 WorkerThread "GC Thread#3" [stack: 0x0000001f52100000,0x0000001f52200000] [id=93720]
  0x000001fc54789660 WorkerThread "GC Thread#4" [stack: 0x0000001f52400000,0x0000001f52500000] [id=6796]
  0x000001fc54789900 WorkerThread "GC Thread#5" [stack: 0x0000001f52500000,0x0000001f52600000] [id=86656]
  0x000001fc54789ba0 WorkerThread "GC Thread#6" [stack: 0x0000001f52600000,0x0000001f52700000] [id=61564]
  0x000001fc5478a380 WorkerThread "GC Thread#7" [stack: 0x0000001f52700000,0x0000001f52800000] [id=89320]
  0x000001fc5478ab60 WorkerThread "GC Thread#8" [stack: 0x0000001f52800000,0x0000001f52900000] [id=92092]
  0x000001fc31f618d0 ConcurrentGCThread "G1 Main Marker" [stack: 0x0000001f4fd00000,0x0000001f4fe00000] [id=93212]
  0x000001fc31f622c0 WorkerThread "G1 Conc#0" [stack: 0x0000001f4fe00000,0x0000001f4ff00000] [id=90776]
  0x000001fc31fc2e00 ConcurrentGCThread "G1 Refine#0" [stack: 0x0000001f4ff00000,0x0000001f50000000] [id=75364]
  0x000001fc547fa710 ConcurrentGCThread "G1 Refine#1" [stack: 0x0000001f52900000,0x0000001f52a00000] [id=72488]
  0x000001fc547fc330 ConcurrentGCThread "G1 Refine#2" [stack: 0x0000001f52a00000,0x0000001f52b00000] [id=92736]
  0x000001fc547fb7f0 ConcurrentGCThread "G1 Refine#3" [stack: 0x0000001f52b00000,0x0000001f52c00000] [id=70556]
  0x000001fc547fc060 ConcurrentGCThread "G1 Refine#4" [stack: 0x0000001f52c00000,0x0000001f52d00000] [id=81336]
  0x000001fc547facb0 ConcurrentGCThread "G1 Refine#5" [stack: 0x0000001f52d00000,0x0000001f52e00000] [id=31052]
  0x000001fc547fbac0 ConcurrentGCThread "G1 Refine#6" [stack: 0x0000001f52e00000,0x0000001f52f00000] [id=86316]
  0x000001fc547fb250 ConcurrentGCThread "G1 Refine#7" [stack: 0x0000001f52f00000,0x0000001f53000000] [id=93740]
  0x000001fc547fb520 ConcurrentGCThread "G1 Refine#8" [stack: 0x0000001f53000000,0x0000001f53100000] [id=89348]
  0x000001fc31fc3710 ConcurrentGCThread "G1 Service" [stack: 0x0000001f50000000,0x0000001f50100000] [id=71388]

Threads with active compile tasks:
C2 CompilerThread0    62122 2763       4       javax.swing.text.AbstractDocument$AbstractElement::<init> (37 bytes)

VM state: not at safepoint (normal execution)

VM Mutex/Monitor currently owned by a thread: None

Heap address: 0x00000000a2200000, size: 1502 MB, Compressed Oops mode: 32-bit

CDS archive(s) mapped at: [0x0000000800000000-0x0000000800ba0000-0x0000000800ba0000), size 12189696, SharedBaseAddress: 0x0000000800000000, ArchiveRelocationMode: 0.
Compressed class space mapped at: 0x0000000800c00000-0x0000000840c00000, reserved size: 1073741824
Narrow klass base: 0x0000000800000000, Narrow klass shift: 0, Narrow klass range: 0x100000000

GC Precious Log:
 CardTable entry size: 512
 Card Set container configuration: InlinePtr #cards 5 size 8 Array Of Cards #cards 12 size 40 Howl #buckets 4 coarsen threshold 1843 Howl Bitmap #cards 512 size 80 coarsen threshold 460 Card regions per heap region 1 cards per card region 2048
 CPUs: 16 total, 16 available
 Memory: 6005M
 Large Page Support: Disabled
 NUMA Support: Disabled
 Compressed Oops: Enabled (32-bit)
 Heap Region Size: 1M
 Heap Min Capacity: 8M
 Heap Initial Capacity: 94M
 Heap Max Capacity: 1502M
 Pre-touch: Disabled
 Parallel Workers: 13
 Concurrent Workers: 3
 Concurrent Refinement Workers: 13
 Periodic GC: Disabled

Heap:
 garbage-first heap   total 96256K, used 39603K [0x00000000a2200000, 0x0000000100000000)
  region size 1024K, 32 young (32768K), 1 survivors (1024K)
 Metaspace       used 8423K, committed 8640K, reserved 1114112K
  class space    used 824K, committed 960K, reserved 1048576K

Heap Regions: E=young(eden), S=young(survivor), O=old, HS=humongous(starts), HC=humongous(continues), CS=collection set, F=free, OA=open archive, CA=closed archive, TAMS=top-at-mark-start (previous, next)
|   0|0x00000000a2200000, 0x00000000a2300000, 0x00000000a2300000|100%| O|  |TAMS 0x00000000a2200000, 0x00000000a2200000| Untracked 
|   1|0x00000000a2300000, 0x00000000a2400000, 0x00000000a2400000|100%| O|  |TAMS 0x00000000a2300000, 0x00000000a2300000| Untracked 
|   2|0x00000000a2400000, 0x00000000a2500000, 0x00000000a2500000|100%| O|  |TAMS 0x00000000a2400000, 0x00000000a2400000| Untracked 
|   3|0x00000000a2500000, 0x00000000a2600000, 0x00000000a2600000|100%| O|  |TAMS 0x00000000a2500000, 0x00000000a2500000| Untracked 
|   4|0x00000000a2600000, 0x00000000a2700000, 0x00000000a2700000|100%| O|  |TAMS 0x00000000a2600000, 0x00000000a2600000| Untracked 
|   5|0x00000000a2700000, 0x00000000a2800000, 0x00000000a2800000|100%| O|  |TAMS 0x00000000a2700000, 0x00000000a2700000| Untracked 
|   6|0x00000000a2800000, 0x00000000a2900000, 0x00000000a2900000|100%| O|  |TAMS 0x00000000a2800000, 0x00000000a2800000| Untracked 
|   7|0x00000000a2900000, 0x00000000a29b1a00, 0x00000000a2a00000| 69%| O|  |TAMS 0x00000000a2900000, 0x00000000a2900000| Untracked 
|   8|0x00000000a2a00000, 0x00000000a2a00000, 0x00000000a2b00000|  0%| F|  |TAMS 0x00000000a2a00000, 0x00000000a2a00000| Untracked 
|   9|0x00000000a2b00000, 0x00000000a2b00000, 0x00000000a2c00000|  0%| F|  |TAMS 0x00000000a2b00000, 0x00000000a2b00000| Untracked 
|  10|0x00000000a2c00000, 0x00000000a2c00000, 0x00000000a2d00000|  0%| F|  |TAMS 0x00000000a2c00000, 0x00000000a2c00000| Untracked 
|  11|0x00000000a2d00000, 0x00000000a2d00000, 0x00000000a2e00000|  0%| F|  |TAMS 0x00000000a2d00000, 0x00000000a2d00000| Untracked 
|  12|0x00000000a2e00000, 0x00000000a2e00000, 0x00000000a2f00000|  0%| F|  |TAMS 0x00000000a2e00000, 0x00000000a2e00000| Untracked 
|  13|0x00000000a2f00000, 0x00000000a2f00000, 0x00000000a3000000|  0%| F|  |TAMS 0x00000000a2f00000, 0x00000000a2f00000| Untracked 
|  14|0x00000000a3000000, 0x00000000a3000000, 0x00000000a3100000|  0%| F|  |TAMS 0x00000000a3000000, 0x00000000a3000000| Untracked 
|  15|0x00000000a3100000, 0x00000000a3100000, 0x00000000a3200000|  0%| F|  |TAMS 0x00000000a3100000, 0x00000000a3100000| Untracked 
|  16|0x00000000a3200000, 0x00000000a3200000, 0x00000000a3300000|  0%| F|  |TAMS 0x00000000a3200000, 0x00000000a3200000| Untracked 
|  17|0x00000000a3300000, 0x00000000a3300000, 0x00000000a3400000|  0%| F|  |TAMS 0x00000000a3300000, 0x00000000a3300000| Untracked 
|  18|0x00000000a3400000, 0x00000000a3400000, 0x00000000a3500000|  0%| F|  |TAMS 0x00000000a3400000, 0x00000000a3400000| Untracked 
|  19|0x00000000a3500000, 0x00000000a3500000, 0x00000000a3600000|  0%| F|  |TAMS 0x00000000a3500000, 0x00000000a3500000| Untracked 
|  20|0x00000000a3600000, 0x00000000a3600000, 0x00000000a3700000|  0%| F|  |TAMS 0x00000000a3600000, 0x00000000a3600000| Untracked 
|  21|0x00000000a3700000, 0x00000000a3700000, 0x00000000a3800000|  0%| F|  |TAMS 0x00000000a3700000, 0x00000000a3700000| Untracked 
|  22|0x00000000a3800000, 0x00000000a3800000, 0x00000000a3900000|  0%| F|  |TAMS 0x00000000a3800000, 0x00000000a3800000| Untracked 
|  23|0x00000000a3900000, 0x00000000a3900000, 0x00000000a3a00000|  0%| F|  |TAMS 0x00000000a3900000, 0x00000000a3900000| Untracked 
|  24|0x00000000a3a00000, 0x00000000a3a00000, 0x00000000a3b00000|  0%| F|  |TAMS 0x00000000a3a00000, 0x00000000a3a00000| Untracked 
|  25|0x00000000a3b00000, 0x00000000a3b00000, 0x00000000a3c00000|  0%| F|  |TAMS 0x00000000a3b00000, 0x00000000a3b00000| Untracked 
|  26|0x00000000a3c00000, 0x00000000a3c00000, 0x00000000a3d00000|  0%| F|  |TAMS 0x00000000a3c00000, 0x00000000a3c00000| Untracked 
|  27|0x00000000a3d00000, 0x00000000a3d00000, 0x00000000a3e00000|  0%| F|  |TAMS 0x00000000a3d00000, 0x00000000a3d00000| Untracked 
|  28|0x00000000a3e00000, 0x00000000a3e00000, 0x00000000a3f00000|  0%| F|  |TAMS 0x00000000a3e00000, 0x00000000a3e00000| Untracked 
|  29|0x00000000a3f00000, 0x00000000a3f00000, 0x00000000a4000000|  0%| F|  |TAMS 0x00000000a3f00000, 0x00000000a3f00000| Untracked 
|  30|0x00000000a4000000, 0x00000000a4000000, 0x00000000a4100000|  0%| F|  |TAMS 0x00000000a4000000, 0x00000000a4000000| Untracked 
|  31|0x00000000a4100000, 0x00000000a4100000, 0x00000000a4200000|  0%| F|  |TAMS 0x00000000a4100000, 0x00000000a4100000| Untracked 
|  32|0x00000000a4200000, 0x00000000a4200000, 0x00000000a4300000|  0%| F|  |TAMS 0x00000000a4200000, 0x00000000a4200000| Untracked 
|  33|0x00000000a4300000, 0x00000000a4300000, 0x00000000a4400000|  0%| F|  |TAMS 0x00000000a4300000, 0x00000000a4300000| Untracked 
|  34|0x00000000a4400000, 0x00000000a4400000, 0x00000000a4500000|  0%| F|  |TAMS 0x00000000a4400000, 0x00000000a4400000| Untracked 
|  35|0x00000000a4500000, 0x00000000a4500000, 0x00000000a4600000|  0%| F|  |TAMS 0x00000000a4500000, 0x00000000a4500000| Untracked 
|  36|0x00000000a4600000, 0x00000000a4600000, 0x00000000a4700000|  0%| F|  |TAMS 0x00000000a4600000, 0x00000000a4600000| Untracked 
|  37|0x00000000a4700000, 0x00000000a4700000, 0x00000000a4800000|  0%| F|  |TAMS 0x00000000a4700000, 0x00000000a4700000| Untracked 
|  38|0x00000000a4800000, 0x00000000a4800000, 0x00000000a4900000|  0%| F|  |TAMS 0x00000000a4800000, 0x00000000a4800000| Untracked 
|  39|0x00000000a4900000, 0x00000000a4900000, 0x00000000a4a00000|  0%| F|  |TAMS 0x00000000a4900000, 0x00000000a4900000| Untracked 
|  40|0x00000000a4a00000, 0x00000000a4a00000, 0x00000000a4b00000|  0%| F|  |TAMS 0x00000000a4a00000, 0x00000000a4a00000| Untracked 
|  41|0x00000000a4b00000, 0x00000000a4b00000, 0x00000000a4c00000|  0%| F|  |TAMS 0x00000000a4b00000, 0x00000000a4b00000| Untracked 
|  42|0x00000000a4c00000, 0x00000000a4c00000, 0x00000000a4d00000|  0%| F|  |TAMS 0x00000000a4c00000, 0x00000000a4c00000| Untracked 
|  43|0x00000000a4d00000, 0x00000000a4d00000, 0x00000000a4e00000|  0%| F|  |TAMS 0x00000000a4d00000, 0x00000000a4d00000| Untracked 
|  44|0x00000000a4e00000, 0x00000000a4e00000, 0x00000000a4f00000|  0%| F|  |TAMS 0x00000000a4e00000, 0x00000000a4e00000| Untracked 
|  45|0x00000000a4f00000, 0x00000000a4f00000, 0x00000000a5000000|  0%| F|  |TAMS 0x00000000a4f00000, 0x00000000a4f00000| Untracked 
|  46|0x00000000a5000000, 0x00000000a5000000, 0x00000000a5100000|  0%| F|  |TAMS 0x00000000a5000000, 0x00000000a5000000| Untracked 
|  47|0x00000000a5100000, 0x00000000a5100000, 0x00000000a5200000|  0%| F|  |TAMS 0x00000000a5100000, 0x00000000a5100000| Untracked 
|  48|0x00000000a5200000, 0x00000000a5200000, 0x00000000a5300000|  0%| F|  |TAMS 0x00000000a5200000, 0x00000000a5200000| Untracked 
|  49|0x00000000a5300000, 0x00000000a5300000, 0x00000000a5400000|  0%| F|  |TAMS 0x00000000a5300000, 0x00000000a5300000| Untracked 
|  50|0x00000000a5400000, 0x00000000a5400000, 0x00000000a5500000|  0%| F|  |TAMS 0x00000000a5400000, 0x00000000a5400000| Untracked 
|  51|0x00000000a5500000, 0x00000000a5500000, 0x00000000a5600000|  0%| F|  |TAMS 0x00000000a5500000, 0x00000000a5500000| Untracked 
|  52|0x00000000a5600000, 0x00000000a5600000, 0x00000000a5700000|  0%| F|  |TAMS 0x00000000a5600000, 0x00000000a5600000| Untracked 
|  53|0x00000000a5700000, 0x00000000a5700000, 0x00000000a5800000|  0%| F|  |TAMS 0x00000000a5700000, 0x00000000a5700000| Untracked 
|  54|0x00000000a5800000, 0x00000000a5800000, 0x00000000a5900000|  0%| F|  |TAMS 0x00000000a5800000, 0x00000000a5800000| Untracked 
|  55|0x00000000a5900000, 0x00000000a5900000, 0x00000000a5a00000|  0%| F|  |TAMS 0x00000000a5900000, 0x00000000a5900000| Untracked 
|  56|0x00000000a5a00000, 0x00000000a5a00000, 0x00000000a5b00000|  0%| F|  |TAMS 0x00000000a5a00000, 0x00000000a5a00000| Untracked 
|  57|0x00000000a5b00000, 0x00000000a5b00000, 0x00000000a5c00000|  0%| F|  |TAMS 0x00000000a5b00000, 0x00000000a5b00000| Untracked 
|  58|0x00000000a5c00000, 0x00000000a5c00000, 0x00000000a5d00000|  0%| F|  |TAMS 0x00000000a5c00000, 0x00000000a5c00000| Untracked 
|  59|0x00000000a5d00000, 0x00000000a5d00000, 0x00000000a5e00000|  0%| F|  |TAMS 0x00000000a5d00000, 0x00000000a5d00000| Untracked 
|  60|0x00000000a5e00000, 0x00000000a5e00000, 0x00000000a5f00000|  0%| F|  |TAMS 0x00000000a5e00000, 0x00000000a5e00000| Untracked 
|  61|0x00000000a5f00000, 0x00000000a5f00000, 0x00000000a6000000|  0%| F|  |TAMS 0x00000000a5f00000, 0x00000000a5f00000| Untracked 
|  62|0x00000000a6000000, 0x00000000a60f27a8, 0x00000000a6100000| 94%| E|  |TAMS 0x00000000a6000000, 0x00000000a6000000| Complete 
|  63|0x00000000a6100000, 0x00000000a6200000, 0x00000000a6200000|100%| E|CS|TAMS 0x00000000a6100000, 0x00000000a6100000| Complete 
|  64|0x00000000a6200000, 0x00000000a6300000, 0x00000000a6300000|100%| E|CS|TAMS 0x00000000a6200000, 0x00000000a6200000| Complete 
|  65|0x00000000a6300000, 0x00000000a6400000, 0x00000000a6400000|100%| E|CS|TAMS 0x00000000a6300000, 0x00000000a6300000| Complete 
|  66|0x00000000a6400000, 0x00000000a6500000, 0x00000000a6500000|100%| E|CS|TAMS 0x00000000a6400000, 0x00000000a6400000| Complete 
|  67|0x00000000a6500000, 0x00000000a6600000, 0x00000000a6600000|100%| E|CS|TAMS 0x00000000a6500000, 0x00000000a6500000| Complete 
|  68|0x00000000a6600000, 0x00000000a6700000, 0x00000000a6700000|100%| E|CS|TAMS 0x00000000a6600000, 0x00000000a6600000| Complete 
|  69|0x00000000a6700000, 0x00000000a6800000, 0x00000000a6800000|100%| E|CS|TAMS 0x00000000a6700000, 0x00000000a6700000| Complete 
|  70|0x00000000a6800000, 0x00000000a6900000, 0x00000000a6900000|100%| E|CS|TAMS 0x00000000a6800000, 0x00000000a6800000| Complete 
|  71|0x00000000a6900000, 0x00000000a6a00000, 0x00000000a6a00000|100%| E|CS|TAMS 0x00000000a6900000, 0x00000000a6900000| Complete 
|  72|0x00000000a6a00000, 0x00000000a6b00000, 0x00000000a6b00000|100%| E|CS|TAMS 0x00000000a6a00000, 0x00000000a6a00000| Complete 
|  73|0x00000000a6b00000, 0x00000000a6c00000, 0x00000000a6c00000|100%| E|CS|TAMS 0x00000000a6b00000, 0x00000000a6b00000| Complete 
|  74|0x00000000a6c00000, 0x00000000a6d00000, 0x00000000a6d00000|100%| E|CS|TAMS 0x00000000a6c00000, 0x00000000a6c00000| Complete 
|  75|0x00000000a6d00000, 0x00000000a6e00000, 0x00000000a6e00000|100%| E|CS|TAMS 0x00000000a6d00000, 0x00000000a6d00000| Complete 
|  76|0x00000000a6e00000, 0x00000000a6f00000, 0x00000000a6f00000|100%| E|CS|TAMS 0x00000000a6e00000, 0x00000000a6e00000| Complete 
|  77|0x00000000a6f00000, 0x00000000a7000000, 0x00000000a7000000|100%| E|CS|TAMS 0x00000000a6f00000, 0x00000000a6f00000| Complete 
|  78|0x00000000a7000000, 0x00000000a7100000, 0x00000000a7100000|100%| E|CS|TAMS 0x00000000a7000000, 0x00000000a7000000| Complete 
|  79|0x00000000a7100000, 0x00000000a7200000, 0x00000000a7200000|100%| E|CS|TAMS 0x00000000a7100000, 0x00000000a7100000| Complete 
|  80|0x00000000a7200000, 0x00000000a7300000, 0x00000000a7300000|100%| E|CS|TAMS 0x00000000a7200000, 0x00000000a7200000| Complete 
|  81|0x00000000a7300000, 0x00000000a7400000, 0x00000000a7400000|100%| E|CS|TAMS 0x00000000a7300000, 0x00000000a7300000| Complete 
|  82|0x00000000a7400000, 0x00000000a7500000, 0x00000000a7500000|100%| E|CS|TAMS 0x00000000a7400000, 0x00000000a7400000| Complete 
|  83|0x00000000a7500000, 0x00000000a7600000, 0x00000000a7600000|100%| E|CS|TAMS 0x00000000a7500000, 0x00000000a7500000| Complete 
|  84|0x00000000a7600000, 0x00000000a7700000, 0x00000000a7700000|100%| E|CS|TAMS 0x00000000a7600000, 0x00000000a7600000| Complete 
|  85|0x00000000a7700000, 0x00000000a7800000, 0x00000000a7800000|100%| E|CS|TAMS 0x00000000a7700000, 0x00000000a7700000| Complete 
|  86|0x00000000a7800000, 0x00000000a7900000, 0x00000000a7900000|100%| E|CS|TAMS 0x00000000a7800000, 0x00000000a7800000| Complete 
|  87|0x00000000a7900000, 0x00000000a7a00000, 0x00000000a7a00000|100%| E|CS|TAMS 0x00000000a7900000, 0x00000000a7900000| Complete 
|  88|0x00000000a7a00000, 0x00000000a7b00000, 0x00000000a7b00000|100%| E|CS|TAMS 0x00000000a7a00000, 0x00000000a7a00000| Complete 
|  89|0x00000000a7b00000, 0x00000000a7c00000, 0x00000000a7c00000|100%| E|CS|TAMS 0x00000000a7b00000, 0x00000000a7b00000| Complete 
|  90|0x00000000a7c00000, 0x00000000a7d00000, 0x00000000a7d00000|100%| E|CS|TAMS 0x00000000a7c00000, 0x00000000a7c00000| Complete 
|  91|0x00000000a7d00000, 0x00000000a7dfb590, 0x00000000a7e00000| 98%| S|CS|TAMS 0x00000000a7d00000, 0x00000000a7d00000| Complete 
|  92|0x00000000a7e00000, 0x00000000a7f00000, 0x00000000a7f00000|100%| E|CS|TAMS 0x00000000a7e00000, 0x00000000a7e00000| Complete 
|  93|0x00000000a7f00000, 0x00000000a8000000, 0x00000000a8000000|100%| E|CS|TAMS 0x00000000a7f00000, 0x00000000a7f00000| Complete 

Card table byte_map: [0x000001fc493b0000,0x000001fc496a0000] _byte_map_base: 0x000001fc48e9f000

Marking Bits (Prev, Next): (CMBitMap*) 0x000001fc31f553e0, (CMBitMap*) 0x000001fc31f55420
 Prev Bits: [0x000001fc49990000, 0x000001fc4b108000)
 Next Bits: [0x000001fc4b110000, 0x000001fc4c888000)

Polling page: 0x000001fc316d0000

Metaspace:

Usage:
  Non-class:      7.42 MB used.
      Class:    824.15 KB used.
       Both:      8.23 MB used.

Virtual space:
  Non-class space:       64.00 MB reserved,       7.50 MB ( 12%) committed,  1 nodes.
      Class space:        1.00 GB reserved,     960.00 KB ( <1%) committed,  1 nodes.
             Both:        1.06 GB reserved,       8.44 MB ( <1%) committed. 

Chunk freelists:
   Non-Class:  477.00 KB
       Class:  3.11 MB
        Both:  3.58 MB

MaxMetaspaceSize: unlimited
CompressedClassSpaceSize: 1.00 GB
Initial GC threshold: 21.00 MB
Current GC threshold: 21.00 MB
CDS: on
MetaspaceReclaimPolicy: balanced
 - commit_granule_bytes: 65536.
 - commit_granule_words: 8192.
 - virtual_space_node_default_size: 8388608.
 - enlarge_chunks_in_place: 1.
 - new_chunks_are_fully_committed: 0.
 - uncommit_free_chunks: 1.
 - use_allocation_guard: 0.


Internal statistics:

num_allocs_failed_limit: 0.
num_arena_births: 126.
num_arena_deaths: 0.
num_vsnodes_births: 2.
num_vsnodes_deaths: 0.
num_space_committed: 135.
num_space_uncommitted: 0.
num_chunks_returned_to_freelist: 0.
num_chunks_taken_from_freelist: 199.
num_chunk_merges: 0.
num_chunk_splits: 103.
num_chunks_enlarged: 23.
num_inconsistent_stats: 0.

CodeHeap 'non-profiled nmethods': size=119168Kb used=1513Kb max_used=1513Kb free=117654Kb
 bounds [0x000001fc413e0000, 0x000001fc41650000, 0x000001fc48840000]
CodeHeap 'profiled nmethods': size=119104Kb used=5309Kb max_used=5309Kb free=113794Kb
 bounds [0x000001fc39f90000, 0x000001fc3a4c0000, 0x000001fc413e0000]
CodeHeap 'non-nmethods': size=7488Kb used=1277Kb max_used=2988Kb free=6210Kb
 bounds [0x000001fc39840000, 0x000001fc39b30000, 0x000001fc39f90000]
 total_blobs=3349 nmethods=2762 adapters=499
 compilation: enabled
              stopped_count=0, restarted_count=0
 full_count=0

Compilation events (20 events):
Event: 60.830 Thread 0x000001fc4f8562d0 nmethod 2753 0x000001fc4154be10 code [0x000001fc4154bfc0, 0x000001fc4154c998]
Event: 61.322 Thread 0x000001fc4f8562d0 2754       4       java.util.concurrent.ConcurrentHashMap::spread (10 bytes)
Event: 61.322 Thread 0x000001fc4f8562d0 nmethod 2754 0x000001fc4154cd10 code [0x000001fc4154ce80, 0x000001fc4154cef8]
Event: 61.418 Thread 0x000001fc4f8562d0 2755       4       java.util.concurrent.locks.AbstractQueuedSynchronizer::release (19 bytes)
Event: 61.419 Thread 0x000001fc4f8562d0 nmethod 2755 0x000001fc4154d010 code [0x000001fc4154d1a0, 0x000001fc4154d378]
Event: 61.420 Thread 0x000001fc4f8562d0 2756       4       java.util.concurrent.locks.ReentrantLock::unlock (10 bytes)
Event: 61.422 Thread 0x000001fc4f8562d0 nmethod 2756 0x000001fc4154d510 code [0x000001fc4154d6a0, 0x000001fc4154d838]
Event: 61.423 Thread 0x000001fc4f8562d0 2757       4       javax.swing.text.SimpleAttributeSet::addAttributes (39 bytes)
Event: 61.423 Thread 0x000001fc4f8562d0 nmethod 2757 0x000001fc4154da10 code [0x000001fc4154dba0, 0x000001fc4154dc78]
Event: 61.510 Thread 0x000001fc4f8562d0 2758   !   4       sun.awt.PostEventQueue::flush (168 bytes)
Event: 61.659 Thread 0x000001fc4f8562d0 nmethod 2758 0x000001fc4154dd90 code [0x000001fc4154e2a0, 0x000001fc41555470]
Event: 61.659 Thread 0x000001fc4f8562d0 2759       4       javax.swing.text.SimpleAttributeSet::getAttributeCount (8 bytes)
Event: 61.659 Thread 0x000001fc4f8562d0 nmethod 2759 0x000001fc41558910 code [0x000001fc41558a80, 0x000001fc41558b18]
Event: 61.712 Thread 0x000001fc4f8562d0 2760       4       java.awt.Container::invalidate (29 bytes)
Event: 61.714 Thread 0x000001fc4f8562d0 nmethod 2760 0x000001fc41558c10 code [0x000001fc41558da0, 0x000001fc41559288]
Event: 61.717 Thread 0x000001fc4f8562d0 2761  s    4       java.awt.Component::addMouseListener (43 bytes)
Event: 61.719 Thread 0x000001fc4f8562d0 nmethod 2761 0x000001fc41559490 code [0x000001fc41559620, 0x000001fc41559af8]
Event: 61.779 Thread 0x000001fc4f8562d0 2762       4       javax.swing.plaf.basic.BasicButtonListener::propertyChange (87 bytes)
Event: 61.783 Thread 0x000001fc4f8562d0 nmethod 2762 0x000001fc41559c90 code [0x000001fc41559e80, 0x000001fc4155a2a8]
Event: 62.036 Thread 0x000001fc4f8562d0 2763       4       javax.swing.text.AbstractDocument$AbstractElement::<init> (37 bytes)

GC Heap History (4 events):
Event: 24.094 GC heap before
{Heap before GC invocations=0 (full 0):
 garbage-first heap   total 96256K, used 23552K [0x00000000a2200000, 0x0000000100000000)
  region size 1024K, 23 young (23552K), 0 survivors (0K)
 Metaspace       used 8087K, committed 8320K, reserved 1114112K
  class space    used 821K, committed 960K, reserved 1048576K
}
Event: 24.102 GC heap after
{Heap after GC invocations=1 (full 0):
 garbage-first heap   total 96256K, used 7463K [0x00000000a2200000, 0x0000000100000000)
  region size 1024K, 3 young (3072K), 3 survivors (3072K)
 Metaspace       used 8087K, committed 8320K, reserved 1114112K
  class space    used 821K, committed 960K, reserved 1048576K
}
Event: 26.638 GC heap before
{Heap before GC invocations=1 (full 0):
 garbage-first heap   total 96256K, used 9511K [0x00000000a2200000, 0x0000000100000000)
  region size 1024K, 5 young (5120K), 3 survivors (3072K)
 Metaspace       used 8137K, committed 8384K, reserved 1114112K
  class space    used 821K, committed 960K, reserved 1048576K
}
Event: 26.643 GC heap after
{Heap after GC invocations=2 (full 0):
 garbage-first heap   total 96256K, used 8883K [0x00000000a2200000, 0x0000000100000000)
  region size 1024K, 1 young (1024K), 1 survivors (1024K)
 Metaspace       used 8137K, committed 8384K, reserved 1114112K
  class space    used 821K, committed 960K, reserved 1048576K
}

Deoptimization events (20 events):
Event: 24.102 Thread 0x000001fc31f02710 Uncommon trap: trap_request=0xffffff45 fr.pc=0x000001fc4144cf4c relative=0x0000000000000b4c
Event: 24.102 Thread 0x000001fc31f02710 Uncommon trap: reason=unstable_if action=reinterpret pc=0x000001fc4144cf4c method=java.lang.ref.SoftReference.get()Ljava/lang/Object; @ 17 c2
Event: 24.102 Thread 0x000001fc31f02710 DEOPT PACKING pc=0x000001fc4144cf4c sp=0x0000001f4fbf1640
Event: 24.102 Thread 0x000001fc31f02710 DEOPT UNPACKING pc=0x000001fc398923a3 sp=0x0000001f4fbf1580 mode 2
Event: 24.103 Thread 0x000001fc31f02710 Uncommon trap: trap_request=0xffffff45 fr.pc=0x000001fc4142dfd8 relative=0x00000000000000d8
Event: 24.103 Thread 0x000001fc31f02710 Uncommon trap: reason=unstable_if action=reinterpret pc=0x000001fc4142dfd8 method=java.lang.ref.SoftReference.get()Ljava/lang/Object; @ 17 c2
Event: 24.103 Thread 0x000001fc31f02710 DEOPT PACKING pc=0x000001fc4142dfd8 sp=0x0000001f4fbf17a0
Event: 24.103 Thread 0x000001fc31f02710 DEOPT UNPACKING pc=0x000001fc398923a3 sp=0x0000001f4fbf1758 mode 2
Event: 24.132 Thread 0x000001fc31f02710 Uncommon trap: trap_request=0xffffff45 fr.pc=0x000001fc41449c60 relative=0x0000000000000ca0
Event: 24.132 Thread 0x000001fc31f02710 Uncommon trap: reason=unstable_if action=reinterpret pc=0x000001fc41449c60 method=java.lang.ref.SoftReference.get()Ljava/lang/Object; @ 17 c2
Event: 24.132 Thread 0x000001fc31f02710 DEOPT PACKING pc=0x000001fc41449c60 sp=0x0000001f4fbf2000
Event: 24.132 Thread 0x000001fc31f02710 DEOPT UNPACKING pc=0x000001fc398923a3 sp=0x0000001f4fbf1e08 mode 2
Event: 31.278 Thread 0x000001fc54612630 Uncommon trap: trap_request=0xffffff45 fr.pc=0x000001fc41494d84 relative=0x0000000000000104
Event: 31.278 Thread 0x000001fc54612630 Uncommon trap: reason=unstable_if action=reinterpret pc=0x000001fc41494d84 method=java.util.concurrent.locks.AbstractQueuedSynchronizer.signalNext(Ljava/util/concurrent/locks/AbstractQueuedSynchronizer$Node;)V @ 10 c2
Event: 31.278 Thread 0x000001fc54612630 DEOPT PACKING pc=0x000001fc41494d84 sp=0x0000001f51efec80
Event: 31.278 Thread 0x000001fc54612630 DEOPT UNPACKING pc=0x000001fc398923a3 sp=0x0000001f51efeb78 mode 2
Event: 31.279 Thread 0x000001fc31f02710 DEOPT PACKING pc=0x000001fc3a17a8b1 sp=0x0000001f4fbec340
Event: 31.279 Thread 0x000001fc31f02710 DEOPT UNPACKING pc=0x000001fc39892b43 sp=0x0000001f4fbeb798 mode 3
Event: 61.321 Thread 0x000001fc31f02710 DEOPT PACKING pc=0x000001fc41545278 sp=0x0000001f4fbd34f0
Event: 61.321 Thread 0x000001fc31f02710 DEOPT UNPACKING pc=0x000001fc39892b43 sp=0x0000001f4fbd2718 mode 0

Classes loaded (20 events):
Event: 1.178 Loading class javax/swing/RepaintManager$2$1
Event: 1.178 Loading class javax/swing/RepaintManager$2$1 done
Event: 1.420 Loading class sun/awt/dnd/SunDropTargetEvent
Event: 1.421 Loading class sun/awt/dnd/SunDropTargetEvent done
Event: 1.421 Loading class java/awt/event/FocusEvent
Event: 1.422 Loading class java/awt/event/FocusEvent done
Event: 3.880 Loading class java/util/concurrent/locks/AbstractQueuedSynchronizer$ExclusiveNode
Event: 3.880 Loading class java/util/concurrent/locks/AbstractQueuedSynchronizer$Node
Event: 3.880 Loading class java/util/concurrent/locks/AbstractQueuedSynchronizer$Node done
Event: 3.880 Loading class java/util/concurrent/locks/AbstractQueuedSynchronizer$ExclusiveNode done
Event: 4.699 Loading class java/lang/invoke/MethodHandle$1
Event: 4.699 Loading class java/lang/invoke/MethodHandle$1 done
Event: 13.550 Loading class javax/swing/Icon
Event: 13.551 Loading class javax/swing/Icon done
Event: 54.011 Loading class java/security/DomainCombiner
Event: 54.011 Loading class java/security/DomainCombiner done
Event: 61.319 Loading class java/util/concurrent/locks/AbstractQueuedSynchronizer$ConditionNode
Event: 61.319 Loading class java/util/concurrent/ForkJoinPool$ManagedBlocker
Event: 61.319 Loading class java/util/concurrent/ForkJoinPool$ManagedBlocker done
Event: 61.319 Loading class java/util/concurrent/locks/AbstractQueuedSynchronizer$ConditionNode done

Classes unloaded (0 events):
No events

Classes redefined (0 events):
No events

Internal exceptions (12 events):
Event: 0.125 Thread 0x000001fc31f02710 Exception <a 'java/lang/ClassNotFoundException'{0x00000000a7d0c5b0}: sun/awt/resources/spi/awtProvider> (0x00000000a7d0c5b0) 
thrown [s\open\src\hotspot\share\classfile\systemDictionary.cpp, line 255]
Event: 0.158 Thread 0x000001fc31f02710 Exception <a 'java/io/FileNotFoundException'{0x00000000a7d61758}> (0x00000000a7d61758) 
thrown [s\open\src\hotspot\share\prims\jni.cpp, line 516]
Event: 0.172 Thread 0x000001fc31f02710 Exception <a 'java/io/FileNotFoundException'{0x00000000a7d8e9d0}> (0x00000000a7d8e9d0) 
thrown [s\open\src\hotspot\share\prims\jni.cpp, line 516]
Event: 0.286 Thread 0x000001fc31f02710 Exception <a 'java/lang/NoSuchMethodError'{0x00000000a7dd8e20}: 'java.lang.Object java.lang.invoke.DirectMethodHandle$Holder.invokeStaticInit(java.lang.Object)'> (0x00000000a7dd8e20) 
thrown [s\open\src\hotspot\share\interpreter\linkResolver.cpp, line 766]
Event: 0.574 Thread 0x000001fc31f02710 Exception <a 'java/lang/NoSuchMethodError'{0x00000000a7c37980}: 'void java.lang.invoke.DirectMethodHandle$Holder.invokeSpecial(java.lang.Object, java.lang.Object, java.lang.Object)'> (0x00000000a7c37980) 
thrown [s\open\src\hotspot\share\interpreter\linkResolver.cpp, line 766]
Event: 0.585 Thread 0x000001fc31f02710 Exception <a 'java/lang/NoSuchMethodError'{0x00000000a7c629a0}: 'java.lang.Object java.lang.invoke.DirectMethodHandle$Holder.newInvokeSpecial(java.lang.Object, java.lang.Object, java.lang.Object, java.lang.Object, java.lang.Object)'> (0x00000000a7c629a0) 
thrown [s\open\src\hotspot\share\interpreter\linkResolver.cpp, line 766]
Event: 0.591 Thread 0x000001fc31f02710 Exception <a 'java/lang/NoSuchMethodError'{0x00000000a7c94ab0}: 'java.lang.Object java.lang.invoke.DirectMethodHandle$Holder.invokeStatic(java.lang.Object, int, java.lang.Object)'> (0x00000000a7c94ab0) 
thrown [s\open\src\hotspot\share\interpreter\linkResolver.cpp, line 766]
Event: 0.616 Thread 0x000001fc31f02710 Exception <a 'java/lang/ClassNotFoundException'{0x00000000a7b51dd0}: com/sun/swing/internal/plaf/metal/resources/spi/metalProvider> (0x00000000a7b51dd0) 
thrown [s\open\src\hotspot\share\classfile\systemDictionary.cpp, line 255]
Event: 0.617 Thread 0x000001fc31f02710 Exception <a 'java/lang/ClassNotFoundException'{0x00000000a7b55e88}: com/sun/swing/internal/plaf/basic/resources/spi/basicProvider> (0x00000000a7b55e88) 
thrown [s\open\src\hotspot\share\classfile\systemDictionary.cpp, line 255]
Event: 0.632 Thread 0x000001fc31f02710 Exception <a 'java/lang/NoSuchMethodError'{0x00000000a7b76cf8}: 'int java.lang.invoke.Invokers$Holder.invokeExact_MT(java.lang.Object, java.lang.Object)'> (0x00000000a7b76cf8) 
thrown [s\open\src\hotspot\share\interpreter\linkResolver.cpp, line 766]
Event: 0.837 Thread 0x000001fc53f31a80 Exception <a 'java/lang/NoSuchMethodError'{0x00000000a7dfbc38}: 'void java.lang.invoke.DirectMethodHandle$Holder.invokeVirtual(java.lang.Object, java.lang.Object)'> (0x00000000a7dfbc38) 
thrown [s\open\src\hotspot\share\interpreter\linkResolver.cpp, line 766]
Event: 0.879 Thread 0x000001fc31f02710 Exception <a 'java/lang/NoSuchMethodError'{0x00000000a7bcfc48}: 'void java.lang.invoke.DirectMethodHandle$Holder.invokeStaticInit(java.lang.Object)'> (0x00000000a7bcfc48) 
thrown [s\open\src\hotspot\share\interpreter\linkResolver.cpp, line 766]

VM Operations (20 events):
Event: 46.687 Executing VM operation: Cleanup
Event: 46.687 Executing VM operation: Cleanup done
Event: 47.687 Executing VM operation: Cleanup
Event: 47.687 Executing VM operation: Cleanup done
Event: 48.688 Executing VM operation: Cleanup
Event: 48.688 Executing VM operation: Cleanup done
Event: 49.688 Executing VM operation: Cleanup
Event: 49.688 Executing VM operation: Cleanup done
Event: 50.689 Executing VM operation: Cleanup
Event: 50.689 Executing VM operation: Cleanup done
Event: 55.704 Executing VM operation: Cleanup
Event: 55.704 Executing VM operation: Cleanup done
Event: 56.705 Executing VM operation: Cleanup
Event: 56.705 Executing VM operation: Cleanup done
Event: 59.708 Executing VM operation: Cleanup
Event: 59.708 Executing VM operation: Cleanup done
Event: 60.708 Executing VM operation: Cleanup
Event: 60.708 Executing VM operation: Cleanup done
Event: 61.320 Executing VM operation: HandshakeAllThreads
Event: 61.320 Executing VM operation: HandshakeAllThreads done

Events (20 events):
Event: 31.349 Thread 0x000001fc53ed7e60 Thread added: 0x000001fc53ed7e60
Event: 31.349 Thread 0x000001fc5467e490 Thread added: 0x000001fc5467e490
Event: 31.349 Thread 0x000001fc53fd4120 Thread added: 0x000001fc53fd4120
Event: 31.932 Thread 0x000001fc53fd4120 Thread exited: 0x000001fc53fd4120
Event: 31.996 Thread 0x000001fc53ed7e60 Thread exited: 0x000001fc53ed7e60
Event: 31.996 Thread 0x000001fc5467e490 Thread exited: 0x000001fc5467e490
Event: 32.790 Thread 0x000001fc5490f550 Thread added: 0x000001fc5490f550
Event: 33.191 Thread 0x000001fc5490f550 Thread exited: 0x000001fc5490f550
Event: 36.148 Thread 0x000001fc54bca7f0 Thread added: 0x000001fc54bca7f0
Event: 36.148 Thread 0x000001fc5a33be30 Thread added: 0x000001fc5a33be30
Event: 36.148 Thread 0x000001fc5a33c330 Thread added: 0x000001fc5a33c330
Event: 36.877 Thread 0x000001fc5a33c330 Thread exited: 0x000001fc5a33c330
Event: 36.877 Thread 0x000001fc5a33be30 Thread exited: 0x000001fc5a33be30
Event: 36.921 Thread 0x000001fc54bca7f0 Thread exited: 0x000001fc54bca7f0
Event: 46.397 Thread 0x000001fc59f1df90 Thread added: 0x000001fc59f1df90
Event: 46.397 Thread 0x000001fc5a473c90 Thread added: 0x000001fc5a473c90
Event: 46.397 Thread 0x000001fc53e57700 Thread added: 0x000001fc53e57700
Event: 47.059 Thread 0x000001fc53e57700 Thread exited: 0x000001fc53e57700
Event: 47.152 Thread 0x000001fc5a473c90 Thread exited: 0x000001fc5a473c90
Event: 47.716 Thread 0x000001fc59f1df90 Thread exited: 0x000001fc59f1df90


Dynamic libraries:
0x00007ff78bed0000 - 0x00007ff78bee0000 	C:\Program Files\Java\jdk-18.0.1\bin\java.exe
0x00007fff9ee00000 - 0x00007fff9f009000 	C:\Windows\SYSTEM32\ntdll.dll
0x00007fff9d950000 - 0x00007fff9da0d000 	C:\Windows\System32\KERNEL32.DLL
0x00007fff9c2f0000 - 0x00007fff9c669000 	C:\Windows\System32\KERNELBASE.dll
0x00007fff9c730000 - 0x00007fff9c841000 	C:\Windows\System32\ucrtbase.dll
0x00007fff83900000 - 0x00007fff8391a000 	C:\Program Files\Java\jdk-18.0.1\bin\VCRUNTIME140.dll
0x00007fff83680000 - 0x00007fff83698000 	C:\Program Files\Java\jdk-18.0.1\bin\jli.dll
0x00007fff9ed10000 - 0x00007fff9edbe000 	C:\Windows\System32\ADVAPI32.dll
0x00007fff9e3e0000 - 0x00007fff9e483000 	C:\Windows\System32\msvcrt.dll
0x00007fff9cca0000 - 0x00007fff9cd3e000 	C:\Windows\System32\sechost.dll
0x00007fff9d340000 - 0x00007fff9d460000 	C:\Windows\System32\RPCRT4.dll
0x00007fff9e720000 - 0x00007fff9e8cc000 	C:\Windows\System32\USER32.dll
0x00007fff9c8f0000 - 0x00007fff9c916000 	C:\Windows\System32\win32u.dll
0x00007fff9d460000 - 0x00007fff9d489000 	C:\Windows\System32\GDI32.dll
0x00007fff8a020000 - 0x00007fff8a2c5000 	C:\Windows\WinSxS\amd64_microsoft.windows.common-controls_6595b64144ccf1df_6.0.22000.120_none_9d947278b86cc467\COMCTL32.dll
0x00007fff9ca90000 - 0x00007fff9cba2000 	C:\Windows\System32\gdi32full.dll
0x00007fff9c850000 - 0x00007fff9c8ed000 	C:\Windows\System32\msvcp_win.dll
0x00007fff92ca0000 - 0x00007fff92caa000 	C:\Windows\SYSTEM32\VERSION.dll
0x00007fff9cd60000 - 0x00007fff9cd91000 	C:\Windows\System32\IMM32.DLL
0x00007fff992b0000 - 0x00007fff992bc000 	C:\Program Files\Java\jdk-18.0.1\bin\vcruntime140_1.dll
0x00007fff6c9c0000 - 0x00007fff6ca4d000 	C:\Program Files\Java\jdk-18.0.1\bin\msvcp140.dll
0x00007ffefc930000 - 0x00007ffefd540000 	C:\Program Files\Java\jdk-18.0.1\bin\server\jvm.dll
0x00007fff9d210000 - 0x00007fff9d218000 	C:\Windows\System32\PSAPI.DLL
0x00007fff8ab50000 - 0x00007fff8ab59000 	C:\Windows\SYSTEM32\WSOCK32.dll
0x00007fff971a0000 - 0x00007fff971d3000 	C:\Windows\SYSTEM32\WINMM.dll
0x00007fff9e990000 - 0x00007fff9e9ff000 	C:\Windows\System32\WS2_32.dll
0x00007fff9b3c0000 - 0x00007fff9b3d8000 	C:\Windows\SYSTEM32\kernel.appcore.dll
0x00007fff94ac0000 - 0x00007fff94aca000 	C:\Program Files\Java\jdk-18.0.1\bin\jimage.dll
0x00007fff99ea0000 - 0x00007fff9a0c1000 	C:\Windows\SYSTEM32\DBGHELP.DLL
0x00007fff95150000 - 0x00007fff95181000 	C:\Windows\SYSTEM32\dbgcore.DLL
0x00007fff9cc20000 - 0x00007fff9cc9f000 	C:\Windows\System32\bcryptPrimitives.dll
0x00007fff83640000 - 0x00007fff83665000 	C:\Program Files\Java\jdk-18.0.1\bin\java.dll
0x00007fff4a790000 - 0x00007fff4a866000 	C:\Program Files\Java\jdk-18.0.1\bin\jsvml.dll
0x00007fff9da10000 - 0x00007fff9e1bf000 	C:\Windows\System32\SHELL32.dll
0x00007fff9a3e0000 - 0x00007fff9ac48000 	C:\Windows\SYSTEM32\windows.storage.dll
0x00007fff9d490000 - 0x00007fff9d808000 	C:\Windows\System32\combase.dll
0x00007fff9a270000 - 0x00007fff9a3d6000 	C:\Windows\SYSTEM32\wintypes.dll
0x00007fff9e490000 - 0x00007fff9e57a000 	C:\Windows\System32\SHCORE.dll
0x00007fff9e930000 - 0x00007fff9e98d000 	C:\Windows\System32\shlwapi.dll
0x00007fff9c220000 - 0x00007fff9c241000 	C:\Windows\SYSTEM32\profapi.dll
0x00007fff838e0000 - 0x00007fff838f3000 	C:\Program Files\Java\jdk-18.0.1\bin\net.dll
0x00007fff96ef0000 - 0x00007fff96ffc000 	C:\Windows\SYSTEM32\WINHTTP.dll
0x00007fff9b890000 - 0x00007fff9b8f7000 	C:\Windows\system32\mswsock.dll
0x00007fff80560000 - 0x00007fff80576000 	C:\Program Files\Java\jdk-18.0.1\bin\nio.dll
0x00007fff80510000 - 0x00007fff80528000 	C:\Program Files\Java\jdk-18.0.1\bin\zip.dll
0x00007fff3b470000 - 0x00007fff3b5ff000 	C:\Program Files\Java\jdk-18.0.1\bin\awt.dll
0x00007fff9ea00000 - 0x00007fff9ead6000 	C:\Windows\System32\OLEAUT32.dll
0x00007fff991d0000 - 0x00007fff99261000 	C:\Windows\SYSTEM32\apphelp.dll
0x00007fff999f0000 - 0x00007fff99a1f000 	C:\Windows\system32\DWMAPI.DLL
0x00007fff99490000 - 0x00007fff9953c000 	C:\Windows\system32\uxtheme.dll
0x00007fff5a990000 - 0x00007fff5aa91000 	C:\Windows\system32\opengl32.dll
0x00007fff5a400000 - 0x00007fff5a42d000 	C:\Windows\SYSTEM32\GLU32.dll
0x00007fff995b0000 - 0x00007fff995e8000 	C:\Windows\SYSTEM32\dxcore.dll
0x00007fff9d220000 - 0x00007fff9d33e000 	C:\Windows\System32\MSCTF.dll
0x00007fff9e580000 - 0x00007fff9e71a000 	C:\Windows\System32\ole32.dll
0x00007fff62c20000 - 0x00007fff62dc6000 	C:\Windows\system32\d3d9.dll
0x00007fff91c50000 - 0x00007fff91e08000 	C:\Windows\System32\DriverStore\FileRepository\u0374599.inf_amd64_aba9a4d013a9d4c8\B374495\aticfx64.dll
0x00007fff80320000 - 0x00007fff80354000 	C:\Windows\System32\DriverStore\FileRepository\u0374599.inf_amd64_aba9a4d013a9d4c8\B374495\atiu9p64.dll
0x00007fff1ad10000 - 0x00007fff1ba64000 	C:\Windows\System32\DriverStore\FileRepository\u0374599.inf_amd64_aba9a4d013a9d4c8\B374495\atiumd64.dll
0x0000000063bf0000 - 0x0000000064a65000 	C:\Windows\System32\DriverStore\FileRepository\u0374599.inf_amd64_aba9a4d013a9d4c8\B374495\atiumd6a.dll
0x00007fff9cda0000 - 0x00007fff9d20c000 	C:\Windows\System32\SETUPAPI.dll
0x00007fff9bda0000 - 0x00007fff9bded000 	C:\Windows\SYSTEM32\POWRPROF.dll
0x00007fff9bc90000 - 0x00007fff9bca3000 	C:\Windows\SYSTEM32\UMPDC.dll
0x00007fff8fae0000 - 0x00007fff8fb10000 	C:\Windows\SYSTEM32\amdihk64.dll
0x00007fff97000000 - 0x00007fff97044000 	C:\Windows\SYSTEM32\directxdatabasehelper.dll
0x00007fff9b050000 - 0x00007fff9b084000 	C:\Windows\SYSTEM32\ntmarta.dll
0x00007fff5a120000 - 0x00007fff5a1a9000 	C:\Program Files\Java\jdk-18.0.1\bin\freetype.dll
0x00007fff4a360000 - 0x00007fff4a408000 	C:\Program Files\Java\jdk-18.0.1\bin\fontmanager.dll
0x00007fff9d890000 - 0x00007fff9d93f000 	C:\Windows\System32\clbcatq.dll
0x00007fff94eb0000 - 0x00007fff9505e000 	C:\Windows\SYSTEM32\WindowsCodecs.dll
0x00007fff779b0000 - 0x00007fff77a0d000 	C:\Windows\system32\dataexchange.dll
0x00007fff928e0000 - 0x00007fff92b46000 	C:\Windows\system32\twinapi.appcore.dll

dbghelp: loaded successfully - version: 4.0.5 - missing functions: none
symbol engine: initialized successfully - sym options: 0x614 - pdb path: .;C:\Program Files\Java\jdk-18.0.1\bin;C:\Windows\SYSTEM32;C:\Windows\WinSxS\amd64_microsoft.windows.common-controls_6595b64144ccf1df_6.0.22000.120_none_9d947278b86cc467;C:\Program Files\Java\jdk-18.0.1\bin\server;C:\Windows\System32\DriverStore\FileRepository\u0374599.inf_amd64_aba9a4d013a9d4c8\B374495

VM Arguments:
java_command: App
java_class_path (initial): C:\Estudo\Programacao_Desktop\RapTasks\target\classes;C:\Users\gabri\.m2\repository\org\netbeans\external\AbsoluteLayout\RELEASE126\AbsoluteLayout-RELEASE126.jar;C:\Users\gabri\.m2\repository\org\postgresql\postgresql\42.3.6\postgresql-42.3.6.jar;C:\Users\gabri\.m2\repository\org\checkerframework\checker-qual\3.5.0\checker-qual-3.5.0.jar;C:\Users\gabri\.m2\repository\com\password4j\password4j\1.5.4\password4j-1.5.4.jar;C:\Users\gabri\.m2\repository\org\apache\commons\commons-lang3\3.12.0\commons-lang3-3.12.0.jar;C:\Users\gabri\.m2\repository\org\slf4j\slf4j-api\1.7.36\slf4j-api-1.7.36.jar;C:\Users\gabri\.m2\repository\org\slf4j\slf4j-simple\1.7.36\slf4j-simple-1.7.36.jar
Launcher Type: SUN_STANDARD

[Global flags]
     intx CICompilerCount                          = 12                                        {product} {ergonomic}
     uint ConcGCThreads                            = 3                                         {product} {ergonomic}
     uint G1ConcRefinementThreads                  = 13                                        {product} {ergonomic}
   size_t G1HeapRegionSize                         = 1048576                                   {product} {ergonomic}
    uintx GCDrainStackTargetSize                   = 64                                        {product} {ergonomic}
   size_t InitialHeapSize                          = 98566144                                  {product} {ergonomic}
   size_t MarkStackSize                            = 4194304                                   {product} {ergonomic}
   size_t MaxHeapSize                              = 1574961152                                {product} {ergonomic}
   size_t MaxNewSize                               = 944766976                                 {product} {ergonomic}
   size_t MinHeapDeltaBytes                        = 1048576                                   {product} {ergonomic}
   size_t MinHeapSize                              = 8388608                                   {product} {ergonomic}
    uintx NonNMethodCodeHeapSize                   = 7602480                                {pd product} {ergonomic}
    uintx NonProfiledCodeHeapSize                  = 122027880                              {pd product} {ergonomic}
    uintx ProfiledCodeHeapSize                     = 122027880                              {pd product} {ergonomic}
    uintx ReservedCodeCacheSize                    = 251658240                              {pd product} {ergonomic}
     bool SegmentedCodeCache                       = true                                      {product} {ergonomic}
   size_t SoftMaxHeapSize                          = 1574961152                             {manageable} {ergonomic}
     bool UseCompressedClassPointers               = true                           {product lp64_product} {ergonomic}
     bool UseCompressedOops                        = true                           {product lp64_product} {ergonomic}
     bool UseG1GC                                  = true                                      {product} {ergonomic}
     bool UseLargePagesIndividualAllocation        = false                                  {pd product} {ergonomic}

Logging:
Log output configuration:
 #0: stdout all=warning uptime,level,tags foldmultilines=false
 #1: stderr all=off uptime,level,tags foldmultilines=false

Environment Variables:
JAVA_HOME=C:\Program Files\Java\jdk-18.0.1
PATH=C:\Program Files\Common Files\Oracle\Java\javapath;C:\Program Files (x86)\Common Files\Oracle\Java\javapath;C:\Program Files\Microsoft\jdk-11.0.12.7-hotspot\bin;C:\Windows\system32;C:\Windows;C:\Windows\System32\Wbem;C:\Windows\System32\WindowsPowerShell\v1.0\;C:\Windows\System32\OpenSSH\;C:\Users\gabri\AppData\Roaming\nvm;C:\Program Files\nodejs;C:\Program Files\Git\cmd;C:\Program Files\Microsoft SQL Server\150\Tools\Binn\;C:\Program Files\Microsoft SQL Server\Client SDK\ODBC\170\Tools\Binn\;C:\Program Files\dotnet\;C:\xampp\php\;C:\Program Files (x86)\Bitvise SSH Client;C:\ProgramData\chocolatey\bin;C:\Users\gabri\.cargo\bin;C:\Users\gabri\AppData\Local\Programs\Python\Python310\Scripts\;C:\Users\gabri\AppData\Local\Programs\Python\Python310\;C:\Users\gabri\AppData\Local\Microsoft\WindowsApps;C:\Users\gabri\AppData\Local\Programs\Microsoft VS Code\bin;C:\Users\gabri\AppData\Roaming\nvm;C:\Program Files\nodejs;C:\Users\gabri\.dotnet\tools;C:\Program Files\JetBrains\IntelliJ IDEA Community Edition 2022.1\bin;
USERNAME=gabri
OS=Windows_NT
PROCESSOR_IDENTIFIER=AMD64 Family 23 Model 104 Stepping 1, AuthenticAMD



---------------  S Y S T E M  ---------------

OS:
 Windows 11 , 64 bit Build 22000 (10.0.22000.675)
OS uptime: 6 days 15:53 hours
Hyper-V role detected

CPU: total 16 (initial active 16) (16 cores per cpu, 2 threads per core) family 23 model 104 stepping 1 microcode 0x0, cx8, cmov, fxsr, ht, mmx, 3dnowpref, sse, sse2, sse3, ssse3, sse4a, sse4.1, sse4.2, popcnt, lzcnt, tsc, tscinvbit, avx, avx2, aes, clmul, bmi1, bmi2, adx, sha, fma, vzeroupper, clflush, clflushopt, hv

Memory: 4k page, system-wide physical 6005M (453M free)
TotalPageFile size 24437M (AvailPageFile size 0M)
current process WorkingSet (physical memory assigned to process): 103M, peak: 129M
current process commit charge ("private bytes"): 237M, peak: 248M

vm_info: Java HotSpot(TM) 64-Bit Server VM (18.0.1+10-24) for windows-amd64 JRE (18.0.1+10-24), built on Mar  9 2022 22:41:56 by "mach5one" with MS VC++ 16.8 / 16.9 (VS2019)

END.
