#
# There is insufficient memory for the Java Runtime Environment to continue.
# Native memory allocation (malloc) failed to allocate 32744 bytes for Chunk::new
# Possible reasons:
#   The system is out of physical RAM or swap space
#   The process is running with CompressedOops enabled, and the Java Heap may be blocking the growth of the native heap
# Possible solutions:
#   Reduce memory load on the system
#   Increase physical memory or swap space
#   Check if swap backing store is full
#   Decrease Java heap size (-Xmx/-Xms)
#   Decrease number of Java threads
#   Decrease Java thread stack sizes (-Xss)
#   Set larger code cache with -XX:ReservedCodeCacheSize=
#   JVM is running with Unscaled Compressed Oops mode in which the Java heap is
#     placed in the first 4GB address space. The Java Heap base address is the
#     maximum limit for the native heap growth. Please use -XX:HeapBaseMinAddress
#     to set the Java Heap base and to place the Java Heap above 4GB virtual address.
# This output file may be truncated or incomplete.
#
#  Out of Memory Error (arena.cpp:184), pid=37412, tid=86272
#
# JRE version: Java(TM) SE Runtime Environment (18.0.1+10) (build 18.0.1+10-24)
# Java VM: Java HotSpot(TM) 64-Bit Server VM (18.0.1+10-24, mixed mode, sharing, tiered, compressed oops, compressed class ptrs, g1 gc, windows-amd64)
# No core dump will be written. Minidumps are not enabled by default on client versions of Windows
#

---------------  S U M M A R Y ------------

Command Line: -Dclassworlds.conf=C:\Program Files\NetBeans-12.6\netbeans\java\maven\bin\..\bin\m2.conf -Dmaven.home=C:\Program Files\NetBeans-12.6\netbeans\java\maven\bin\.. -Dlibrary.jansi.path=C:\Program Files\NetBeans-12.6\netbeans\java\maven\bin\..\lib\jansi-native -Dmaven.multiModuleProjectDirectory=C:\Estudo\Programacao_Desktop\RapTasks org.codehaus.plexus.classworlds.launcher.Launcher -Dexec.vmArgs= -Dexec.args=${exec.vmArgs} -classpath %classpath ${exec.mainClass} ${exec.appArgs} -Dexec.appArgs= -Dexec.mainClass=App -Dexec.executable=C:\Program Files\Java\jdk-18.0.1\bin\java.exe -Dmaven.ext.class.path=C:\Program Files\NetBeans-12.6\netbeans\java\maven-nblib\netbeans-eventspy.jar org.codehaus.mojo:exec-maven-plugin:3.0.0:exec

Host: AMD Ryzen 7 5700U with Radeon Graphics         , 16 cores, 5G,  Windows 11 , 64 bit Build 22000 (10.0.22000.675)
Time: Mon Jun 13 12:28:24 2022 Hora oficial do Brasil elapsed time: 2.821661 seconds (0d 0h 0m 2s)

---------------  T H R E A D  ---------------

Current thread (0x0000025b039efe90):  JavaThread "C2 CompilerThread0" daemon [_thread_in_native, id=86272, stack(0x000000a0b6a00000,0x000000a0b6b00000)]


Current CompileTask:
C2:   2821  706  s!   4       jdk.internal.loader.URLClassPath::getLoader (194 bytes)

Stack: [0x000000a0b6a00000,0x000000a0b6b00000]
Native frames: (J=compiled Java code, j=interpreted, Vv=VM code, C=native code)
V  [jvm.dll+0x69887a]
V  [jvm.dll+0x7f38bd]
V  [jvm.dll+0x7f51ce]
V  [jvm.dll+0x7f5883]
V  [jvm.dll+0x25ca3f]
V  [jvm.dll+0xb8c2f]
V  [jvm.dll+0xb8fa5]
V  [jvm.dll+0x625770]
V  [jvm.dll+0x625906]
V  [jvm.dll+0x625906]
V  [jvm.dll+0x62b707]
V  [jvm.dll+0x62c662]
V  [jvm.dll+0x62aae4]
V  [jvm.dll+0x22fa98]
V  [jvm.dll+0x22eff1]
V  [jvm.dll+0x1b9cfc]
V  [jvm.dll+0x23e8ca]
V  [jvm.dll+0x23cbb5]
V  [jvm.dll+0x7a5fb1]
V  [jvm.dll+0x7a03ea]
V  [jvm.dll+0x697725]
C  [ucrtbase.dll+0x26c0c]
C  [KERNEL32.DLL+0x154e0]
C  [ntdll.dll+0x485b]


---------------  P R O C E S S  ---------------

Threads class SMR info:
_java_thread_list=0x0000025b07c67ac0, length=12, elements={
0x0000025b660c69c0, 0x0000025b039cb6e0, 0x0000025b039cc250, 0x0000025b039e7380,
0x0000025b039e7c30, 0x0000025b039e84e0, 0x0000025b039e8d90, 0x0000025b039efe90,
0x0000025b039f8790, 0x0000025b039fb090, 0x0000025b07c91a50, 0x0000025b07c94340
}

Java Threads: ( => current thread )
  0x0000025b660c69c0 JavaThread "main" [_thread_in_vm, id=78920, stack(0x000000a0b5d00000,0x000000a0b5e00000)]
  0x0000025b039cb6e0 JavaThread "Reference Handler" daemon [_thread_blocked, id=79804, stack(0x000000a0b6400000,0x000000a0b6500000)]
  0x0000025b039cc250 JavaThread "Finalizer" daemon [_thread_blocked, id=78764, stack(0x000000a0b6500000,0x000000a0b6600000)]
  0x0000025b039e7380 JavaThread "Signal Dispatcher" daemon [_thread_blocked, id=83404, stack(0x000000a0b6600000,0x000000a0b6700000)]
  0x0000025b039e7c30 JavaThread "Attach Listener" daemon [_thread_blocked, id=86736, stack(0x000000a0b6700000,0x000000a0b6800000)]
  0x0000025b039e84e0 JavaThread "Service Thread" daemon [_thread_blocked, id=84484, stack(0x000000a0b6800000,0x000000a0b6900000)]
  0x0000025b039e8d90 JavaThread "Monitor Deflation Thread" daemon [_thread_blocked, id=87436, stack(0x000000a0b6900000,0x000000a0b6a00000)]
=>0x0000025b039efe90 JavaThread "C2 CompilerThread0" daemon [_thread_in_native, id=86272, stack(0x000000a0b6a00000,0x000000a0b6b00000)]
  0x0000025b039f8790 JavaThread "C1 CompilerThread0" daemon [_thread_in_native, id=73808, stack(0x000000a0b6b00000,0x000000a0b6c00000)]
  0x0000025b039fb090 JavaThread "Sweeper thread" daemon [_thread_blocked, id=87892, stack(0x000000a0b6c00000,0x000000a0b6d00000)]
  0x0000025b07c91a50 JavaThread "Notification Thread" daemon [_thread_blocked, id=81068, stack(0x000000a0b6d00000,0x000000a0b6e00000)]
  0x0000025b07c94340 JavaThread "Common-Cleaner" daemon [_thread_blocked, id=85744, stack(0x000000a0b6f00000,0x000000a0b7000000)]

Other Threads:
  0x0000025b039c6e00 VMThread "VM Thread" [stack: 0x000000a0b6300000,0x000000a0b6400000] [id=80160]
  0x0000025b07c93f20 WatcherThread "VM Periodic Task Thread" [stack: 0x000000a0b6e00000,0x000000a0b6f00000] [id=79196]
  0x0000025b66116960 WorkerThread "GC Thread#0" [stack: 0x000000a0b5e00000,0x000000a0b5f00000] [id=60644]
  0x0000025b66124b10 ConcurrentGCThread "G1 Main Marker" [stack: 0x000000a0b5f00000,0x000000a0b6000000] [id=83668]
  0x0000025b66125410 WorkerThread "G1 Conc#0" [stack: 0x000000a0b6000000,0x000000a0b6100000] [id=86080]
  0x0000025b66180120 ConcurrentGCThread "G1 Refine#0" [stack: 0x000000a0b6100000,0x000000a0b6200000] [id=84532]
  0x0000025b66180940 ConcurrentGCThread "G1 Service" [stack: 0x000000a0b6200000,0x000000a0b6300000] [id=84924]

Threads with active compile tasks:
C2 CompilerThread0     3210  706  s!   4       jdk.internal.loader.URLClassPath::getLoader (194 bytes)
C1 CompilerThread0     3210  790       3       java.lang.ClassLoader::definePackage (85 bytes)

VM state: not at safepoint (normal execution)

VM Mutex/Monitor currently owned by a thread: None

Heap address: 0x00000000a2200000, size: 1502 MB, Compressed Oops mode: 32-bit

CDS archive(s) mapped at: [0x0000000800000000-0x0000000800ba0000-0x0000000800ba0000), size 12189696, SharedBaseAddress: 0x0000000800000000, ArchiveRelocationMode: 0.
Compressed class space mapped at: 0x0000000800c00000-0x0000000840c00000, reserved size: 1073741824
Narrow klass base: 0x0000000800000000, Narrow klass shift: 0, Narrow klass range: 0x100000000

GC Precious Log:
 CardTable entry size: 512
 Card Set container configuration: InlinePtr #cards 5 size 8 Array Of Cards #cards 12 size 40 Howl #buckets 4 coarsen threshold 1843 Howl Bitmap #cards 512 size 80 coarsen threshold 460 Card regions per heap region 1 cards per card region 2048
 CPUs: 16 total, 16 available
 Memory: 6005M
 Large Page Support: Disabled
 NUMA Support: Disabled
 Compressed Oops: Enabled (32-bit)
 Heap Region Size: 1M
 Heap Min Capacity: 8M
 Heap Initial Capacity: 94M
 Heap Max Capacity: 1502M
 Pre-touch: Disabled
 Parallel Workers: 13
 Concurrent Workers: 3
 Concurrent Refinement Workers: 13
 Periodic GC: Disabled

Heap:
 garbage-first heap   total 96256K, used 9216K [0x00000000a2200000, 0x0000000100000000)
  region size 1024K, 11 young (11264K), 0 survivors (0K)
 Metaspace       used 2982K, committed 3136K, reserved 1114112K
  class space    used 284K, committed 384K, reserved 1048576K

Heap Regions: E=young(eden), S=young(survivor), O=old, HS=humongous(starts), HC=humongous(continues), CS=collection set, F=free, OA=open archive, CA=closed archive, TAMS=top-at-mark-start (previous, next)
|   0|0x00000000a2200000, 0x00000000a2200000, 0x00000000a2300000|  0%| F|  |TAMS 0x00000000a2200000, 0x00000000a2200000| Untracked 
|   1|0x00000000a2300000, 0x00000000a2300000, 0x00000000a2400000|  0%| F|  |TAMS 0x00000000a2300000, 0x00000000a2300000| Untracked 
|   2|0x00000000a2400000, 0x00000000a2400000, 0x00000000a2500000|  0%| F|  |TAMS 0x00000000a2400000, 0x00000000a2400000| Untracked 
|   3|0x00000000a2500000, 0x00000000a2500000, 0x00000000a2600000|  0%| F|  |TAMS 0x00000000a2500000, 0x00000000a2500000| Untracked 
|   4|0x00000000a2600000, 0x00000000a2600000, 0x00000000a2700000|  0%| F|  |TAMS 0x00000000a2600000, 0x00000000a2600000| Untracked 
|   5|0x00000000a2700000, 0x00000000a2700000, 0x00000000a2800000|  0%| F|  |TAMS 0x00000000a2700000, 0x00000000a2700000| Untracked 
|   6|0x00000000a2800000, 0x00000000a2800000, 0x00000000a2900000|  0%| F|  |TAMS 0x00000000a2800000, 0x00000000a2800000| Untracked 
|   7|0x00000000a2900000, 0x00000000a2900000, 0x00000000a2a00000|  0%| F|  |TAMS 0x00000000a2900000, 0x00000000a2900000| Untracked 
|   8|0x00000000a2a00000, 0x00000000a2a00000, 0x00000000a2b00000|  0%| F|  |TAMS 0x00000000a2a00000, 0x00000000a2a00000| Untracked 
|   9|0x00000000a2b00000, 0x00000000a2b00000, 0x00000000a2c00000|  0%| F|  |TAMS 0x00000000a2b00000, 0x00000000a2b00000| Untracked 
|  10|0x00000000a2c00000, 0x00000000a2c00000, 0x00000000a2d00000|  0%| F|  |TAMS 0x00000000a2c00000, 0x00000000a2c00000| Untracked 
|  11|0x00000000a2d00000, 0x00000000a2d00000, 0x00000000a2e00000|  0%| F|  |TAMS 0x00000000a2d00000, 0x00000000a2d00000| Untracked 
|  12|0x00000000a2e00000, 0x00000000a2e00000, 0x00000000a2f00000|  0%| F|  |TAMS 0x00000000a2e00000, 0x00000000a2e00000| Untracked 
|  13|0x00000000a2f00000, 0x00000000a2f00000, 0x00000000a3000000|  0%| F|  |TAMS 0x00000000a2f00000, 0x00000000a2f00000| Untracked 
|  14|0x00000000a3000000, 0x00000000a3000000, 0x00000000a3100000|  0%| F|  |TAMS 0x00000000a3000000, 0x00000000a3000000| Untracked 
|  15|0x00000000a3100000, 0x00000000a3100000, 0x00000000a3200000|  0%| F|  |TAMS 0x00000000a3100000, 0x00000000a3100000| Untracked 
|  16|0x00000000a3200000, 0x00000000a3200000, 0x00000000a3300000|  0%| F|  |TAMS 0x00000000a3200000, 0x00000000a3200000| Untracked 
|  17|0x00000000a3300000, 0x00000000a3300000, 0x00000000a3400000|  0%| F|  |TAMS 0x00000000a3300000, 0x00000000a3300000| Untracked 
|  18|0x00000000a3400000, 0x00000000a3400000, 0x00000000a3500000|  0%| F|  |TAMS 0x00000000a3400000, 0x00000000a3400000| Untracked 
|  19|0x00000000a3500000, 0x00000000a3500000, 0x00000000a3600000|  0%| F|  |TAMS 0x00000000a3500000, 0x00000000a3500000| Untracked 
|  20|0x00000000a3600000, 0x00000000a3600000, 0x00000000a3700000|  0%| F|  |TAMS 0x00000000a3600000, 0x00000000a3600000| Untracked 
|  21|0x00000000a3700000, 0x00000000a3700000, 0x00000000a3800000|  0%| F|  |TAMS 0x00000000a3700000, 0x00000000a3700000| Untracked 
|  22|0x00000000a3800000, 0x00000000a3800000, 0x00000000a3900000|  0%| F|  |TAMS 0x00000000a3800000, 0x00000000a3800000| Untracked 
|  23|0x00000000a3900000, 0x00000000a3900000, 0x00000000a3a00000|  0%| F|  |TAMS 0x00000000a3900000, 0x00000000a3900000| Untracked 
|  24|0x00000000a3a00000, 0x00000000a3a00000, 0x00000000a3b00000|  0%| F|  |TAMS 0x00000000a3a00000, 0x00000000a3a00000| Untracked 
|  25|0x00000000a3b00000, 0x00000000a3b00000, 0x00000000a3c00000|  0%| F|  |TAMS 0x00000000a3b00000, 0x00000000a3b00000| Untracked 
|  26|0x00000000a3c00000, 0x00000000a3c00000, 0x00000000a3d00000|  0%| F|  |TAMS 0x00000000a3c00000, 0x00000000a3c00000| Untracked 
|  27|0x00000000a3d00000, 0x00000000a3d00000, 0x00000000a3e00000|  0%| F|  |TAMS 0x00000000a3d00000, 0x00000000a3d00000| Untracked 
|  28|0x00000000a3e00000, 0x00000000a3e00000, 0x00000000a3f00000|  0%| F|  |TAMS 0x00000000a3e00000, 0x00000000a3e00000| Untracked 
|  29|0x00000000a3f00000, 0x00000000a3f00000, 0x00000000a4000000|  0%| F|  |TAMS 0x00000000a3f00000, 0x00000000a3f00000| Untracked 
|  30|0x00000000a4000000, 0x00000000a4000000, 0x00000000a4100000|  0%| F|  |TAMS 0x00000000a4000000, 0x00000000a4000000| Untracked 
|  31|0x00000000a4100000, 0x00000000a4100000, 0x00000000a4200000|  0%| F|  |TAMS 0x00000000a4100000, 0x00000000a4100000| Untracked 
|  32|0x00000000a4200000, 0x00000000a4200000, 0x00000000a4300000|  0%| F|  |TAMS 0x00000000a4200000, 0x00000000a4200000| Untracked 
|  33|0x00000000a4300000, 0x00000000a4300000, 0x00000000a4400000|  0%| F|  |TAMS 0x00000000a4300000, 0x00000000a4300000| Untracked 
|  34|0x00000000a4400000, 0x00000000a4400000, 0x00000000a4500000|  0%| F|  |TAMS 0x00000000a4400000, 0x00000000a4400000| Untracked 
|  35|0x00000000a4500000, 0x00000000a4500000, 0x00000000a4600000|  0%| F|  |TAMS 0x00000000a4500000, 0x00000000a4500000| Untracked 
|  36|0x00000000a4600000, 0x00000000a4600000, 0x00000000a4700000|  0%| F|  |TAMS 0x00000000a4600000, 0x00000000a4600000| Untracked 
|  37|0x00000000a4700000, 0x00000000a4700000, 0x00000000a4800000|  0%| F|  |TAMS 0x00000000a4700000, 0x00000000a4700000| Untracked 
|  38|0x00000000a4800000, 0x00000000a4800000, 0x00000000a4900000|  0%| F|  |TAMS 0x00000000a4800000, 0x00000000a4800000| Untracked 
|  39|0x00000000a4900000, 0x00000000a4900000, 0x00000000a4a00000|  0%| F|  |TAMS 0x00000000a4900000, 0x00000000a4900000| Untracked 
|  40|0x00000000a4a00000, 0x00000000a4a00000, 0x00000000a4b00000|  0%| F|  |TAMS 0x00000000a4a00000, 0x00000000a4a00000| Untracked 
|  41|0x00000000a4b00000, 0x00000000a4b00000, 0x00000000a4c00000|  0%| F|  |TAMS 0x00000000a4b00000, 0x00000000a4b00000| Untracked 
|  42|0x00000000a4c00000, 0x00000000a4c00000, 0x00000000a4d00000|  0%| F|  |TAMS 0x00000000a4c00000, 0x00000000a4c00000| Untracked 
|  43|0x00000000a4d00000, 0x00000000a4d00000, 0x00000000a4e00000|  0%| F|  |TAMS 0x00000000a4d00000, 0x00000000a4d00000| Untracked 
|  44|0x00000000a4e00000, 0x00000000a4e00000, 0x00000000a4f00000|  0%| F|  |TAMS 0x00000000a4e00000, 0x00000000a4e00000| Untracked 
|  45|0x00000000a4f00000, 0x00000000a4f00000, 0x00000000a5000000|  0%| F|  |TAMS 0x00000000a4f00000, 0x00000000a4f00000| Untracked 
|  46|0x00000000a5000000, 0x00000000a5000000, 0x00000000a5100000|  0%| F|  |TAMS 0x00000000a5000000, 0x00000000a5000000| Untracked 
|  47|0x00000000a5100000, 0x00000000a5100000, 0x00000000a5200000|  0%| F|  |TAMS 0x00000000a5100000, 0x00000000a5100000| Untracked 
|  48|0x00000000a5200000, 0x00000000a5200000, 0x00000000a5300000|  0%| F|  |TAMS 0x00000000a5200000, 0x00000000a5200000| Untracked 
|  49|0x00000000a5300000, 0x00000000a5300000, 0x00000000a5400000|  0%| F|  |TAMS 0x00000000a5300000, 0x00000000a5300000| Untracked 
|  50|0x00000000a5400000, 0x00000000a5400000, 0x00000000a5500000|  0%| F|  |TAMS 0x00000000a5400000, 0x00000000a5400000| Untracked 
|  51|0x00000000a5500000, 0x00000000a5500000, 0x00000000a5600000|  0%| F|  |TAMS 0x00000000a5500000, 0x00000000a5500000| Untracked 
|  52|0x00000000a5600000, 0x00000000a5600000, 0x00000000a5700000|  0%| F|  |TAMS 0x00000000a5600000, 0x00000000a5600000| Untracked 
|  53|0x00000000a5700000, 0x00000000a5700000, 0x00000000a5800000|  0%| F|  |TAMS 0x00000000a5700000, 0x00000000a5700000| Untracked 
|  54|0x00000000a5800000, 0x00000000a5800000, 0x00000000a5900000|  0%| F|  |TAMS 0x00000000a5800000, 0x00000000a5800000| Untracked 
|  55|0x00000000a5900000, 0x00000000a5900000, 0x00000000a5a00000|  0%| F|  |TAMS 0x00000000a5900000, 0x00000000a5900000| Untracked 
|  56|0x00000000a5a00000, 0x00000000a5a00000, 0x00000000a5b00000|  0%| F|  |TAMS 0x00000000a5a00000, 0x00000000a5a00000| Untracked 
|  57|0x00000000a5b00000, 0x00000000a5b00000, 0x00000000a5c00000|  0%| F|  |TAMS 0x00000000a5b00000, 0x00000000a5b00000| Untracked 
|  58|0x00000000a5c00000, 0x00000000a5c00000, 0x00000000a5d00000|  0%| F|  |TAMS 0x00000000a5c00000, 0x00000000a5c00000| Untracked 
|  59|0x00000000a5d00000, 0x00000000a5d00000, 0x00000000a5e00000|  0%| F|  |TAMS 0x00000000a5d00000, 0x00000000a5d00000| Untracked 
|  60|0x00000000a5e00000, 0x00000000a5e00000, 0x00000000a5f00000|  0%| F|  |TAMS 0x00000000a5e00000, 0x00000000a5e00000| Untracked 
|  61|0x00000000a5f00000, 0x00000000a5f00000, 0x00000000a6000000|  0%| F|  |TAMS 0x00000000a5f00000, 0x00000000a5f00000| Untracked 
|  62|0x00000000a6000000, 0x00000000a6000000, 0x00000000a6100000|  0%| F|  |TAMS 0x00000000a6000000, 0x00000000a6000000| Untracked 
|  63|0x00000000a6100000, 0x00000000a6100000, 0x00000000a6200000|  0%| F|  |TAMS 0x00000000a6100000, 0x00000000a6100000| Untracked 
|  64|0x00000000a6200000, 0x00000000a6200000, 0x00000000a6300000|  0%| F|  |TAMS 0x00000000a6200000, 0x00000000a6200000| Untracked 
|  65|0x00000000a6300000, 0x00000000a6300000, 0x00000000a6400000|  0%| F|  |TAMS 0x00000000a6300000, 0x00000000a6300000| Untracked 
|  66|0x00000000a6400000, 0x00000000a6400000, 0x00000000a6500000|  0%| F|  |TAMS 0x00000000a6400000, 0x00000000a6400000| Untracked 
|  67|0x00000000a6500000, 0x00000000a6500000, 0x00000000a6600000|  0%| F|  |TAMS 0x00000000a6500000, 0x00000000a6500000| Untracked 
|  68|0x00000000a6600000, 0x00000000a6600000, 0x00000000a6700000|  0%| F|  |TAMS 0x00000000a6600000, 0x00000000a6600000| Untracked 
|  69|0x00000000a6700000, 0x00000000a6700000, 0x00000000a6800000|  0%| F|  |TAMS 0x00000000a6700000, 0x00000000a6700000| Untracked 
|  70|0x00000000a6800000, 0x00000000a6800000, 0x00000000a6900000|  0%| F|  |TAMS 0x00000000a6800000, 0x00000000a6800000| Untracked 
|  71|0x00000000a6900000, 0x00000000a6900000, 0x00000000a6a00000|  0%| F|  |TAMS 0x00000000a6900000, 0x00000000a6900000| Untracked 
|  72|0x00000000a6a00000, 0x00000000a6a00000, 0x00000000a6b00000|  0%| F|  |TAMS 0x00000000a6a00000, 0x00000000a6a00000| Untracked 
|  73|0x00000000a6b00000, 0x00000000a6b00000, 0x00000000a6c00000|  0%| F|  |TAMS 0x00000000a6b00000, 0x00000000a6b00000| Untracked 
|  74|0x00000000a6c00000, 0x00000000a6c00000, 0x00000000a6d00000|  0%| F|  |TAMS 0x00000000a6c00000, 0x00000000a6c00000| Untracked 
|  75|0x00000000a6d00000, 0x00000000a6d00000, 0x00000000a6e00000|  0%| F|  |TAMS 0x00000000a6d00000, 0x00000000a6d00000| Untracked 
|  76|0x00000000a6e00000, 0x00000000a6e00000, 0x00000000a6f00000|  0%| F|  |TAMS 0x00000000a6e00000, 0x00000000a6e00000| Untracked 
|  77|0x00000000a6f00000, 0x00000000a6f00000, 0x00000000a7000000|  0%| F|  |TAMS 0x00000000a6f00000, 0x00000000a6f00000| Untracked 
|  78|0x00000000a7000000, 0x00000000a7000000, 0x00000000a7100000|  0%| F|  |TAMS 0x00000000a7000000, 0x00000000a7000000| Untracked 
|  79|0x00000000a7100000, 0x00000000a7100000, 0x00000000a7200000|  0%| F|  |TAMS 0x00000000a7100000, 0x00000000a7100000| Untracked 
|  80|0x00000000a7200000, 0x00000000a7200000, 0x00000000a7300000|  0%| F|  |TAMS 0x00000000a7200000, 0x00000000a7200000| Untracked 
|  81|0x00000000a7300000, 0x00000000a7300000, 0x00000000a7400000|  0%| F|  |TAMS 0x00000000a7300000, 0x00000000a7300000| Untracked 
|  82|0x00000000a7400000, 0x00000000a7400000, 0x00000000a7500000|  0%| F|  |TAMS 0x00000000a7400000, 0x00000000a7400000| Untracked 
|  83|0x00000000a7500000, 0x00000000a7587c10, 0x00000000a7600000| 53%| E|  |TAMS 0x00000000a7500000, 0x00000000a7500000| Complete 
|  84|0x00000000a7600000, 0x00000000a7700000, 0x00000000a7700000|100%| E|CS|TAMS 0x00000000a7600000, 0x00000000a7600000| Complete 
|  85|0x00000000a7700000, 0x00000000a7800000, 0x00000000a7800000|100%| E|CS|TAMS 0x00000000a7700000, 0x00000000a7700000| Complete 
|  86|0x00000000a7800000, 0x00000000a7900000, 0x00000000a7900000|100%| E|CS|TAMS 0x00000000a7800000, 0x00000000a7800000| Complete 
|  87|0x00000000a7900000, 0x00000000a7a00000, 0x00000000a7a00000|100%| E|CS|TAMS 0x00000000a7900000, 0x00000000a7900000| Complete 
|  88|0x00000000a7a00000, 0x00000000a7b00000, 0x00000000a7b00000|100%| E|CS|TAMS 0x00000000a7a00000, 0x00000000a7a00000| Complete 
|  89|0x00000000a7b00000, 0x00000000a7c00000, 0x00000000a7c00000|100%| E|  |TAMS 0x00000000a7b00000, 0x00000000a7b00000| Complete 
|  90|0x00000000a7c00000, 0x00000000a7d00000, 0x00000000a7d00000|100%| E|CS|TAMS 0x00000000a7c00000, 0x00000000a7c00000| Complete 
|  91|0x00000000a7d00000, 0x00000000a7e00000, 0x00000000a7e00000|100%| E|CS|TAMS 0x00000000a7d00000, 0x00000000a7d00000| Complete 
|  92|0x00000000a7e00000, 0x00000000a7f00000, 0x00000000a7f00000|100%| E|CS|TAMS 0x00000000a7e00000, 0x00000000a7e00000| Complete 
|  93|0x00000000a7f00000, 0x00000000a8000000, 0x00000000a8000000|100%| E|CS|TAMS 0x00000000a7f00000, 0x00000000a7f00000| Complete 

Card table byte_map: [0x0000025b7d580000,0x0000025b7d870000] _byte_map_base: 0x0000025b7d06f000

Marking Bits (Prev, Next): (CMBitMap*) 0x0000025b66117e80, (CMBitMap*) 0x0000025b66117ec0
 Prev Bits: [0x0000025b7db60000, 0x0000025b7f2d8000)
 Next Bits: [0x0000025b00000000, 0x0000025b01778000)

Polling page: 0x0000025b63de0000

Metaspace:

Usage:
  Non-class:      2.65 MB used.
      Class:    284.58 KB used.
       Both:      2.93 MB used.

Virtual space:
  Non-class space:       64.00 MB reserved,       2.75 MB (  4%) committed,  1 nodes.
      Class space:        1.00 GB reserved,     384.00 KB ( <1%) committed,  1 nodes.
             Both:        1.06 GB reserved,       3.12 MB ( <1%) committed. 

Chunk freelists:
   Non-Class:  2.47 MB
       Class:  3.53 MB
        Both:  6.00 MB

MaxMetaspaceSize: unlimited
CompressedClassSpaceSize: 1.00 GB
Initial GC threshold: 21.00 MB
Current GC threshold: 21.00 MB
CDS: on
MetaspaceReclaimPolicy: balanced
 - commit_granule_bytes: 65536.
 - commit_granule_words: 8192.
 - virtual_space_node_default_size: 8388608.
 - enlarge_chunks_in_place: 1.
 - new_chunks_are_fully_committed: 0.
 - uncommit_free_chunks: 1.
 - use_allocation_guard: 0.


Internal statistics:

num_allocs_failed_limit: 0.
num_arena_births: 28.
num_arena_deaths: 0.
num_vsnodes_births: 2.
num_vsnodes_deaths: 0.
num_space_committed: 50.
num_space_uncommitted: 0.
num_chunks_returned_to_freelist: 0.
num_chunks_taken_from_freelist: 107.
num_chunk_merges: 0.
num_chunk_splits: 77.
num_chunks_enlarged: 63.
num_inconsistent_stats: 0.

CodeHeap 'non-profiled nmethods': size=119168Kb used=184Kb max_used=184Kb free=118983Kb
 bounds [0x0000025b755a0000, 0x0000025b75810000, 0x0000025b7ca00000]
CodeHeap 'profiled nmethods': size=119104Kb used=1562Kb max_used=1562Kb free=117541Kb
 bounds [0x0000025b6e150000, 0x0000025b6e3c0000, 0x0000025b755a0000]
CodeHeap 'non-nmethods': size=7488Kb used=1153Kb max_used=1161Kb free=6334Kb
 bounds [0x0000025b6da00000, 0x0000025b6dc70000, 0x0000025b6e150000]
 total_blobs=1217 nmethods=786 adapters=344
 compilation: enabled
              stopped_count=0, restarted_count=0
 full_count=0

Compilation events (20 events):
Event: 2.633 Thread 0x0000025b039f8790  689   !   3       java.util.zip.ZipFile$ZipFileInflaterInputStream::close (67 bytes)
Event: 2.634 Thread 0x0000025b039f8790 nmethod 689 0x0000025b6e27fd90 code [0x0000025b6e27ffc0, 0x0000025b6e280818]
Event: 2.634 Thread 0x0000025b039f8790  690       3       java.util.ArrayDeque::add (7 bytes)
Event: 2.634 Thread 0x0000025b039f8790 nmethod 690 0x0000025b6e280b90 code [0x0000025b6e280d40, 0x0000025b6e280e88]
Event: 2.647 Thread 0x0000025b039f8790  691   !   3       java.util.zip.ZipFile::getInputStream (275 bytes)
Event: 2.649 Thread 0x0000025b039f8790 nmethod 691 0x0000025b6e280f10 code [0x0000025b6e281200, 0x0000025b6e282368]
Event: 2.649 Thread 0x0000025b039f8790  692       3       java.util.zip.ZipFile$ZipFileInputStream::<init> (96 bytes)
Event: 2.649 Thread 0x0000025b039f8790 nmethod 692 0x0000025b6e282e10 code [0x0000025b6e283040, 0x0000025b6e283a88]
Event: 2.650 Thread 0x0000025b039f8790  693       3       java.util.zip.ZipUtils::CENOFF (9 bytes)
Event: 2.650 Thread 0x0000025b039f8790 nmethod 693 0x0000025b6e283f10 code [0x0000025b6e2840c0, 0x0000025b6e284398]
Event: 2.650 Thread 0x0000025b039f8790  694       3       java.util.zip.ZipFile$ZipFileInflaterInputStream::<init> (14 bytes)
Event: 2.650 Thread 0x0000025b039f8790 nmethod 694 0x0000025b6e284510 code [0x0000025b6e2846c0, 0x0000025b6e284858]
Event: 2.650 Thread 0x0000025b039f8790  695   !   3       java.util.zip.ZipFile$CleanableResource::getInflater (47 bytes)
Event: 2.650 Thread 0x0000025b039f8790 nmethod 695 0x0000025b6e284990 code [0x0000025b6e284b60, 0x0000025b6e285058]
Event: 2.650 Thread 0x0000025b039f8790  696       3       java.util.ArrayDeque::poll (5 bytes)
Event: 2.650 Thread 0x0000025b039f8790 nmethod 696 0x0000025b6e285210 code [0x0000025b6e2853c0, 0x0000025b6e285508]
Event: 2.650 Thread 0x0000025b039f8790  697       3       java.util.zip.ZipFile$ZipFileInflaterInputStream::<init> (41 bytes)
Event: 2.651 Thread 0x0000025b039f8790 nmethod 697 0x0000025b6e285590 code [0x0000025b6e285760, 0x0000025b6e285c18]
Event: 2.652 Thread 0x0000025b039f8790  699       3       java.net.URLStreamHandler::parseURL (1124 bytes)
Event: 2.772 Thread 0x0000025b039efe90  706  s!   4       jdk.internal.loader.URLClassPath::getLoader (194 bytes)

GC Heap History (0 events):
No events

Deoptimization events (20 events):
Event: 0.918 Thread 0x0000025b660c69c0 DEOPT PACKING pc=0x0000025b755ab1e4 sp=0x000000a0b5dfe480
Event: 0.919 Thread 0x0000025b660c69c0 DEOPT UNPACKING pc=0x0000025b6da523a3 sp=0x000000a0b5dfe408 mode 2
Event: 1.700 Thread 0x0000025b660c69c0 Uncommon trap: trap_request=0xffffff45 fr.pc=0x0000025b755ae114 relative=0x0000000000000174
Event: 1.700 Thread 0x0000025b660c69c0 Uncommon trap: reason=unstable_if action=reinterpret pc=0x0000025b755ae114 method=java.util.zip.ZipFile$Source.isMetaName([BII)Z @ 43 c2
Event: 1.700 Thread 0x0000025b660c69c0 DEOPT PACKING pc=0x0000025b755ae114 sp=0x000000a0b5dfdab0
Event: 1.700 Thread 0x0000025b660c69c0 DEOPT UNPACKING pc=0x0000025b6da523a3 sp=0x000000a0b5dfda58 mode 2
Event: 2.399 Thread 0x0000025b660c69c0 Uncommon trap: trap_request=0xffffff45 fr.pc=0x0000025b755a76e0 relative=0x00000000000003c0
Event: 2.399 Thread 0x0000025b660c69c0 Uncommon trap: reason=unstable_if action=reinterpret pc=0x0000025b755a76e0 method=java.lang.StringLatin1.canEncode(I)Z @ 4 c2
Event: 2.399 Thread 0x0000025b660c69c0 DEOPT PACKING pc=0x0000025b755a76e0 sp=0x000000a0b5dfe0e0
Event: 2.399 Thread 0x0000025b660c69c0 DEOPT UNPACKING pc=0x0000025b6da523a3 sp=0x000000a0b5dfe008 mode 2
Event: 2.399 Thread 0x0000025b660c69c0 Uncommon trap: trap_request=0xffffff45 fr.pc=0x0000025b755a7fc0 relative=0x00000000000003a0
Event: 2.399 Thread 0x0000025b660c69c0 Uncommon trap: reason=unstable_if action=reinterpret pc=0x0000025b755a7fc0 method=java.lang.AbstractStringBuilder.isLatin1()Z @ 10 c2
Event: 2.399 Thread 0x0000025b660c69c0 DEOPT PACKING pc=0x0000025b755a7fc0 sp=0x000000a0b5dfe0f0
Event: 2.399 Thread 0x0000025b660c69c0 DEOPT UNPACKING pc=0x0000025b6da523a3 sp=0x000000a0b5dfe070 mode 2
Event: 2.466 Thread 0x0000025b660c69c0 Uncommon trap: trap_request=0xffffff45 fr.pc=0x0000025b755a7038 relative=0x0000000000000038
Event: 2.466 Thread 0x0000025b660c69c0 Uncommon trap: reason=unstable_if action=reinterpret pc=0x0000025b755a7038 method=java.lang.StringLatin1.canEncode(I)Z @ 4 c2
Event: 2.466 Thread 0x0000025b660c69c0 DEOPT PACKING pc=0x0000025b755a7038 sp=0x000000a0b5dfe070
Event: 2.467 Thread 0x0000025b660c69c0 DEOPT UNPACKING pc=0x0000025b6da523a3 sp=0x000000a0b5dfe000 mode 2
Event: 2.515 Thread 0x0000025b660c69c0 DEOPT PACKING pc=0x0000025b6e1a8365 sp=0x000000a0b5dfd580
Event: 2.515 Thread 0x0000025b660c69c0 DEOPT UNPACKING pc=0x0000025b6da52b43 sp=0x000000a0b5dfc9d0 mode 0

Classes loaded (20 events):
Event: 1.979 Loading class java/io/EOFException
Event: 1.980 Loading class java/io/EOFException done
Event: 2.011 Loading class java/util/ArrayList$ListItr
Event: 2.012 Loading class java/util/ArrayList$ListItr done
Event: 2.038 Loading class java/lang/TypeNotPresentException
Event: 2.038 Loading class java/lang/TypeNotPresentException done
Event: 2.086 Loading class java/util/concurrent/atomic/AtomicReference
Event: 2.086 Loading class java/util/concurrent/atomic/AtomicReference done
Event: 2.157 Loading class java/text/ParseException
Event: 2.158 Loading class java/text/ParseException done
Event: 2.260 Loading class sun/util/calendar/ZoneInfoFile$Checksum
Event: 2.260 Loading class sun/util/calendar/ZoneInfoFile$Checksum done
Event: 2.295 Loading class jdk/internal/module/ModulePatcher$PatchedModuleReader
Event: 2.296 Loading class jdk/internal/module/ModulePatcher$PatchedModuleReader done
Event: 2.297 Loading class sun/net/www/protocol/jrt/Handler
Event: 2.298 Loading class sun/net/www/protocol/jrt/Handler done
Event: 2.397 Loading class sun/text/resources/cldr/FormatData_en
Event: 2.397 Loading class sun/text/resources/cldr/FormatData_en done
Event: 2.398 Loading class sun/text/resources/cldr/FormatData_en_US
Event: 2.398 Loading class sun/text/resources/cldr/FormatData_en_US done

Classes unloaded (0 events):
No events

Classes redefined (0 events):
No events

Internal exceptions (1 events):
Event: 1.157 Thread 0x0000025b660c69c0 Exception <a 'java/lang/NoSuchMethodError'{0x00000000a7c3b6f8}: 'java.lang.Object java.lang.invoke.Invokers$Holder.invokeExact_MT(java.lang.Object, java.lang.Object, java.lang.Object, java.lang.Object, java.lang.Object)'> (0x00000000a7c3b6f8) 
thrown [s\open\src\hotspot\share\interpreter\linkResolver.cpp, line 766]

VM Operations (10 events):
Event: 0.458 Executing VM operation: HandshakeAllThreads
Event: 0.458 Executing VM operation: HandshakeAllThreads done
Event: 1.213 Executing VM operation: HandshakeAllThreads
Event: 1.213 Executing VM operation: HandshakeAllThreads done
Event: 1.213 Executing VM operation: Cleanup
Event: 1.213 Executing VM operation: Cleanup done
Event: 1.649 Executing VM operation: HandshakeAllThreads
Event: 1.649 Executing VM operation: HandshakeAllThreads done
Event: 2.097 Executing VM operation: HandshakeAllThreads
Event: 2.097 Executing VM operation: HandshakeAllThreads done

Events (20 events):
Event: 0.032 Loaded shared library C:\Program Files\Java\jdk-18.0.1\bin\java.dll
Event: 0.086 Loaded shared library C:\Program Files\Java\jdk-18.0.1\bin\jsvml.dll
Event: 0.087 Thread 0x0000025b660c69c0 Thread added: 0x0000025b660c69c0
Event: 0.114 Thread 0x0000025b039cb6e0 Thread added: 0x0000025b039cb6e0
Event: 0.114 Thread 0x0000025b039cc250 Thread added: 0x0000025b039cc250
Event: 0.226 Thread 0x0000025b039e7380 Thread added: 0x0000025b039e7380
Event: 0.226 Thread 0x0000025b039e7c30 Thread added: 0x0000025b039e7c30
Event: 0.226 Thread 0x0000025b039e84e0 Thread added: 0x0000025b039e84e0
Event: 0.226 Thread 0x0000025b039e8d90 Thread added: 0x0000025b039e8d90
Event: 0.226 Thread 0x0000025b039efe90 Thread added: 0x0000025b039efe90
Event: 0.227 Thread 0x0000025b039f8790 Thread added: 0x0000025b039f8790
Event: 0.227 Thread 0x0000025b039fb090 Thread added: 0x0000025b039fb090
Event: 0.352 Thread 0x0000025b07c91a50 Thread added: 0x0000025b07c91a50
Event: 0.403 Thread 0x0000025b07c94340 Thread added: 0x0000025b07c94340
Event: 0.421 Loaded shared library C:\Program Files\Java\jdk-18.0.1\bin\net.dll
Event: 0.431 Loaded shared library C:\Program Files\Java\jdk-18.0.1\bin\nio.dll
Event: 0.455 Loaded shared library C:\Program Files\Java\jdk-18.0.1\bin\zip.dll
Event: 1.275 Loaded shared library C:\Program Files\Java\jdk-18.0.1\bin\verify.dll
Event: 1.379 Loaded shared library C:\Program Files\NetBeans-12.6\netbeans\java\maven\lib\jansi-native\windows64\jansi.dll
Event: 1.630 Loaded shared library C:\Program Files\Java\jdk-18.0.1\bin\jimage.dll


Dynamic libraries:
0x00007ff78bed0000 - 0x00007ff78bee0000 	C:\Program Files\Java\jdk-18.0.1\bin\java.exe
0x00007fff9ee00000 - 0x00007fff9f009000 	C:\Windows\SYSTEM32\ntdll.dll
0x00007fff9d950000 - 0x00007fff9da0d000 	C:\Windows\System32\KERNEL32.DLL
0x00007fff9c2f0000 - 0x00007fff9c669000 	C:\Windows\System32\KERNELBASE.dll
0x00007fff9c730000 - 0x00007fff9c841000 	C:\Windows\System32\ucrtbase.dll
0x00007fff83900000 - 0x00007fff8391a000 	C:\Program Files\Java\jdk-18.0.1\bin\VCRUNTIME140.dll
0x00007fff83680000 - 0x00007fff83698000 	C:\Program Files\Java\jdk-18.0.1\bin\jli.dll
0x00007fff9ed10000 - 0x00007fff9edbe000 	C:\Windows\System32\ADVAPI32.dll
0x00007fff9e3e0000 - 0x00007fff9e483000 	C:\Windows\System32\msvcrt.dll
0x00007fff9cca0000 - 0x00007fff9cd3e000 	C:\Windows\System32\sechost.dll
0x00007fff9d340000 - 0x00007fff9d460000 	C:\Windows\System32\RPCRT4.dll
0x00007fff9e720000 - 0x00007fff9e8cc000 	C:\Windows\System32\USER32.dll
0x00007fff9c8f0000 - 0x00007fff9c916000 	C:\Windows\System32\win32u.dll
0x00007fff8a020000 - 0x00007fff8a2c5000 	C:\Windows\WinSxS\amd64_microsoft.windows.common-controls_6595b64144ccf1df_6.0.22000.120_none_9d947278b86cc467\COMCTL32.dll
0x00007fff9d460000 - 0x00007fff9d489000 	C:\Windows\System32\GDI32.dll
0x00007fff9ca90000 - 0x00007fff9cba2000 	C:\Windows\System32\gdi32full.dll
0x00007fff9c850000 - 0x00007fff9c8ed000 	C:\Windows\System32\msvcp_win.dll
0x00007fff92ca0000 - 0x00007fff92caa000 	C:\Windows\SYSTEM32\VERSION.dll
0x00007fff9cd60000 - 0x00007fff9cd91000 	C:\Windows\System32\IMM32.DLL
0x00007fff992b0000 - 0x00007fff992bc000 	C:\Program Files\Java\jdk-18.0.1\bin\vcruntime140_1.dll
0x00007fff6c9c0000 - 0x00007fff6ca4d000 	C:\Program Files\Java\jdk-18.0.1\bin\msvcp140.dll
0x00007ffefc930000 - 0x00007ffefd540000 	C:\Program Files\Java\jdk-18.0.1\bin\server\jvm.dll
0x00007fff9d210000 - 0x00007fff9d218000 	C:\Windows\System32\PSAPI.DLL
0x00007fff8ab50000 - 0x00007fff8ab59000 	C:\Windows\SYSTEM32\WSOCK32.dll
0x00007fff9e990000 - 0x00007fff9e9ff000 	C:\Windows\System32\WS2_32.dll
0x00007fff971a0000 - 0x00007fff971d3000 	C:\Windows\SYSTEM32\WINMM.dll
0x00007fff9b3c0000 - 0x00007fff9b3d8000 	C:\Windows\SYSTEM32\kernel.appcore.dll
0x00007fff94ac0000 - 0x00007fff94aca000 	C:\Program Files\Java\jdk-18.0.1\bin\jimage.dll
0x00007fff99ea0000 - 0x00007fff9a0c1000 	C:\Windows\SYSTEM32\DBGHELP.DLL
0x00007fff95150000 - 0x00007fff95181000 	C:\Windows\SYSTEM32\dbgcore.DLL
0x00007fff9cc20000 - 0x00007fff9cc9f000 	C:\Windows\System32\bcryptPrimitives.dll
0x00007fff83640000 - 0x00007fff83665000 	C:\Program Files\Java\jdk-18.0.1\bin\java.dll
0x00007fff4a790000 - 0x00007fff4a866000 	C:\Program Files\Java\jdk-18.0.1\bin\jsvml.dll
0x00007fff9da10000 - 0x00007fff9e1bf000 	C:\Windows\System32\SHELL32.dll
0x00007fff9a3e0000 - 0x00007fff9ac48000 	C:\Windows\SYSTEM32\windows.storage.dll
0x00007fff9d490000 - 0x00007fff9d808000 	C:\Windows\System32\combase.dll
0x00007fff9a270000 - 0x00007fff9a3d6000 	C:\Windows\SYSTEM32\wintypes.dll
0x00007fff9e490000 - 0x00007fff9e57a000 	C:\Windows\System32\SHCORE.dll
0x00007fff9e930000 - 0x00007fff9e98d000 	C:\Windows\System32\shlwapi.dll
0x00007fff9c220000 - 0x00007fff9c241000 	C:\Windows\SYSTEM32\profapi.dll
0x00007fff838e0000 - 0x00007fff838f3000 	C:\Program Files\Java\jdk-18.0.1\bin\net.dll
0x00007fff96ef0000 - 0x00007fff96ffc000 	C:\Windows\SYSTEM32\WINHTTP.dll
0x00007fff9b890000 - 0x00007fff9b8f7000 	C:\Windows\system32\mswsock.dll
0x00007fff80560000 - 0x00007fff80576000 	C:\Program Files\Java\jdk-18.0.1\bin\nio.dll
0x00007fff80510000 - 0x00007fff80528000 	C:\Program Files\Java\jdk-18.0.1\bin\zip.dll
0x00007fff93570000 - 0x00007fff93580000 	C:\Program Files\Java\jdk-18.0.1\bin\verify.dll
0x00007fff954a0000 - 0x00007fff954aa000 	C:\Program Files\NetBeans-12.6\netbeans\java\maven\lib\jansi-native\windows64\jansi.dll

dbghelp: loaded successfully - version: 4.0.5 - missing functions: none
symbol engine: initialized successfully - sym options: 0x614 - pdb path: .;C:\Program Files\Java\jdk-18.0.1\bin;C:\Windows\SYSTEM32;C:\Windows\WinSxS\amd64_microsoft.windows.common-controls_6595b64144ccf1df_6.0.22000.120_none_9d947278b86cc467;C:\Program Files\Java\jdk-18.0.1\bin\server;C:\Program Files\NetBeans-12.6\netbeans\java\maven\lib\jansi-native\windows64

VM Arguments:
jvm_args: -Dclassworlds.conf=C:\Program Files\NetBeans-12.6\netbeans\java\maven\bin\..\bin\m2.conf -Dmaven.home=C:\Program Files\NetBeans-12.6\netbeans\java\maven\bin\.. -Dlibrary.jansi.path=C:\Program Files\NetBeans-12.6\netbeans\java\maven\bin\..\lib\jansi-native -Dmaven.multiModuleProjectDirectory=C:\Estudo\Programacao_Desktop\RapTasks 
java_command: org.codehaus.plexus.classworlds.launcher.Launcher -Dexec.vmArgs= -Dexec.args=${exec.vmArgs} -classpath %classpath ${exec.mainClass} ${exec.appArgs} -Dexec.appArgs= -Dexec.mainClass=App -Dexec.executable=C:\Program Files\Java\jdk-18.0.1\bin\java.exe -Dmaven.ext.class.path=C:\Program Files\NetBeans-12.6\netbeans\java\maven-nblib\netbeans-eventspy.jar org.codehaus.mojo:exec-maven-plugin:3.0.0:exec
java_class_path (initial): C:\Program Files\NetBeans-12.6\netbeans\java\maven\bin\..\boot\plexus-classworlds-2.6.0.jar
Launcher Type: SUN_STANDARD

[Global flags]
     intx CICompilerCount                          = 12                                        {product} {ergonomic}
     uint ConcGCThreads                            = 3                                         {product} {ergonomic}
     uint G1ConcRefinementThreads                  = 13                                        {product} {ergonomic}
   size_t G1HeapRegionSize                         = 1048576                                   {product} {ergonomic}
    uintx GCDrainStackTargetSize                   = 64                                        {product} {ergonomic}
   size_t InitialHeapSize                          = 98566144                                  {product} {ergonomic}
   size_t MarkStackSize                            = 4194304                                   {product} {ergonomic}
   size_t MaxHeapSize                              = 1574961152                                {product} {ergonomic}
   size_t MaxNewSize                               = 944766976                                 {product} {ergonomic}
   size_t MinHeapDeltaBytes                        = 1048576                                   {product} {ergonomic}
   size_t MinHeapSize                              = 8388608                                   {product} {ergonomic}
    uintx NonNMethodCodeHeapSize                   = 7602480                                {pd product} {ergonomic}
    uintx NonProfiledCodeHeapSize                  = 122027880                              {pd product} {ergonomic}
    uintx ProfiledCodeHeapSize                     = 122027880                              {pd product} {ergonomic}
    uintx ReservedCodeCacheSize                    = 251658240                              {pd product} {ergonomic}
     bool SegmentedCodeCache                       = true                                      {product} {ergonomic}
   size_t SoftMaxHeapSize                          = 1574961152                             {manageable} {ergonomic}
     bool UseCompressedClassPointers               = true                           {product lp64_product} {ergonomic}
     bool UseCompressedOops                        = true                           {product lp64_product} {ergonomic}
     bool UseG1GC                                  = true                                      {product} {ergonomic}
     bool UseLargePagesIndividualAllocation        = false                                  {pd product} {ergonomic}

Logging:
Log output configuration:
 #0: stdout all=warning uptime,level,tags foldmultilines=false
 #1: stderr all=off uptime,level,tags foldmultilines=false

Environment Variables:
JAVA_HOME=C:\Program Files\Java\jdk-18.0.1
PATH=C:\Program Files\Common Files\Oracle\Java\javapath;C:\Program Files (x86)\Common Files\Oracle\Java\javapath;C:\Program Files\Microsoft\jdk-11.0.12.7-hotspot\bin;C:\Windows\system32;C:\Windows;C:\Windows\System32\Wbem;C:\Windows\System32\WindowsPowerShell\v1.0\;C:\Windows\System32\OpenSSH\;C:\Users\gabri\AppData\Roaming\nvm;C:\Program Files\nodejs;C:\Program Files\Git\cmd;C:\Program Files\Microsoft SQL Server\150\Tools\Binn\;C:\Program Files\Microsoft SQL Server\Client SDK\ODBC\170\Tools\Binn\;C:\Program Files\dotnet\;C:\xampp\php\;C:\Program Files (x86)\Bitvise SSH Client;C:\ProgramData\chocolatey\bin;C:\Users\gabri\.cargo\bin;C:\Users\gabri\AppData\Local\Programs\Python\Python310\Scripts\;C:\Users\gabri\AppData\Local\Programs\Python\Python310\;C:\Users\gabri\AppData\Local\Microsoft\WindowsApps;C:\Users\gabri\AppData\Local\Programs\Microsoft VS Code\bin;C:\Users\gabri\AppData\Roaming\nvm;C:\Program Files\nodejs;C:\Users\gabri\.dotnet\tools;C:\Program Files\JetBrains\IntelliJ IDEA Community Edition 2022.1\bin;
USERNAME=gabri
OS=Windows_NT
PROCESSOR_IDENTIFIER=AMD64 Family 23 Model 104 Stepping 1, AuthenticAMD



---------------  S Y S T E M  ---------------

OS:
 Windows 11 , 64 bit Build 22000 (10.0.22000.675)
OS uptime: 5 days 23:40 hours
Hyper-V role detected

CPU: total 16 (initial active 16) (16 cores per cpu, 2 threads per core) family 23 model 104 stepping 1 microcode 0x0, cx8, cmov, fxsr, ht, mmx, 3dnowpref, sse, sse2, sse3, ssse3, sse4a, sse4.1, sse4.2, popcnt, lzcnt, tsc, tscinvbit, avx, avx2, aes, clmul, bmi1, bmi2, adx, sha, fma, vzeroupper, clflush, clflushopt, hv

Memory: 4k page, system-wide physical 6005M (5M free)
TotalPageFile size 24437M (AvailPageFile size 0M)
current process WorkingSet (physical memory assigned to process): 52M, peak: 54M
current process commit charge ("private bytes"): 196M, peak: 196M

vm_info: Java HotSpot(TM) 64-Bit Server VM (18.0.1+10-24) for windows-amd64 JRE (18.0.1+10-24), built on Mar  9 2022 22:41:56 by "mach5one" with MS VC++ 16.8 / 16.9 (VS2019)

END.
