#
# There is insufficient memory for the Java Runtime Environment to continue.
# Native memory allocation (malloc) failed to allocate 568176 bytes for Chunk::new
# Possible reasons:
#   The system is out of physical RAM or swap space
#   The process is running with CompressedOops enabled, and the Java Heap may be blocking the growth of the native heap
# Possible solutions:
#   Reduce memory load on the system
#   Increase physical memory or swap space
#   Check if swap backing store is full
#   Decrease Java heap size (-Xmx/-Xms)
#   Decrease number of Java threads
#   Decrease Java thread stack sizes (-Xss)
#   Set larger code cache with -XX:ReservedCodeCacheSize=
#   JVM is running with Unscaled Compressed Oops mode in which the Java heap is
#     placed in the first 4GB address space. The Java Heap base address is the
#     maximum limit for the native heap growth. Please use -XX:HeapBaseMinAddress
#     to set the Java Heap base and to place the Java Heap above 4GB virtual address.
# This output file may be truncated or incomplete.
#
#  Out of Memory Error (arena.cpp:184), pid=88276, tid=75512
#
# JRE version: Java(TM) SE Runtime Environment (18.0.1+10) (build 18.0.1+10-24)
# Java VM: Java HotSpot(TM) 64-Bit Server VM (18.0.1+10-24, mixed mode, sharing, tiered, compressed oops, compressed class ptrs, g1 gc, windows-amd64)
# No core dump will be written. Minidumps are not enabled by default on client versions of Windows
#

---------------  S U M M A R Y ------------

Command Line: App

Host: AMD Ryzen 7 5700U with Radeon Graphics         , 16 cores, 5G,  Windows 11 , 64 bit Build 22000 (10.0.22000.675)
Time: Tue Jun 14 04:39:17 2022 Hora oficial do Brasil elapsed time: 16.947635 seconds (0d 0h 0m 16s)

---------------  T H R E A D  ---------------

Current thread (0x000002bf20b272f0):  JavaThread "C2 CompilerThread0" daemon [_thread_in_native, id=75512, stack(0x000000e9a0d00000,0x000000e9a0e00000)]


Current CompileTask:
C2:  16947 2738   !   4       java.awt.EventQueue::postEventPrivate (104 bytes)

Stack: [0x000000e9a0d00000,0x000000e9a0e00000]
Native frames: (J=compiled Java code, j=interpreted, Vv=VM code, C=native code)
V  [jvm.dll+0x69887a]
V  [jvm.dll+0x7f38bd]
V  [jvm.dll+0x7f51ce]
V  [jvm.dll+0x7f5883]
V  [jvm.dll+0x25ca3f]
V  [jvm.dll+0xb8c2f]
V  [jvm.dll+0xb8fa5]
V  [jvm.dll+0x385a31]
V  [jvm.dll+0x34f811]
V  [jvm.dll+0x34ecaa]
V  [jvm.dll+0x22fc21]
V  [jvm.dll+0x22eff1]
V  [jvm.dll+0x1b9cfc]
V  [jvm.dll+0x23e8ca]
V  [jvm.dll+0x23cbb5]
V  [jvm.dll+0x7a5fb1]
V  [jvm.dll+0x7a03ea]
V  [jvm.dll+0x697725]
C  [ucrtbase.dll+0x26c0c]
C  [KERNEL32.DLL+0x154e0]
C  [ntdll.dll+0x485b]


---------------  P R O C E S S  ---------------

Threads class SMR info:
_java_thread_list=0x000002bf2b4e39d0, length=16, elements={
0x000002bf03262650, 0x000002bf20b078b0, 0x000002bf20b08510, 0x000002bf20b20720,
0x000002bf20b210c0, 0x000002bf20b21c70, 0x000002bf20b22610, 0x000002bf20b272f0,
0x000002bf20b35a10, 0x000002bf20b38610, 0x000002bf24e26810, 0x000002bf24e28d60,
0x000002bf250527a0, 0x000002bf2506b960, 0x000002bf2506f8f0, 0x000002bf25800440
}

Java Threads: ( => current thread )
  0x000002bf03262650 JavaThread "main" [_thread_blocked, id=93212, stack(0x000000e9a0000000,0x000000e9a0100000)]
  0x000002bf20b078b0 JavaThread "Reference Handler" daemon [_thread_blocked, id=90844, stack(0x000000e9a0700000,0x000000e9a0800000)]
  0x000002bf20b08510 JavaThread "Finalizer" daemon [_thread_blocked, id=91640, stack(0x000000e9a0800000,0x000000e9a0900000)]
  0x000002bf20b20720 JavaThread "Signal Dispatcher" daemon [_thread_blocked, id=86460, stack(0x000000e9a0900000,0x000000e9a0a00000)]
  0x000002bf20b210c0 JavaThread "Attach Listener" daemon [_thread_blocked, id=51052, stack(0x000000e9a0a00000,0x000000e9a0b00000)]
  0x000002bf20b21c70 JavaThread "Service Thread" daemon [_thread_blocked, id=89612, stack(0x000000e9a0b00000,0x000000e9a0c00000)]
  0x000002bf20b22610 JavaThread "Monitor Deflation Thread" daemon [_thread_blocked, id=93316, stack(0x000000e9a0c00000,0x000000e9a0d00000)]
=>0x000002bf20b272f0 JavaThread "C2 CompilerThread0" daemon [_thread_in_native, id=75512, stack(0x000000e9a0d00000,0x000000e9a0e00000)]
  0x000002bf20b35a10 JavaThread "C1 CompilerThread0" daemon [_thread_blocked, id=93448, stack(0x000000e9a0e00000,0x000000e9a0f00000)]
  0x000002bf20b38610 JavaThread "Sweeper thread" daemon [_thread_blocked, id=89432, stack(0x000000e9a0f00000,0x000000e9a1000000)]
  0x000002bf24e26810 JavaThread "Notification Thread" daemon [_thread_blocked, id=83316, stack(0x000000e9a1100000,0x000000e9a1200000)]
  0x000002bf24e28d60 JavaThread "Common-Cleaner" daemon [_thread_blocked, id=86452, stack(0x000000e9a1300000,0x000000e9a1400000)]
  0x000002bf250527a0 JavaThread "Java2D Disposer" daemon [_thread_blocked, id=94084, stack(0x000000e9a1400000,0x000000e9a1500000)]
  0x000002bf2506b960 JavaThread "AWT-Shutdown" [_thread_blocked, id=52676, stack(0x000000e9a1500000,0x000000e9a1600000)]
  0x000002bf2506f8f0 JavaThread "AWT-Windows" daemon [_thread_in_native, id=91084, stack(0x000000e9a1600000,0x000000e9a1700000)]
  0x000002bf25800440 JavaThread "AWT-EventQueue-0" [_thread_in_native, id=92844, stack(0x000000e9a2300000,0x000000e9a2400000)]

Other Threads:
  0x000002bf032e4500 VMThread "VM Thread" [stack: 0x000000e9a0600000,0x000000e9a0700000] [id=89648]
  0x000002bf24e27900 WatcherThread "VM Periodic Task Thread" [stack: 0x000000e9a1200000,0x000000e9a1300000] [id=88096]
  0x000002bf032b4d20 WorkerThread "GC Thread#0" [stack: 0x000000e9a0100000,0x000000e9a0200000] [id=93156]
  0x000002bf25bbd370 WorkerThread "GC Thread#1" [stack: 0x000000e9a2900000,0x000000e9a2a00000] [id=92456]
  0x000002bf25bb9ef0 WorkerThread "GC Thread#2" [stack: 0x000000e9a2a00000,0x000000e9a2b00000] [id=88788]
  0x000002bf25bba190 WorkerThread "GC Thread#3" [stack: 0x000000e9a2b00000,0x000000e9a2c00000] [id=89364]
  0x000002bf25bbd610 WorkerThread "GC Thread#4" [stack: 0x000000e9a2c00000,0x000000e9a2d00000] [id=18148]
  0x000002bf25bbb3f0 WorkerThread "GC Thread#5" [stack: 0x000000e9a2d00000,0x000000e9a2e00000] [id=85012]
  0x000002bf25bba430 WorkerThread "GC Thread#6" [stack: 0x000000e9a2e00000,0x000000e9a2f00000] [id=51680]
  0x000002bf25bbc110 WorkerThread "GC Thread#7" [stack: 0x000000e9a2f00000,0x000000e9a3000000] [id=66088]
  0x000002bf25bba6d0 WorkerThread "GC Thread#8" [stack: 0x000000e9a3000000,0x000000e9a3100000] [id=91940]
  0x000002bf032c1810 ConcurrentGCThread "G1 Main Marker" [stack: 0x000000e9a0200000,0x000000e9a0300000] [id=41748]
  0x000002bf032c2200 WorkerThread "G1 Conc#0" [stack: 0x000000e9a0300000,0x000000e9a0400000] [id=68312]
  0x000002bf03322d40 ConcurrentGCThread "G1 Refine#0" [stack: 0x000000e9a0400000,0x000000e9a0500000] [id=91480]
  0x000002bf25964dd0 ConcurrentGCThread "G1 Refine#1" [stack: 0x000000e9a3100000,0x000000e9a3200000] [id=94128]
  0x000002bf25966180 ConcurrentGCThread "G1 Refine#2" [stack: 0x000000e9a3200000,0x000000e9a3300000] [id=88404]
  0x000002bf259650a0 ConcurrentGCThread "G1 Refine#3" [stack: 0x000000e9a3300000,0x000000e9a3400000] [id=92724]
  0x000002bf25965370 ConcurrentGCThread "G1 Refine#4" [stack: 0x000000e9a3400000,0x000000e9a3500000] [id=89308]
  0x000002bf25965640 ConcurrentGCThread "G1 Refine#5" [stack: 0x000000e9a3500000,0x000000e9a3600000] [id=92764]
  0x000002bf25965910 ConcurrentGCThread "G1 Refine#6" [stack: 0x000000e9a3600000,0x000000e9a3700000] [id=81544]
  0x000002bf25965eb0 ConcurrentGCThread "G1 Refine#7" [stack: 0x000000e9a3700000,0x000000e9a3800000] [id=86952]
  0x000002bf03323650 ConcurrentGCThread "G1 Service" [stack: 0x000000e9a0500000,0x000000e9a0600000] [id=57180]

Threads with active compile tasks:
C2 CompilerThread0    16981 2738   !   4       java.awt.EventQueue::postEventPrivate (104 bytes)

VM state: not at safepoint (normal execution)

VM Mutex/Monitor currently owned by a thread: None

Heap address: 0x00000000a2200000, size: 1502 MB, Compressed Oops mode: 32-bit

CDS archive(s) mapped at: [0x0000000800000000-0x0000000800ba0000-0x0000000800ba0000), size 12189696, SharedBaseAddress: 0x0000000800000000, ArchiveRelocationMode: 0.
Compressed class space mapped at: 0x0000000800c00000-0x0000000840c00000, reserved size: 1073741824
Narrow klass base: 0x0000000800000000, Narrow klass shift: 0, Narrow klass range: 0x100000000

GC Precious Log:
 CardTable entry size: 512
 Card Set container configuration: InlinePtr #cards 5 size 8 Array Of Cards #cards 12 size 40 Howl #buckets 4 coarsen threshold 1843 Howl Bitmap #cards 512 size 80 coarsen threshold 460 Card regions per heap region 1 cards per card region 2048
 CPUs: 16 total, 16 available
 Memory: 6005M
 Large Page Support: Disabled
 NUMA Support: Disabled
 Compressed Oops: Enabled (32-bit)
 Heap Region Size: 1M
 Heap Min Capacity: 8M
 Heap Initial Capacity: 94M
 Heap Max Capacity: 1502M
 Pre-touch: Disabled
 Parallel Workers: 13
 Concurrent Workers: 3
 Concurrent Refinement Workers: 13
 Periodic GC: Disabled

Heap:
 garbage-first heap   total 96256K, used 24194K [0x00000000a2200000, 0x0000000100000000)
  region size 1024K, 17 young (17408K), 1 survivors (1024K)
 Metaspace       used 8437K, committed 8640K, reserved 1114112K
  class space    used 824K, committed 960K, reserved 1048576K

Heap Regions: E=young(eden), S=young(survivor), O=old, HS=humongous(starts), HC=humongous(continues), CS=collection set, F=free, OA=open archive, CA=closed archive, TAMS=top-at-mark-start (previous, next)
|   0|0x00000000a2200000, 0x00000000a2300000, 0x00000000a2300000|100%| O|  |TAMS 0x00000000a2200000, 0x00000000a2200000| Untracked 
|   1|0x00000000a2300000, 0x00000000a2400000, 0x00000000a2400000|100%| O|  |TAMS 0x00000000a2300000, 0x00000000a2300000| Untracked 
|   2|0x00000000a2400000, 0x00000000a2500000, 0x00000000a2500000|100%| O|  |TAMS 0x00000000a2400000, 0x00000000a2400000| Untracked 
|   3|0x00000000a2500000, 0x00000000a2600000, 0x00000000a2600000|100%| O|  |TAMS 0x00000000a2500000, 0x00000000a2500000| Untracked 
|   4|0x00000000a2600000, 0x00000000a2700000, 0x00000000a2700000|100%| O|  |TAMS 0x00000000a2600000, 0x00000000a2600000| Untracked 
|   5|0x00000000a2700000, 0x00000000a2800000, 0x00000000a2800000|100%| O|  |TAMS 0x00000000a2700000, 0x00000000a2700000| Untracked 
|   6|0x00000000a2800000, 0x00000000a2900000, 0x00000000a2900000|100%| O|  |TAMS 0x00000000a2800000, 0x00000000a2800000| Untracked 
|   7|0x00000000a2900000, 0x00000000a29a0a00, 0x00000000a2a00000| 62%| O|  |TAMS 0x00000000a2900000, 0x00000000a2900000| Untracked 
|   8|0x00000000a2a00000, 0x00000000a2a00000, 0x00000000a2b00000|  0%| F|  |TAMS 0x00000000a2a00000, 0x00000000a2a00000| Untracked 
|   9|0x00000000a2b00000, 0x00000000a2b00000, 0x00000000a2c00000|  0%| F|  |TAMS 0x00000000a2b00000, 0x00000000a2b00000| Untracked 
|  10|0x00000000a2c00000, 0x00000000a2c00000, 0x00000000a2d00000|  0%| F|  |TAMS 0x00000000a2c00000, 0x00000000a2c00000| Untracked 
|  11|0x00000000a2d00000, 0x00000000a2d00000, 0x00000000a2e00000|  0%| F|  |TAMS 0x00000000a2d00000, 0x00000000a2d00000| Untracked 
|  12|0x00000000a2e00000, 0x00000000a2e00000, 0x00000000a2f00000|  0%| F|  |TAMS 0x00000000a2e00000, 0x00000000a2e00000| Untracked 
|  13|0x00000000a2f00000, 0x00000000a2f00000, 0x00000000a3000000|  0%| F|  |TAMS 0x00000000a2f00000, 0x00000000a2f00000| Untracked 
|  14|0x00000000a3000000, 0x00000000a3000000, 0x00000000a3100000|  0%| F|  |TAMS 0x00000000a3000000, 0x00000000a3000000| Untracked 
|  15|0x00000000a3100000, 0x00000000a3100000, 0x00000000a3200000|  0%| F|  |TAMS 0x00000000a3100000, 0x00000000a3100000| Untracked 
|  16|0x00000000a3200000, 0x00000000a3200000, 0x00000000a3300000|  0%| F|  |TAMS 0x00000000a3200000, 0x00000000a3200000| Untracked 
|  17|0x00000000a3300000, 0x00000000a3300000, 0x00000000a3400000|  0%| F|  |TAMS 0x00000000a3300000, 0x00000000a3300000| Untracked 
|  18|0x00000000a3400000, 0x00000000a3400000, 0x00000000a3500000|  0%| F|  |TAMS 0x00000000a3400000, 0x00000000a3400000| Untracked 
|  19|0x00000000a3500000, 0x00000000a3500000, 0x00000000a3600000|  0%| F|  |TAMS 0x00000000a3500000, 0x00000000a3500000| Untracked 
|  20|0x00000000a3600000, 0x00000000a3600000, 0x00000000a3700000|  0%| F|  |TAMS 0x00000000a3600000, 0x00000000a3600000| Untracked 
|  21|0x00000000a3700000, 0x00000000a3700000, 0x00000000a3800000|  0%| F|  |TAMS 0x00000000a3700000, 0x00000000a3700000| Untracked 
|  22|0x00000000a3800000, 0x00000000a3800000, 0x00000000a3900000|  0%| F|  |TAMS 0x00000000a3800000, 0x00000000a3800000| Untracked 
|  23|0x00000000a3900000, 0x00000000a3900000, 0x00000000a3a00000|  0%| F|  |TAMS 0x00000000a3900000, 0x00000000a3900000| Untracked 
|  24|0x00000000a3a00000, 0x00000000a3a00000, 0x00000000a3b00000|  0%| F|  |TAMS 0x00000000a3a00000, 0x00000000a3a00000| Untracked 
|  25|0x00000000a3b00000, 0x00000000a3b00000, 0x00000000a3c00000|  0%| F|  |TAMS 0x00000000a3b00000, 0x00000000a3b00000| Untracked 
|  26|0x00000000a3c00000, 0x00000000a3c00000, 0x00000000a3d00000|  0%| F|  |TAMS 0x00000000a3c00000, 0x00000000a3c00000| Untracked 
|  27|0x00000000a3d00000, 0x00000000a3d00000, 0x00000000a3e00000|  0%| F|  |TAMS 0x00000000a3d00000, 0x00000000a3d00000| Untracked 
|  28|0x00000000a3e00000, 0x00000000a3e00000, 0x00000000a3f00000|  0%| F|  |TAMS 0x00000000a3e00000, 0x00000000a3e00000| Untracked 
|  29|0x00000000a3f00000, 0x00000000a3f00000, 0x00000000a4000000|  0%| F|  |TAMS 0x00000000a3f00000, 0x00000000a3f00000| Untracked 
|  30|0x00000000a4000000, 0x00000000a4000000, 0x00000000a4100000|  0%| F|  |TAMS 0x00000000a4000000, 0x00000000a4000000| Untracked 
|  31|0x00000000a4100000, 0x00000000a4100000, 0x00000000a4200000|  0%| F|  |TAMS 0x00000000a4100000, 0x00000000a4100000| Untracked 
|  32|0x00000000a4200000, 0x00000000a4200000, 0x00000000a4300000|  0%| F|  |TAMS 0x00000000a4200000, 0x00000000a4200000| Untracked 
|  33|0x00000000a4300000, 0x00000000a4300000, 0x00000000a4400000|  0%| F|  |TAMS 0x00000000a4300000, 0x00000000a4300000| Untracked 
|  34|0x00000000a4400000, 0x00000000a4400000, 0x00000000a4500000|  0%| F|  |TAMS 0x00000000a4400000, 0x00000000a4400000| Untracked 
|  35|0x00000000a4500000, 0x00000000a4500000, 0x00000000a4600000|  0%| F|  |TAMS 0x00000000a4500000, 0x00000000a4500000| Untracked 
|  36|0x00000000a4600000, 0x00000000a4600000, 0x00000000a4700000|  0%| F|  |TAMS 0x00000000a4600000, 0x00000000a4600000| Untracked 
|  37|0x00000000a4700000, 0x00000000a4700000, 0x00000000a4800000|  0%| F|  |TAMS 0x00000000a4700000, 0x00000000a4700000| Untracked 
|  38|0x00000000a4800000, 0x00000000a4800000, 0x00000000a4900000|  0%| F|  |TAMS 0x00000000a4800000, 0x00000000a4800000| Untracked 
|  39|0x00000000a4900000, 0x00000000a4900000, 0x00000000a4a00000|  0%| F|  |TAMS 0x00000000a4900000, 0x00000000a4900000| Untracked 
|  40|0x00000000a4a00000, 0x00000000a4a00000, 0x00000000a4b00000|  0%| F|  |TAMS 0x00000000a4a00000, 0x00000000a4a00000| Untracked 
|  41|0x00000000a4b00000, 0x00000000a4b00000, 0x00000000a4c00000|  0%| F|  |TAMS 0x00000000a4b00000, 0x00000000a4b00000| Untracked 
|  42|0x00000000a4c00000, 0x00000000a4c00000, 0x00000000a4d00000|  0%| F|  |TAMS 0x00000000a4c00000, 0x00000000a4c00000| Untracked 
|  43|0x00000000a4d00000, 0x00000000a4d00000, 0x00000000a4e00000|  0%| F|  |TAMS 0x00000000a4d00000, 0x00000000a4d00000| Untracked 
|  44|0x00000000a4e00000, 0x00000000a4e00000, 0x00000000a4f00000|  0%| F|  |TAMS 0x00000000a4e00000, 0x00000000a4e00000| Untracked 
|  45|0x00000000a4f00000, 0x00000000a4f00000, 0x00000000a5000000|  0%| F|  |TAMS 0x00000000a4f00000, 0x00000000a4f00000| Untracked 
|  46|0x00000000a5000000, 0x00000000a5000000, 0x00000000a5100000|  0%| F|  |TAMS 0x00000000a5000000, 0x00000000a5000000| Untracked 
|  47|0x00000000a5100000, 0x00000000a5100000, 0x00000000a5200000|  0%| F|  |TAMS 0x00000000a5100000, 0x00000000a5100000| Untracked 
|  48|0x00000000a5200000, 0x00000000a5200000, 0x00000000a5300000|  0%| F|  |TAMS 0x00000000a5200000, 0x00000000a5200000| Untracked 
|  49|0x00000000a5300000, 0x00000000a5300000, 0x00000000a5400000|  0%| F|  |TAMS 0x00000000a5300000, 0x00000000a5300000| Untracked 
|  50|0x00000000a5400000, 0x00000000a5400000, 0x00000000a5500000|  0%| F|  |TAMS 0x00000000a5400000, 0x00000000a5400000| Untracked 
|  51|0x00000000a5500000, 0x00000000a5500000, 0x00000000a5600000|  0%| F|  |TAMS 0x00000000a5500000, 0x00000000a5500000| Untracked 
|  52|0x00000000a5600000, 0x00000000a5600000, 0x00000000a5700000|  0%| F|  |TAMS 0x00000000a5600000, 0x00000000a5600000| Untracked 
|  53|0x00000000a5700000, 0x00000000a5700000, 0x00000000a5800000|  0%| F|  |TAMS 0x00000000a5700000, 0x00000000a5700000| Untracked 
|  54|0x00000000a5800000, 0x00000000a5800000, 0x00000000a5900000|  0%| F|  |TAMS 0x00000000a5800000, 0x00000000a5800000| Untracked 
|  55|0x00000000a5900000, 0x00000000a5900000, 0x00000000a5a00000|  0%| F|  |TAMS 0x00000000a5900000, 0x00000000a5900000| Untracked 
|  56|0x00000000a5a00000, 0x00000000a5a00000, 0x00000000a5b00000|  0%| F|  |TAMS 0x00000000a5a00000, 0x00000000a5a00000| Untracked 
|  57|0x00000000a5b00000, 0x00000000a5b00000, 0x00000000a5c00000|  0%| F|  |TAMS 0x00000000a5b00000, 0x00000000a5b00000| Untracked 
|  58|0x00000000a5c00000, 0x00000000a5c00000, 0x00000000a5d00000|  0%| F|  |TAMS 0x00000000a5c00000, 0x00000000a5c00000| Untracked 
|  59|0x00000000a5d00000, 0x00000000a5d00000, 0x00000000a5e00000|  0%| F|  |TAMS 0x00000000a5d00000, 0x00000000a5d00000| Untracked 
|  60|0x00000000a5e00000, 0x00000000a5e00000, 0x00000000a5f00000|  0%| F|  |TAMS 0x00000000a5e00000, 0x00000000a5e00000| Untracked 
|  61|0x00000000a5f00000, 0x00000000a5f00000, 0x00000000a6000000|  0%| F|  |TAMS 0x00000000a5f00000, 0x00000000a5f00000| Untracked 
|  62|0x00000000a6000000, 0x00000000a6000000, 0x00000000a6100000|  0%| F|  |TAMS 0x00000000a6000000, 0x00000000a6000000| Untracked 
|  63|0x00000000a6100000, 0x00000000a6100000, 0x00000000a6200000|  0%| F|  |TAMS 0x00000000a6100000, 0x00000000a6100000| Untracked 
|  64|0x00000000a6200000, 0x00000000a6200000, 0x00000000a6300000|  0%| F|  |TAMS 0x00000000a6200000, 0x00000000a6200000| Untracked 
|  65|0x00000000a6300000, 0x00000000a6300000, 0x00000000a6400000|  0%| F|  |TAMS 0x00000000a6300000, 0x00000000a6300000| Untracked 
|  66|0x00000000a6400000, 0x00000000a6400000, 0x00000000a6500000|  0%| F|  |TAMS 0x00000000a6400000, 0x00000000a6400000| Untracked 
|  67|0x00000000a6500000, 0x00000000a6500000, 0x00000000a6600000|  0%| F|  |TAMS 0x00000000a6500000, 0x00000000a6500000| Untracked 
|  68|0x00000000a6600000, 0x00000000a6600000, 0x00000000a6700000|  0%| F|  |TAMS 0x00000000a6600000, 0x00000000a6600000| Untracked 
|  69|0x00000000a6700000, 0x00000000a6700000, 0x00000000a6800000|  0%| F|  |TAMS 0x00000000a6700000, 0x00000000a6700000| Untracked 
|  70|0x00000000a6800000, 0x00000000a6800000, 0x00000000a6900000|  0%| F|  |TAMS 0x00000000a6800000, 0x00000000a6800000| Untracked 
|  71|0x00000000a6900000, 0x00000000a6900000, 0x00000000a6a00000|  0%| F|  |TAMS 0x00000000a6900000, 0x00000000a6900000| Untracked 
|  72|0x00000000a6a00000, 0x00000000a6a00000, 0x00000000a6b00000|  0%| F|  |TAMS 0x00000000a6a00000, 0x00000000a6a00000| Untracked 
|  73|0x00000000a6b00000, 0x00000000a6b00000, 0x00000000a6c00000|  0%| F|  |TAMS 0x00000000a6b00000, 0x00000000a6b00000| Untracked 
|  74|0x00000000a6c00000, 0x00000000a6c00000, 0x00000000a6d00000|  0%| F|  |TAMS 0x00000000a6c00000, 0x00000000a6c00000| Untracked 
|  75|0x00000000a6d00000, 0x00000000a6d00000, 0x00000000a6e00000|  0%| F|  |TAMS 0x00000000a6d00000, 0x00000000a6d00000| Untracked 
|  76|0x00000000a6e00000, 0x00000000a6e00000, 0x00000000a6f00000|  0%| F|  |TAMS 0x00000000a6e00000, 0x00000000a6e00000| Untracked 
|  77|0x00000000a6f00000, 0x00000000a6ffa168, 0x00000000a7000000| 97%| E|  |TAMS 0x00000000a6f00000, 0x00000000a6f00000| Complete 
|  78|0x00000000a7000000, 0x00000000a7100000, 0x00000000a7100000|100%| E|CS|TAMS 0x00000000a7000000, 0x00000000a7000000| Complete 
|  79|0x00000000a7100000, 0x00000000a7200000, 0x00000000a7200000|100%| E|CS|TAMS 0x00000000a7100000, 0x00000000a7100000| Complete 
|  80|0x00000000a7200000, 0x00000000a7300000, 0x00000000a7300000|100%| E|CS|TAMS 0x00000000a7200000, 0x00000000a7200000| Complete 
|  81|0x00000000a7300000, 0x00000000a7400000, 0x00000000a7400000|100%| E|CS|TAMS 0x00000000a7300000, 0x00000000a7300000| Complete 
|  82|0x00000000a7400000, 0x00000000a7500000, 0x00000000a7500000|100%| E|CS|TAMS 0x00000000a7400000, 0x00000000a7400000| Complete 
|  83|0x00000000a7500000, 0x00000000a7600000, 0x00000000a7600000|100%| E|CS|TAMS 0x00000000a7500000, 0x00000000a7500000| Complete 
|  84|0x00000000a7600000, 0x00000000a7700000, 0x00000000a7700000|100%| E|CS|TAMS 0x00000000a7600000, 0x00000000a7600000| Complete 
|  85|0x00000000a7700000, 0x00000000a7800000, 0x00000000a7800000|100%| E|CS|TAMS 0x00000000a7700000, 0x00000000a7700000| Complete 
|  86|0x00000000a7800000, 0x00000000a7900000, 0x00000000a7900000|100%| E|CS|TAMS 0x00000000a7800000, 0x00000000a7800000| Complete 
|  87|0x00000000a7900000, 0x00000000a7a00000, 0x00000000a7a00000|100%| E|CS|TAMS 0x00000000a7900000, 0x00000000a7900000| Complete 
|  88|0x00000000a7a00000, 0x00000000a7b00000, 0x00000000a7b00000|100%| S|CS|TAMS 0x00000000a7a00000, 0x00000000a7a00000| Complete 
|  89|0x00000000a7b00000, 0x00000000a7c00000, 0x00000000a7c00000|100%| E|CS|TAMS 0x00000000a7b00000, 0x00000000a7b00000| Complete 
|  90|0x00000000a7c00000, 0x00000000a7d00000, 0x00000000a7d00000|100%| E|CS|TAMS 0x00000000a7c00000, 0x00000000a7c00000| Complete 
|  91|0x00000000a7d00000, 0x00000000a7e00000, 0x00000000a7e00000|100%| E|CS|TAMS 0x00000000a7d00000, 0x00000000a7d00000| Complete 
|  92|0x00000000a7e00000, 0x00000000a7f00000, 0x00000000a7f00000|100%| E|CS|TAMS 0x00000000a7e00000, 0x00000000a7e00000| Complete 
|  93|0x00000000a7f00000, 0x00000000a8000000, 0x00000000a8000000|100%| E|CS|TAMS 0x00000000a7f00000, 0x00000000a7f00000| Complete 

Card table byte_map: [0x000002bf1a710000,0x000002bf1aa00000] _byte_map_base: 0x000002bf1a1ff000

Marking Bits (Prev, Next): (CMBitMap*) 0x000002bf032b5320, (CMBitMap*) 0x000002bf032b5360
 Prev Bits: [0x000002bf1acf0000, 0x000002bf1c468000)
 Next Bits: [0x000002bf1c470000, 0x000002bf1dbe8000)

Polling page: 0x000002bf011b0000

Metaspace:

Usage:
  Non-class:      7.43 MB used.
      Class:    824.15 KB used.
       Both:      8.24 MB used.

Virtual space:
  Non-class space:       64.00 MB reserved,       7.50 MB ( 12%) committed,  1 nodes.
      Class space:        1.00 GB reserved,     960.00 KB ( <1%) committed,  1 nodes.
             Both:        1.06 GB reserved,       8.44 MB ( <1%) committed. 

Chunk freelists:
   Non-Class:  477.00 KB
       Class:  3.11 MB
        Both:  3.58 MB

MaxMetaspaceSize: unlimited
CompressedClassSpaceSize: 1.00 GB
Initial GC threshold: 21.00 MB
Current GC threshold: 21.00 MB
CDS: on
MetaspaceReclaimPolicy: balanced
 - commit_granule_bytes: 65536.
 - commit_granule_words: 8192.
 - virtual_space_node_default_size: 8388608.
 - enlarge_chunks_in_place: 1.
 - new_chunks_are_fully_committed: 0.
 - uncommit_free_chunks: 1.
 - use_allocation_guard: 0.


Internal statistics:

num_allocs_failed_limit: 0.
num_arena_births: 126.
num_arena_deaths: 0.
num_vsnodes_births: 2.
num_vsnodes_deaths: 0.
num_space_committed: 135.
num_space_uncommitted: 0.
num_chunks_returned_to_freelist: 0.
num_chunks_taken_from_freelist: 199.
num_chunk_merges: 0.
num_chunk_splits: 103.
num_chunks_enlarged: 23.
num_inconsistent_stats: 0.

CodeHeap 'non-profiled nmethods': size=119168Kb used=1342Kb max_used=1342Kb free=117825Kb
 bounds [0x000002bf12740000, 0x000002bf129b0000, 0x000002bf19ba0000]
CodeHeap 'profiled nmethods': size=119104Kb used=5315Kb max_used=5315Kb free=113788Kb
 bounds [0x000002bf0b2f0000, 0x000002bf0b830000, 0x000002bf12740000]
CodeHeap 'non-nmethods': size=7488Kb used=1278Kb max_used=3005Kb free=6209Kb
 bounds [0x000002bf0aba0000, 0x000002bf0aea0000, 0x000002bf0b2f0000]
 total_blobs=3324 nmethods=2737 adapters=499
 compilation: enabled
              stopped_count=0, restarted_count=0
 full_count=0

Compilation events (20 events):
Event: 15.087 Thread 0x000002bf20b272f0 nmethod 2728 0x000002bf12886310 code [0x000002bf128864e0, 0x000002bf128870f8]
Event: 16.172 Thread 0x000002bf20b272f0 2729       4       javax.swing.text.StyleContext$SmallAttributeSet::equals (41 bytes)
Event: 16.178 Thread 0x000002bf20b272f0 nmethod 2729 0x000002bf12887490 code [0x000002bf12887640, 0x000002bf12887a78]
Event: 16.234 Thread 0x000002bf20b272f0 2730       4       javax.swing.text.StyleContext$SmallAttributeSet::getAttributeNames (12 bytes)
Event: 16.235 Thread 0x000002bf20b272f0 nmethod 2730 0x000002bf12888090 code [0x000002bf12888220, 0x000002bf128882f8]
Event: 16.309 Thread 0x000002bf20b272f0 2731       4       javax.swing.JComponent::<init> (77 bytes)
Event: 16.316 Thread 0x000002bf20b272f0 nmethod 2731 0x000002bf12888390 code [0x000002bf12888580, 0x000002bf12888da0]
Event: 16.316 Thread 0x000002bf20b272f0 2732   !   4       java.awt.Container::addImpl (364 bytes)
Event: 16.391 Thread 0x000002bf20b272f0 nmethod 2732 0x000002bf12889190 code [0x000002bf12889520, 0x000002bf1288c900]
Event: 16.391 Thread 0x000002bf20b272f0 2733       4       java.awt.Component::updateZOrder (14 bytes)
Event: 16.392 Thread 0x000002bf20b272f0 nmethod 2733 0x000002bf1288e790 code [0x000002bf1288e920, 0x000002bf1288e9e8]
Event: 16.430 Thread 0x000002bf20b272f0 2734  s    4       sun.java2d.ScreenUpdateManager::getInstance (39 bytes)
Event: 16.430 Thread 0x000002bf20b272f0 nmethod 2734 0x000002bf1288eb10 code [0x000002bf1288eca0, 0x000002bf1288ee78]
Event: 16.547 Thread 0x000002bf20b35a10 2735       3       java.lang.Boolean::equals (29 bytes)
Event: 16.547 Thread 0x000002bf20b35a10 nmethod 2735 0x000002bf0b820910 code [0x000002bf0b820ac0, 0x000002bf0b820eb8]
Event: 16.548 Thread 0x000002bf20b272f0 2736   !   4       java.awt.Component::setGraphicsConfiguration (34 bytes)
Event: 16.549 Thread 0x000002bf20b272f0 nmethod 2736 0x000002bf1288ef10 code [0x000002bf1288f0a0, 0x000002bf1288f368]
Event: 16.915 Thread 0x000002bf20b272f0 2737       4       javax.swing.text.Utilities::getTabbedTextWidth (363 bytes)
Event: 16.919 Thread 0x000002bf20b272f0 nmethod 2737 0x000002bf1288f490 code [0x000002bf1288f640, 0x000002bf1288f8c8]
Event: 16.919 Thread 0x000002bf20b272f0 2738   !   4       java.awt.EventQueue::postEventPrivate (104 bytes)

GC Heap History (4 events):
Event: 6.445 GC heap before
{Heap before GC invocations=0 (full 0):
 garbage-first heap   total 96256K, used 23552K [0x00000000a2200000, 0x0000000100000000)
  region size 1024K, 23 young (23552K), 0 survivors (0K)
 Metaspace       used 8228K, committed 8448K, reserved 1114112K
  class space    used 822K, committed 960K, reserved 1048576K
}
Event: 6.451 GC heap after
{Heap after GC invocations=1 (full 0):
 garbage-first heap   total 96256K, used 7076K [0x00000000a2200000, 0x0000000100000000)
  region size 1024K, 3 young (3072K), 3 survivors (3072K)
 Metaspace       used 8228K, committed 8448K, reserved 1114112K
  class space    used 822K, committed 960K, reserved 1048576K
}
Event: 8.128 GC heap before
{Heap before GC invocations=1 (full 0):
 garbage-first heap   total 96256K, used 12196K [0x00000000a2200000, 0x0000000100000000)
  region size 1024K, 8 young (8192K), 3 survivors (3072K)
 Metaspace       used 8346K, committed 8576K, reserved 1114112K
  class space    used 823K, committed 960K, reserved 1048576K
}
Event: 8.132 GC heap after
{Heap after GC invocations=2 (full 0):
 garbage-first heap   total 96256K, used 8834K [0x00000000a2200000, 0x0000000100000000)
  region size 1024K, 1 young (1024K), 1 survivors (1024K)
 Metaspace       used 8346K, committed 8576K, reserved 1114112K
  class space    used 823K, committed 960K, reserved 1048576K
}

Deoptimization events (20 events):
Event: 3.039 Thread 0x000002bf03262650 Uncommon trap: trap_request=0xffffffcc fr.pc=0x000002bf127c388c relative=0x00000000000001ec
Event: 3.039 Thread 0x000002bf03262650 Uncommon trap: reason=intrinsic_or_type_checked_inlining action=make_not_entrant pc=0x000002bf127c388c method=java.util.Arrays.copyOf([Ljava/lang/Object;ILjava/lang/Class;)[Ljava/lang/Object; @ 35 c2
Event: 3.039 Thread 0x000002bf03262650 DEOPT PACKING pc=0x000002bf127c388c sp=0x000000e9a00f9df0
Event: 3.039 Thread 0x000002bf03262650 DEOPT UNPACKING pc=0x000002bf0abf23a3 sp=0x000000e9a00f9d98 mode 2
Event: 6.451 Thread 0x000002bf25800440 Uncommon trap: trap_request=0xffffff45 fr.pc=0x000002bf127a85d8 relative=0x0000000000000b58
Event: 6.451 Thread 0x000002bf25800440 Uncommon trap: reason=unstable_if action=reinterpret pc=0x000002bf127a85d8 method=java.lang.ref.SoftReference.get()Ljava/lang/Object; @ 17 c2
Event: 6.451 Thread 0x000002bf25800440 DEOPT PACKING pc=0x000002bf127a85d8 sp=0x000000e9a23fe310
Event: 6.451 Thread 0x000002bf25800440 DEOPT UNPACKING pc=0x000002bf0abf23a3 sp=0x000000e9a23fe250 mode 2
Event: 6.452 Thread 0x000002bf25800440 Uncommon trap: trap_request=0xffffff45 fr.pc=0x000002bf1278cc58 relative=0x00000000000000d8
Event: 6.452 Thread 0x000002bf25800440 Uncommon trap: reason=unstable_if action=reinterpret pc=0x000002bf1278cc58 method=java.lang.ref.SoftReference.get()Ljava/lang/Object; @ 17 c2
Event: 6.452 Thread 0x000002bf25800440 DEOPT PACKING pc=0x000002bf1278cc58 sp=0x000000e9a23fe120
Event: 6.452 Thread 0x000002bf25800440 DEOPT UNPACKING pc=0x000002bf0abf23a3 sp=0x000000e9a23fe0d8 mode 2
Event: 6.452 Thread 0x000002bf03262650 Uncommon trap: trap_request=0xffffff45 fr.pc=0x000002bf127ae850 relative=0x0000000000000c90
Event: 6.452 Thread 0x000002bf03262650 Uncommon trap: reason=unstable_if action=reinterpret pc=0x000002bf127ae850 method=java.lang.ref.SoftReference.get()Ljava/lang/Object; @ 17 c2
Event: 6.452 Thread 0x000002bf03262650 DEOPT PACKING pc=0x000002bf127ae850 sp=0x000000e9a00f2f00
Event: 6.452 Thread 0x000002bf03262650 DEOPT UNPACKING pc=0x000002bf0abf23a3 sp=0x000000e9a00f2d08 mode 2
Event: 9.379 Thread 0x000002bf25800440 Uncommon trap: trap_request=0xffffff45 fr.pc=0x000002bf1282c8e0 relative=0x00000000000035c0
Event: 9.379 Thread 0x000002bf25800440 Uncommon trap: reason=unstable_if action=reinterpret pc=0x000002bf1282c8e0 method=sun.awt.PostEventQueue.flush()V @ 23 c2
Event: 9.379 Thread 0x000002bf25800440 DEOPT PACKING pc=0x000002bf1282c8e0 sp=0x000000e9a23fee80
Event: 9.379 Thread 0x000002bf25800440 DEOPT UNPACKING pc=0x000002bf0abf23a3 sp=0x000000e9a23fee98 mode 2

Classes loaded (20 events):
Event: 0.518 Loading class javax/swing/RepaintManager$2$1
Event: 0.518 Loading class javax/swing/RepaintManager$2$1 done
Event: 0.572 Loading class sun/awt/dnd/SunDropTargetEvent
Event: 0.573 Loading class sun/awt/dnd/SunDropTargetEvent done
Event: 0.573 Loading class java/awt/event/FocusEvent
Event: 0.573 Loading class java/awt/event/FocusEvent done
Event: 0.667 Loading class java/util/concurrent/locks/AbstractQueuedSynchronizer$ConditionNode
Event: 0.667 Loading class java/util/concurrent/locks/AbstractQueuedSynchronizer$ExclusiveNode
Event: 0.667 Loading class java/util/concurrent/ForkJoinPool$ManagedBlocker
Event: 0.668 Loading class java/util/concurrent/locks/AbstractQueuedSynchronizer$Node
Event: 0.668 Loading class java/util/concurrent/ForkJoinPool$ManagedBlocker done
Event: 0.668 Loading class java/util/concurrent/locks/AbstractQueuedSynchronizer$Node done
Event: 0.668 Loading class java/util/concurrent/locks/AbstractQueuedSynchronizer$ExclusiveNode done
Event: 0.668 Loading class java/util/concurrent/locks/AbstractQueuedSynchronizer$ConditionNode done
Event: 1.705 Loading class java/lang/invoke/MethodHandle$1
Event: 1.705 Loading class java/lang/invoke/MethodHandle$1 done
Event: 3.277 Loading class javax/swing/Icon
Event: 3.277 Loading class javax/swing/Icon done
Event: 13.110 Loading class java/security/DomainCombiner
Event: 13.110 Loading class java/security/DomainCombiner done

Classes unloaded (0 events):
No events

Classes redefined (0 events):
No events

Internal exceptions (12 events):
Event: 0.081 Thread 0x000002bf03262650 Exception <a 'java/lang/ClassNotFoundException'{0x00000000a7e96250}: sun/awt/resources/spi/awtProvider> (0x00000000a7e96250) 
thrown [s\open\src\hotspot\share\classfile\systemDictionary.cpp, line 255]
Event: 0.101 Thread 0x000002bf03262650 Exception <a 'java/io/FileNotFoundException'{0x00000000a7eeb3f8}> (0x00000000a7eeb3f8) 
thrown [s\open\src\hotspot\share\prims\jni.cpp, line 516]
Event: 0.107 Thread 0x000002bf03262650 Exception <a 'java/io/FileNotFoundException'{0x00000000a7d18ae0}> (0x00000000a7d18ae0) 
thrown [s\open\src\hotspot\share\prims\jni.cpp, line 516]
Event: 0.142 Thread 0x000002bf03262650 Exception <a 'java/lang/NoSuchMethodError'{0x00000000a7d62e40}: 'java.lang.Object java.lang.invoke.DirectMethodHandle$Holder.invokeStaticInit(java.lang.Object)'> (0x00000000a7d62e40) 
thrown [s\open\src\hotspot\share\interpreter\linkResolver.cpp, line 766]
Event: 0.250 Thread 0x000002bf03262650 Exception <a 'java/lang/NoSuchMethodError'{0x00000000a7c23cb0}: 'void java.lang.invoke.DirectMethodHandle$Holder.invokeSpecial(java.lang.Object, java.lang.Object, java.lang.Object)'> (0x00000000a7c23cb0) 
thrown [s\open\src\hotspot\share\interpreter\linkResolver.cpp, line 766]
Event: 0.260 Thread 0x000002bf03262650 Exception <a 'java/lang/NoSuchMethodError'{0x00000000a7c4ecd0}: 'java.lang.Object java.lang.invoke.DirectMethodHandle$Holder.newInvokeSpecial(java.lang.Object, java.lang.Object, java.lang.Object, java.lang.Object, java.lang.Object)'> (0x00000000a7c4ecd0) 
thrown [s\open\src\hotspot\share\interpreter\linkResolver.cpp, line 766]
Event: 0.265 Thread 0x000002bf03262650 Exception <a 'java/lang/NoSuchMethodError'{0x00000000a7c80a40}: 'java.lang.Object java.lang.invoke.DirectMethodHandle$Holder.invokeStatic(java.lang.Object, int, java.lang.Object)'> (0x00000000a7c80a40) 
thrown [s\open\src\hotspot\share\interpreter\linkResolver.cpp, line 766]
Event: 0.289 Thread 0x000002bf03262650 Exception <a 'java/lang/ClassNotFoundException'{0x00000000a7b3dd68}: com/sun/swing/internal/plaf/metal/resources/spi/metalProvider> (0x00000000a7b3dd68) 
thrown [s\open\src\hotspot\share\classfile\systemDictionary.cpp, line 255]
Event: 0.290 Thread 0x000002bf03262650 Exception <a 'java/lang/ClassNotFoundException'{0x00000000a7b41e20}: com/sun/swing/internal/plaf/basic/resources/spi/basicProvider> (0x00000000a7b41e20) 
thrown [s\open\src\hotspot\share\classfile\systemDictionary.cpp, line 255]
Event: 0.298 Thread 0x000002bf03262650 Exception <a 'java/lang/NoSuchMethodError'{0x00000000a7b62980}: 'int java.lang.invoke.Invokers$Holder.invokeExact_MT(java.lang.Object, java.lang.Object)'> (0x00000000a7b62980) 
thrown [s\open\src\hotspot\share\interpreter\linkResolver.cpp, line 766]
Event: 0.348 Thread 0x000002bf2506f8f0 Exception <a 'java/lang/NoSuchMethodError'{0x00000000a7d85d80}: 'void java.lang.invoke.DirectMethodHandle$Holder.invokeVirtual(java.lang.Object, java.lang.Object)'> (0x00000000a7d85d80) 
thrown [s\open\src\hotspot\share\interpreter\linkResolver.cpp, line 766]
Event: 0.363 Thread 0x000002bf03262650 Exception <a 'java/lang/NoSuchMethodError'{0x00000000a7a31be8}: 'void java.lang.invoke.DirectMethodHandle$Holder.invokeStaticInit(java.lang.Object)'> (0x00000000a7a31be8) 
thrown [s\open\src\hotspot\share\interpreter\linkResolver.cpp, line 766]

VM Operations (20 events):
Event: 6.445 Executing VM operation: G1CollectForAllocation
Event: 6.451 Executing VM operation: G1CollectForAllocation done
Event: 7.452 Executing VM operation: Cleanup
Event: 7.452 Executing VM operation: Cleanup done
Event: 8.128 Executing VM operation: G1CollectForAllocation
Event: 8.132 Executing VM operation: G1CollectForAllocation done
Event: 9.134 Executing VM operation: Cleanup
Event: 9.134 Executing VM operation: Cleanup done
Event: 10.134 Executing VM operation: Cleanup
Event: 10.135 Executing VM operation: Cleanup done
Event: 11.135 Executing VM operation: Cleanup
Event: 11.135 Executing VM operation: Cleanup done
Event: 12.135 Executing VM operation: Cleanup
Event: 12.136 Executing VM operation: Cleanup done
Event: 13.146 Executing VM operation: Cleanup
Event: 13.146 Executing VM operation: Cleanup done
Event: 14.150 Executing VM operation: Cleanup
Event: 14.150 Executing VM operation: Cleanup done
Event: 15.151 Executing VM operation: Cleanup
Event: 15.151 Executing VM operation: Cleanup done

Events (20 events):
Event: 0.091 Loaded shared library C:\Program Files\Java\jdk-18.0.1\bin\awt.dll
Event: 0.143 Thread 0x000002bf250527a0 Thread added: 0x000002bf250527a0
Event: 0.144 Thread 0x000002bf2506b960 Thread added: 0x000002bf2506b960
Event: 0.145 Thread 0x000002bf2506f8f0 Thread added: 0x000002bf2506f8f0
Event: 0.327 Thread 0x000002bf25800440 Thread added: 0x000002bf25800440
Event: 0.367 Loaded shared library C:\Program Files\Java\jdk-18.0.1\bin\freetype.dll
Event: 0.368 Loaded shared library C:\Program Files\Java\jdk-18.0.1\bin\fontmanager.dll
Event: 1.412 Thread 0x000002bf259f6e10 Thread added: 0x000002bf259f6e10
Event: 1.412 Thread 0x000002bf25849070 Thread added: 0x000002bf25849070
Event: 8.597 Thread 0x000002bf25849070 Thread exited: 0x000002bf25849070
Event: 9.403 Thread 0x000002bf259f6e10 Thread exited: 0x000002bf259f6e10
Event: 9.403 Thread 0x000002bf24d40470 Thread exited: 0x000002bf24d40470
Event: 9.529 Thread 0x000002bf24d40470 Thread added: 0x000002bf24d40470
Event: 9.529 Thread 0x000002bf259f6e10 Thread added: 0x000002bf259f6e10
Event: 11.361 Thread 0x000002bf259f6e10 Thread exited: 0x000002bf259f6e10
Event: 11.584 Thread 0x000002bf2b008990 Thread added: 0x000002bf2b008990
Event: 12.096 Thread 0x000002bf2b008990 Thread exited: 0x000002bf2b008990
Event: 12.355 Thread 0x000002bf2b0c1f80 Thread added: 0x000002bf2b0c1f80
Event: 12.771 Thread 0x000002bf24d40470 Thread exited: 0x000002bf24d40470
Event: 13.570 Thread 0x000002bf2b0c1f80 Thread exited: 0x000002bf2b0c1f80


Dynamic libraries:
0x00007ff78bed0000 - 0x00007ff78bee0000 	C:\Program Files\Java\jdk-18.0.1\bin\java.exe
0x00007fff9ee00000 - 0x00007fff9f009000 	C:\Windows\SYSTEM32\ntdll.dll
0x00007fff9d950000 - 0x00007fff9da0d000 	C:\Windows\System32\KERNEL32.DLL
0x00007fff9c2f0000 - 0x00007fff9c669000 	C:\Windows\System32\KERNELBASE.dll
0x00007fff9c730000 - 0x00007fff9c841000 	C:\Windows\System32\ucrtbase.dll
0x00007fff83680000 - 0x00007fff83698000 	C:\Program Files\Java\jdk-18.0.1\bin\jli.dll
0x00007fff83900000 - 0x00007fff8391a000 	C:\Program Files\Java\jdk-18.0.1\bin\VCRUNTIME140.dll
0x00007fff9ed10000 - 0x00007fff9edbe000 	C:\Windows\System32\ADVAPI32.dll
0x00007fff9e3e0000 - 0x00007fff9e483000 	C:\Windows\System32\msvcrt.dll
0x00007fff9cca0000 - 0x00007fff9cd3e000 	C:\Windows\System32\sechost.dll
0x00007fff9d340000 - 0x00007fff9d460000 	C:\Windows\System32\RPCRT4.dll
0x00007fff9e720000 - 0x00007fff9e8cc000 	C:\Windows\System32\USER32.dll
0x00007fff9c8f0000 - 0x00007fff9c916000 	C:\Windows\System32\win32u.dll
0x00007fff9d460000 - 0x00007fff9d489000 	C:\Windows\System32\GDI32.dll
0x00007fff9ca90000 - 0x00007fff9cba2000 	C:\Windows\System32\gdi32full.dll
0x00007fff8a020000 - 0x00007fff8a2c5000 	C:\Windows\WinSxS\amd64_microsoft.windows.common-controls_6595b64144ccf1df_6.0.22000.120_none_9d947278b86cc467\COMCTL32.dll
0x00007fff9c850000 - 0x00007fff9c8ed000 	C:\Windows\System32\msvcp_win.dll
0x00007fff92ca0000 - 0x00007fff92caa000 	C:\Windows\SYSTEM32\VERSION.dll
0x00007fff9cd60000 - 0x00007fff9cd91000 	C:\Windows\System32\IMM32.DLL
0x00007fff992b0000 - 0x00007fff992bc000 	C:\Program Files\Java\jdk-18.0.1\bin\vcruntime140_1.dll
0x00007fff6c9c0000 - 0x00007fff6ca4d000 	C:\Program Files\Java\jdk-18.0.1\bin\msvcp140.dll
0x00007ffefc930000 - 0x00007ffefd540000 	C:\Program Files\Java\jdk-18.0.1\bin\server\jvm.dll
0x00007fff9d210000 - 0x00007fff9d218000 	C:\Windows\System32\PSAPI.DLL
0x00007fff971a0000 - 0x00007fff971d3000 	C:\Windows\SYSTEM32\WINMM.dll
0x00007fff8ab50000 - 0x00007fff8ab59000 	C:\Windows\SYSTEM32\WSOCK32.dll
0x00007fff9e990000 - 0x00007fff9e9ff000 	C:\Windows\System32\WS2_32.dll
0x00007fff9b3c0000 - 0x00007fff9b3d8000 	C:\Windows\SYSTEM32\kernel.appcore.dll
0x00007fff94ac0000 - 0x00007fff94aca000 	C:\Program Files\Java\jdk-18.0.1\bin\jimage.dll
0x00007fff99ea0000 - 0x00007fff9a0c1000 	C:\Windows\SYSTEM32\DBGHELP.DLL
0x00007fff95150000 - 0x00007fff95181000 	C:\Windows\SYSTEM32\dbgcore.DLL
0x00007fff9cc20000 - 0x00007fff9cc9f000 	C:\Windows\System32\bcryptPrimitives.dll
0x00007fff83640000 - 0x00007fff83665000 	C:\Program Files\Java\jdk-18.0.1\bin\java.dll
0x00007fff4a790000 - 0x00007fff4a866000 	C:\Program Files\Java\jdk-18.0.1\bin\jsvml.dll
0x00007fff9da10000 - 0x00007fff9e1bf000 	C:\Windows\System32\SHELL32.dll
0x00007fff9a3e0000 - 0x00007fff9ac48000 	C:\Windows\SYSTEM32\windows.storage.dll
0x00007fff9d490000 - 0x00007fff9d808000 	C:\Windows\System32\combase.dll
0x00007fff9a270000 - 0x00007fff9a3d6000 	C:\Windows\SYSTEM32\wintypes.dll
0x00007fff9e490000 - 0x00007fff9e57a000 	C:\Windows\System32\SHCORE.dll
0x00007fff9e930000 - 0x00007fff9e98d000 	C:\Windows\System32\shlwapi.dll
0x00007fff9c220000 - 0x00007fff9c241000 	C:\Windows\SYSTEM32\profapi.dll
0x00007fff838e0000 - 0x00007fff838f3000 	C:\Program Files\Java\jdk-18.0.1\bin\net.dll
0x00007fff96ef0000 - 0x00007fff96ffc000 	C:\Windows\SYSTEM32\WINHTTP.dll
0x00007fff9b890000 - 0x00007fff9b8f7000 	C:\Windows\system32\mswsock.dll
0x00007fff80560000 - 0x00007fff80576000 	C:\Program Files\Java\jdk-18.0.1\bin\nio.dll
0x00007fff80510000 - 0x00007fff80528000 	C:\Program Files\Java\jdk-18.0.1\bin\zip.dll
0x00007fff3b470000 - 0x00007fff3b5ff000 	C:\Program Files\Java\jdk-18.0.1\bin\awt.dll
0x00007fff9ea00000 - 0x00007fff9ead6000 	C:\Windows\System32\OLEAUT32.dll
0x00007fff991d0000 - 0x00007fff99261000 	C:\Windows\SYSTEM32\apphelp.dll
0x00007fff999f0000 - 0x00007fff99a1f000 	C:\Windows\system32\DWMAPI.DLL
0x00007fff99490000 - 0x00007fff9953c000 	C:\Windows\system32\uxtheme.dll
0x00007fff5a990000 - 0x00007fff5aa91000 	C:\Windows\system32\opengl32.dll
0x00007fff5a400000 - 0x00007fff5a42d000 	C:\Windows\SYSTEM32\GLU32.dll
0x00007fff995b0000 - 0x00007fff995e8000 	C:\Windows\SYSTEM32\dxcore.dll
0x00007fff9d220000 - 0x00007fff9d33e000 	C:\Windows\System32\MSCTF.dll
0x00007fff9e580000 - 0x00007fff9e71a000 	C:\Windows\System32\ole32.dll
0x00007fff62c20000 - 0x00007fff62dc6000 	C:\Windows\system32\d3d9.dll
0x00007fff91c50000 - 0x00007fff91e08000 	C:\Windows\System32\DriverStore\FileRepository\u0374599.inf_amd64_aba9a4d013a9d4c8\B374495\aticfx64.dll
0x00007fff80320000 - 0x00007fff80354000 	C:\Windows\System32\DriverStore\FileRepository\u0374599.inf_amd64_aba9a4d013a9d4c8\B374495\atiu9p64.dll
0x00007fff1ad10000 - 0x00007fff1ba64000 	C:\Windows\System32\DriverStore\FileRepository\u0374599.inf_amd64_aba9a4d013a9d4c8\B374495\atiumd64.dll
0x0000000063bf0000 - 0x0000000064a65000 	C:\Windows\System32\DriverStore\FileRepository\u0374599.inf_amd64_aba9a4d013a9d4c8\B374495\atiumd6a.dll
0x00007fff9cda0000 - 0x00007fff9d20c000 	C:\Windows\System32\SETUPAPI.dll
0x00007fff9bda0000 - 0x00007fff9bded000 	C:\Windows\SYSTEM32\POWRPROF.dll
0x00007fff9bc90000 - 0x00007fff9bca3000 	C:\Windows\SYSTEM32\UMPDC.dll
0x00007fff8fae0000 - 0x00007fff8fb10000 	C:\Windows\SYSTEM32\amdihk64.dll
0x00007fff97000000 - 0x00007fff97044000 	C:\Windows\SYSTEM32\directxdatabasehelper.dll
0x00007fff9b050000 - 0x00007fff9b084000 	C:\Windows\SYSTEM32\ntmarta.dll
0x00007fff5a120000 - 0x00007fff5a1a9000 	C:\Program Files\Java\jdk-18.0.1\bin\freetype.dll
0x00007fff4a360000 - 0x00007fff4a408000 	C:\Program Files\Java\jdk-18.0.1\bin\fontmanager.dll
0x00007fff9d890000 - 0x00007fff9d93f000 	C:\Windows\System32\clbcatq.dll
0x00007fff94eb0000 - 0x00007fff9505e000 	C:\Windows\SYSTEM32\WindowsCodecs.dll
0x00007fff779b0000 - 0x00007fff77a0d000 	C:\Windows\system32\dataexchange.dll
0x00007fff928e0000 - 0x00007fff92b46000 	C:\Windows\system32\twinapi.appcore.dll

dbghelp: loaded successfully - version: 4.0.5 - missing functions: none
symbol engine: initialized successfully - sym options: 0x614 - pdb path: .;C:\Program Files\Java\jdk-18.0.1\bin;C:\Windows\SYSTEM32;C:\Windows\WinSxS\amd64_microsoft.windows.common-controls_6595b64144ccf1df_6.0.22000.120_none_9d947278b86cc467;C:\Program Files\Java\jdk-18.0.1\bin\server;C:\Windows\System32\DriverStore\FileRepository\u0374599.inf_amd64_aba9a4d013a9d4c8\B374495

VM Arguments:
java_command: App
java_class_path (initial): C:\Estudo\Programacao_Desktop\RapTasks\target\classes;C:\Users\gabri\.m2\repository\org\netbeans\external\AbsoluteLayout\RELEASE126\AbsoluteLayout-RELEASE126.jar;C:\Users\gabri\.m2\repository\org\postgresql\postgresql\42.3.6\postgresql-42.3.6.jar;C:\Users\gabri\.m2\repository\org\checkerframework\checker-qual\3.5.0\checker-qual-3.5.0.jar;C:\Users\gabri\.m2\repository\com\password4j\password4j\1.5.4\password4j-1.5.4.jar;C:\Users\gabri\.m2\repository\org\apache\commons\commons-lang3\3.12.0\commons-lang3-3.12.0.jar;C:\Users\gabri\.m2\repository\org\slf4j\slf4j-api\1.7.36\slf4j-api-1.7.36.jar;C:\Users\gabri\.m2\repository\org\slf4j\slf4j-simple\1.7.36\slf4j-simple-1.7.36.jar
Launcher Type: SUN_STANDARD

[Global flags]
     intx CICompilerCount                          = 12                                        {product} {ergonomic}
     uint ConcGCThreads                            = 3                                         {product} {ergonomic}
     uint G1ConcRefinementThreads                  = 13                                        {product} {ergonomic}
   size_t G1HeapRegionSize                         = 1048576                                   {product} {ergonomic}
    uintx GCDrainStackTargetSize                   = 64                                        {product} {ergonomic}
   size_t InitialHeapSize                          = 98566144                                  {product} {ergonomic}
   size_t MarkStackSize                            = 4194304                                   {product} {ergonomic}
   size_t MaxHeapSize                              = 1574961152                                {product} {ergonomic}
   size_t MaxNewSize                               = 944766976                                 {product} {ergonomic}
   size_t MinHeapDeltaBytes                        = 1048576                                   {product} {ergonomic}
   size_t MinHeapSize                              = 8388608                                   {product} {ergonomic}
    uintx NonNMethodCodeHeapSize                   = 7602480                                {pd product} {ergonomic}
    uintx NonProfiledCodeHeapSize                  = 122027880                              {pd product} {ergonomic}
    uintx ProfiledCodeHeapSize                     = 122027880                              {pd product} {ergonomic}
    uintx ReservedCodeCacheSize                    = 251658240                              {pd product} {ergonomic}
     bool SegmentedCodeCache                       = true                                      {product} {ergonomic}
   size_t SoftMaxHeapSize                          = 1574961152                             {manageable} {ergonomic}
     bool UseCompressedClassPointers               = true                           {product lp64_product} {ergonomic}
     bool UseCompressedOops                        = true                           {product lp64_product} {ergonomic}
     bool UseG1GC                                  = true                                      {product} {ergonomic}
     bool UseLargePagesIndividualAllocation        = false                                  {pd product} {ergonomic}

Logging:
Log output configuration:
 #0: stdout all=warning uptime,level,tags foldmultilines=false
 #1: stderr all=off uptime,level,tags foldmultilines=false

Environment Variables:
JAVA_HOME=C:\Program Files\Java\jdk-18.0.1
PATH=C:\Program Files\Common Files\Oracle\Java\javapath;C:\Program Files (x86)\Common Files\Oracle\Java\javapath;C:\Program Files\Microsoft\jdk-11.0.12.7-hotspot\bin;C:\Windows\system32;C:\Windows;C:\Windows\System32\Wbem;C:\Windows\System32\WindowsPowerShell\v1.0\;C:\Windows\System32\OpenSSH\;C:\Users\gabri\AppData\Roaming\nvm;C:\Program Files\nodejs;C:\Program Files\Git\cmd;C:\Program Files\Microsoft SQL Server\150\Tools\Binn\;C:\Program Files\Microsoft SQL Server\Client SDK\ODBC\170\Tools\Binn\;C:\Program Files\dotnet\;C:\xampp\php\;C:\Program Files (x86)\Bitvise SSH Client;C:\ProgramData\chocolatey\bin;C:\Users\gabri\.cargo\bin;C:\Users\gabri\AppData\Local\Programs\Python\Python310\Scripts\;C:\Users\gabri\AppData\Local\Programs\Python\Python310\;C:\Users\gabri\AppData\Local\Microsoft\WindowsApps;C:\Users\gabri\AppData\Local\Programs\Microsoft VS Code\bin;C:\Users\gabri\AppData\Roaming\nvm;C:\Program Files\nodejs;C:\Users\gabri\.dotnet\tools;C:\Program Files\JetBrains\IntelliJ IDEA Community Edition 2022.1\bin;
USERNAME=gabri
OS=Windows_NT
PROCESSOR_IDENTIFIER=AMD64 Family 23 Model 104 Stepping 1, AuthenticAMD



---------------  S Y S T E M  ---------------

OS:
 Windows 11 , 64 bit Build 22000 (10.0.22000.675)
OS uptime: 6 days 15:51 hours
Hyper-V role detected

CPU: total 16 (initial active 16) (16 cores per cpu, 2 threads per core) family 23 model 104 stepping 1 microcode 0x0, cx8, cmov, fxsr, ht, mmx, 3dnowpref, sse, sse2, sse3, ssse3, sse4a, sse4.1, sse4.2, popcnt, lzcnt, tsc, tscinvbit, avx, avx2, aes, clmul, bmi1, bmi2, adx, sha, fma, vzeroupper, clflush, clflushopt, hv

Memory: 4k page, system-wide physical 6005M (649M free)
TotalPageFile size 24437M (AvailPageFile size 0M)
current process WorkingSet (physical memory assigned to process): 110M, peak: 129M
current process commit charge ("private bytes"): 228M, peak: 248M

vm_info: Java HotSpot(TM) 64-Bit Server VM (18.0.1+10-24) for windows-amd64 JRE (18.0.1+10-24), built on Mar  9 2022 22:41:56 by "mach5one" with MS VC++ 16.8 / 16.9 (VS2019)

END.
