#
# There is insufficient memory for the Java Runtime Environment to continue.
# Native memory allocation (malloc) failed to allocate 1078544 bytes for Chunk::new
# Possible reasons:
#   The system is out of physical RAM or swap space
#   The process is running with CompressedOops enabled, and the Java Heap may be blocking the growth of the native heap
# Possible solutions:
#   Reduce memory load on the system
#   Increase physical memory or swap space
#   Check if swap backing store is full
#   Decrease Java heap size (-Xmx/-Xms)
#   Decrease number of Java threads
#   Decrease Java thread stack sizes (-Xss)
#   Set larger code cache with -XX:ReservedCodeCacheSize=
#   JVM is running with Unscaled Compressed Oops mode in which the Java heap is
#     placed in the first 4GB address space. The Java Heap base address is the
#     maximum limit for the native heap growth. Please use -XX:HeapBaseMinAddress
#     to set the Java Heap base and to place the Java Heap above 4GB virtual address.
# This output file may be truncated or incomplete.
#
#  Out of Memory Error (arena.cpp:184), pid=71308, tid=93740
#
# JRE version: Java(TM) SE Runtime Environment (18.0.1+10) (build 18.0.1+10-24)
# Java VM: Java HotSpot(TM) 64-Bit Server VM (18.0.1+10-24, mixed mode, sharing, tiered, compressed oops, compressed class ptrs, g1 gc, windows-amd64)
# No core dump will be written. Minidumps are not enabled by default on client versions of Windows
#

---------------  S U M M A R Y ------------

Command Line: -Dclassworlds.conf=C:\Program Files\NetBeans-12.6\netbeans\java\maven\bin\..\bin\m2.conf -Dmaven.home=C:\Program Files\NetBeans-12.6\netbeans\java\maven\bin\.. -Dlibrary.jansi.path=C:\Program Files\NetBeans-12.6\netbeans\java\maven\bin\..\lib\jansi-native -Dmaven.multiModuleProjectDirectory=C:\Estudo\Programacao_Desktop\RapTasks org.codehaus.plexus.classworlds.launcher.Launcher -Dexec.vmArgs= -Dexec.args=${exec.vmArgs} -classpath %classpath ${exec.mainClass} ${exec.appArgs} -Dexec.appArgs= -Dexec.mainClass=App -Dexec.executable=C:\Program Files\Java\jdk-18.0.1\bin\java.exe -Dmaven.ext.class.path=C:\Program Files\NetBeans-12.6\netbeans\java\maven-nblib\netbeans-eventspy.jar org.codehaus.mojo:exec-maven-plugin:3.0.0:exec

Host: AMD Ryzen 7 5700U with Radeon Graphics         , 16 cores, 5G,  Windows 11 , 64 bit Build 22000 (10.0.22000.675)
Time: Tue Jun 14 04:51:27 2022 Hora oficial do Brasil elapsed time: 2.056439 seconds (0d 0h 0m 2s)

---------------  T H R E A D  ---------------

Current thread (0x000001cafc549040):  JavaThread "C2 CompilerThread1" daemon [_thread_in_native, id=93740, stack(0x00000015c5b00000,0x00000015c5c00000)]


Current CompileTask:
C2:   2056 3584       4       java.lang.invoke.MethodType::makeImpl (109 bytes)

Stack: [0x00000015c5b00000,0x00000015c5c00000]
Native frames: (J=compiled Java code, j=interpreted, Vv=VM code, C=native code)
V  [jvm.dll+0x69887a]
V  [jvm.dll+0x7f38bd]
V  [jvm.dll+0x7f51ce]
V  [jvm.dll+0x7f5883]
V  [jvm.dll+0x25ca3f]
V  [jvm.dll+0xb8c2f]
V  [jvm.dll+0xb8fa5]
V  [jvm.dll+0x385a6b]
V  [jvm.dll+0x34f811]
V  [jvm.dll+0x34ecaa]
V  [jvm.dll+0x22fc21]
V  [jvm.dll+0x22eff1]
V  [jvm.dll+0x1b9cfc]
V  [jvm.dll+0x23e8ca]
V  [jvm.dll+0x23cbb5]
V  [jvm.dll+0x7a5fb1]
V  [jvm.dll+0x7a03ea]
V  [jvm.dll+0x697725]
C  [ucrtbase.dll+0x26c0c]
C  [KERNEL32.DLL+0x154e0]
C  [ntdll.dll+0x485b]


---------------  P R O C E S S  ---------------

Threads class SMR info:
_java_thread_list=0x000001cafc73f4c0, length=19, elements={
0x000001cad7a65b60, 0x000001caf72ce6e0, 0x000001caf72cf340, 0x000001caf72e6680,
0x000001caf72e7630, 0x000001caf72e7fd0, 0x000001caf72e9390, 0x000001caf72eb480,
0x000001caf72ec270, 0x000001caf72fdd90, 0x000001caf72b0db0, 0x000001cafb60edb0,
0x000001cafb615af0, 0x000001cafbb4a500, 0x000001cafc608010, 0x000001cafc549040,
0x000001cafc6af020, 0x000001cafc9a6b80, 0x000001cafcf96050
}

Java Threads: ( => current thread )
  0x000001cad7a65b60 JavaThread "main" [_thread_in_native, id=94064, stack(0x00000015c3c00000,0x00000015c3d00000)]
  0x000001caf72ce6e0 JavaThread "Reference Handler" daemon [_thread_blocked, id=86632, stack(0x00000015c4300000,0x00000015c4400000)]
  0x000001caf72cf340 JavaThread "Finalizer" daemon [_thread_blocked, id=89856, stack(0x00000015c4400000,0x00000015c4500000)]
  0x000001caf72e6680 JavaThread "Signal Dispatcher" daemon [_thread_blocked, id=90464, stack(0x00000015c4500000,0x00000015c4600000)]
  0x000001caf72e7630 JavaThread "Attach Listener" daemon [_thread_blocked, id=92092, stack(0x00000015c4600000,0x00000015c4700000)]
  0x000001caf72e7fd0 JavaThread "Service Thread" daemon [_thread_blocked, id=89700, stack(0x00000015c4700000,0x00000015c4800000)]
  0x000001caf72e9390 JavaThread "Monitor Deflation Thread" daemon [_thread_blocked, id=10328, stack(0x00000015c4800000,0x00000015c4900000)]
  0x000001caf72eb480 JavaThread "C2 CompilerThread0" daemon [_thread_in_native, id=93252, stack(0x00000015c4900000,0x00000015c4a00000)]
  0x000001caf72ec270 JavaThread "C1 CompilerThread0" daemon [_thread_blocked, id=89248, stack(0x00000015c4a00000,0x00000015c4b00000)]
  0x000001caf72fdd90 JavaThread "Sweeper thread" daemon [_thread_blocked, id=77628, stack(0x00000015c4b00000,0x00000015c4c00000)]
  0x000001caf72b0db0 JavaThread "C1 CompilerThread1" daemon [_thread_blocked, id=92760, stack(0x00000015c4c00000,0x00000015c4d00000)]
  0x000001cafb60edb0 JavaThread "Notification Thread" daemon [_thread_blocked, id=76948, stack(0x00000015c4d00000,0x00000015c4e00000)]
  0x000001cafb615af0 JavaThread "Common-Cleaner" daemon [_thread_blocked, id=45596, stack(0x00000015c4f00000,0x00000015c5000000)]
  0x000001cafbb4a500 JavaThread "C1 CompilerThread2" daemon [_thread_blocked, id=79052, stack(0x00000015c5000000,0x00000015c5100000)]
  0x000001cafc608010 JavaThread "C1 CompilerThread3" daemon [_thread_blocked, id=88664, stack(0x00000015c5a00000,0x00000015c5b00000)]
=>0x000001cafc549040 JavaThread "C2 CompilerThread1" daemon [_thread_in_native, id=93740, stack(0x00000015c5b00000,0x00000015c5c00000)]
  0x000001cafc6af020 JavaThread "Exec Stream Pumper" daemon [_thread_in_native, id=88036, stack(0x00000015c5c00000,0x00000015c5d00000)]
  0x000001cafc9a6b80 JavaThread "Exec Stream Pumper" daemon [_thread_in_native, id=93248, stack(0x00000015c5d00000,0x00000015c5e00000)]
  0x000001cafcf96050 JavaThread "Exec Input Stream Pumper" daemon [_thread_blocked, id=88644, stack(0x00000015c5e00000,0x00000015c5f00000)]

Other Threads:
  0x000001caf72c7980 VMThread "VM Thread" [stack: 0x00000015c4200000,0x00000015c4300000] [id=93752]
  0x000001cafb6106b0 WatcherThread "VM Periodic Task Thread" [stack: 0x00000015c4e00000,0x00000015c4f00000] [id=93624]
  0x000001cad7ab5c00 WorkerThread "GC Thread#0" [stack: 0x00000015c3d00000,0x00000015c3e00000] [id=69688]
  0x000001cafc32ac60 WorkerThread "GC Thread#1" [stack: 0x00000015c5100000,0x00000015c5200000] [id=76072]
  0x000001cafbc53bb0 WorkerThread "GC Thread#2" [stack: 0x00000015c5200000,0x00000015c5300000] [id=66404]
  0x000001cafc307360 WorkerThread "GC Thread#3" [stack: 0x00000015c5300000,0x00000015c5400000] [id=92764]
  0x000001cafc308220 WorkerThread "GC Thread#4" [stack: 0x00000015c5400000,0x00000015c5500000] [id=25852]
  0x000001cafc3086d0 WorkerThread "GC Thread#5" [stack: 0x00000015c5500000,0x00000015c5600000] [id=79156]
  0x000001cafc308f00 WorkerThread "GC Thread#6" [stack: 0x00000015c5600000,0x00000015c5700000] [id=92520]
  0x000001cafc3091a0 WorkerThread "GC Thread#7" [stack: 0x00000015c5700000,0x00000015c5800000] [id=89360]
  0x000001cafc309c20 WorkerThread "GC Thread#8" [stack: 0x00000015c5800000,0x00000015c5900000] [id=90256]
  0x000001cafc309ec0 WorkerThread "GC Thread#9" [stack: 0x00000015c5900000,0x00000015c5a00000] [id=84320]
  0x000001cad7ac3700 ConcurrentGCThread "G1 Main Marker" [stack: 0x00000015c3e00000,0x00000015c3f00000] [id=92460]
  0x000001cad7ac40f0 WorkerThread "G1 Conc#0" [stack: 0x00000015c3f00000,0x00000015c4000000] [id=83228]
  0x000001cad7b23150 ConcurrentGCThread "G1 Refine#0" [stack: 0x00000015c4000000,0x00000015c4100000] [id=54828]
  0x000001cad7b23a60 ConcurrentGCThread "G1 Service" [stack: 0x00000015c4100000,0x00000015c4200000] [id=93748]

Threads with active compile tasks:
C2 CompilerThread0     2075 3495   !   4       java.net.URL::<init> (543 bytes)
C2 CompilerThread1     2075 3584       4       java.lang.invoke.MethodType::makeImpl (109 bytes)

VM state: not at safepoint (normal execution)

VM Mutex/Monitor currently owned by a thread: None

Heap address: 0x00000000a2200000, size: 1502 MB, Compressed Oops mode: 32-bit

CDS archive(s) mapped at: [0x0000000800000000-0x0000000800ba0000-0x0000000800ba0000), size 12189696, SharedBaseAddress: 0x0000000800000000, ArchiveRelocationMode: 0.
Compressed class space mapped at: 0x0000000800c00000-0x0000000840c00000, reserved size: 1073741824
Narrow klass base: 0x0000000800000000, Narrow klass shift: 0, Narrow klass range: 0x100000000

GC Precious Log:
 CardTable entry size: 512
 Card Set container configuration: InlinePtr #cards 5 size 8 Array Of Cards #cards 12 size 40 Howl #buckets 4 coarsen threshold 1843 Howl Bitmap #cards 512 size 80 coarsen threshold 460 Card regions per heap region 1 cards per card region 2048
 CPUs: 16 total, 16 available
 Memory: 6005M
 Large Page Support: Disabled
 NUMA Support: Disabled
 Compressed Oops: Enabled (32-bit)
 Heap Region Size: 1M
 Heap Min Capacity: 8M
 Heap Initial Capacity: 94M
 Heap Max Capacity: 1502M
 Pre-touch: Disabled
 Parallel Workers: 13
 Concurrent Workers: 3
 Concurrent Refinement Workers: 13
 Periodic GC: Disabled

Heap:
 garbage-first heap   total 96256K, used 50854K [0x00000000a2200000, 0x0000000100000000)
  region size 1024K, 48 young (49152K), 3 survivors (3072K)
 Metaspace       used 14246K, committed 14528K, reserved 1114112K
  class space    used 1585K, committed 1728K, reserved 1048576K

Heap Regions: E=young(eden), S=young(survivor), O=old, HS=humongous(starts), HC=humongous(continues), CS=collection set, F=free, OA=open archive, CA=closed archive, TAMS=top-at-mark-start (previous, next)
|   0|0x00000000a2200000, 0x00000000a2300000, 0x00000000a2300000|100%| O|  |TAMS 0x00000000a2200000, 0x00000000a2200000| Untracked 
|   1|0x00000000a2300000, 0x00000000a2400000, 0x00000000a2400000|100%| O|  |TAMS 0x00000000a2300000, 0x00000000a2300000| Untracked 
|   2|0x00000000a2400000, 0x00000000a2500000, 0x00000000a2500000|100%| O|  |TAMS 0x00000000a2400000, 0x00000000a2400000| Untracked 
|   3|0x00000000a2500000, 0x00000000a2569000, 0x00000000a2600000| 41%| O|  |TAMS 0x00000000a2500000, 0x00000000a2500000| Untracked 
|   4|0x00000000a2600000, 0x00000000a2600000, 0x00000000a2700000|  0%| F|  |TAMS 0x00000000a2600000, 0x00000000a2600000| Untracked 
|   5|0x00000000a2700000, 0x00000000a2700000, 0x00000000a2800000|  0%| F|  |TAMS 0x00000000a2700000, 0x00000000a2700000| Untracked 
|   6|0x00000000a2800000, 0x00000000a2800000, 0x00000000a2900000|  0%| F|  |TAMS 0x00000000a2800000, 0x00000000a2800000| Untracked 
|   7|0x00000000a2900000, 0x00000000a2900000, 0x00000000a2a00000|  0%| F|  |TAMS 0x00000000a2900000, 0x00000000a2900000| Untracked 
|   8|0x00000000a2a00000, 0x00000000a2a00000, 0x00000000a2b00000|  0%| F|  |TAMS 0x00000000a2a00000, 0x00000000a2a00000| Untracked 
|   9|0x00000000a2b00000, 0x00000000a2b00000, 0x00000000a2c00000|  0%| F|  |TAMS 0x00000000a2b00000, 0x00000000a2b00000| Untracked 
|  10|0x00000000a2c00000, 0x00000000a2c00000, 0x00000000a2d00000|  0%| F|  |TAMS 0x00000000a2c00000, 0x00000000a2c00000| Untracked 
|  11|0x00000000a2d00000, 0x00000000a2d00000, 0x00000000a2e00000|  0%| F|  |TAMS 0x00000000a2d00000, 0x00000000a2d00000| Untracked 
|  12|0x00000000a2e00000, 0x00000000a2e00000, 0x00000000a2f00000|  0%| F|  |TAMS 0x00000000a2e00000, 0x00000000a2e00000| Untracked 
|  13|0x00000000a2f00000, 0x00000000a2f00000, 0x00000000a3000000|  0%| F|  |TAMS 0x00000000a2f00000, 0x00000000a2f00000| Untracked 
|  14|0x00000000a3000000, 0x00000000a3000000, 0x00000000a3100000|  0%| F|  |TAMS 0x00000000a3000000, 0x00000000a3000000| Untracked 
|  15|0x00000000a3100000, 0x00000000a3100000, 0x00000000a3200000|  0%| F|  |TAMS 0x00000000a3100000, 0x00000000a3100000| Untracked 
|  16|0x00000000a3200000, 0x00000000a3200000, 0x00000000a3300000|  0%| F|  |TAMS 0x00000000a3200000, 0x00000000a3200000| Untracked 
|  17|0x00000000a3300000, 0x00000000a3300000, 0x00000000a3400000|  0%| F|  |TAMS 0x00000000a3300000, 0x00000000a3300000| Untracked 
|  18|0x00000000a3400000, 0x00000000a3400000, 0x00000000a3500000|  0%| F|  |TAMS 0x00000000a3400000, 0x00000000a3400000| Untracked 
|  19|0x00000000a3500000, 0x00000000a3500000, 0x00000000a3600000|  0%| F|  |TAMS 0x00000000a3500000, 0x00000000a3500000| Untracked 
|  20|0x00000000a3600000, 0x00000000a3600000, 0x00000000a3700000|  0%| F|  |TAMS 0x00000000a3600000, 0x00000000a3600000| Untracked 
|  21|0x00000000a3700000, 0x00000000a3700000, 0x00000000a3800000|  0%| F|  |TAMS 0x00000000a3700000, 0x00000000a3700000| Untracked 
|  22|0x00000000a3800000, 0x00000000a3800000, 0x00000000a3900000|  0%| F|  |TAMS 0x00000000a3800000, 0x00000000a3800000| Untracked 
|  23|0x00000000a3900000, 0x00000000a3900000, 0x00000000a3a00000|  0%| F|  |TAMS 0x00000000a3900000, 0x00000000a3900000| Untracked 
|  24|0x00000000a3a00000, 0x00000000a3a00000, 0x00000000a3b00000|  0%| F|  |TAMS 0x00000000a3a00000, 0x00000000a3a00000| Untracked 
|  25|0x00000000a3b00000, 0x00000000a3b00000, 0x00000000a3c00000|  0%| F|  |TAMS 0x00000000a3b00000, 0x00000000a3b00000| Untracked 
|  26|0x00000000a3c00000, 0x00000000a3c00000, 0x00000000a3d00000|  0%| F|  |TAMS 0x00000000a3c00000, 0x00000000a3c00000| Untracked 
|  27|0x00000000a3d00000, 0x00000000a3d00000, 0x00000000a3e00000|  0%| F|  |TAMS 0x00000000a3d00000, 0x00000000a3d00000| Untracked 
|  28|0x00000000a3e00000, 0x00000000a3e00000, 0x00000000a3f00000|  0%| F|  |TAMS 0x00000000a3e00000, 0x00000000a3e00000| Untracked 
|  29|0x00000000a3f00000, 0x00000000a3f00000, 0x00000000a4000000|  0%| F|  |TAMS 0x00000000a3f00000, 0x00000000a3f00000| Untracked 
|  30|0x00000000a4000000, 0x00000000a4000000, 0x00000000a4100000|  0%| F|  |TAMS 0x00000000a4000000, 0x00000000a4000000| Untracked 
|  31|0x00000000a4100000, 0x00000000a4100000, 0x00000000a4200000|  0%| F|  |TAMS 0x00000000a4100000, 0x00000000a4100000| Untracked 
|  32|0x00000000a4200000, 0x00000000a4200000, 0x00000000a4300000|  0%| F|  |TAMS 0x00000000a4200000, 0x00000000a4200000| Untracked 
|  33|0x00000000a4300000, 0x00000000a4300000, 0x00000000a4400000|  0%| F|  |TAMS 0x00000000a4300000, 0x00000000a4300000| Untracked 
|  34|0x00000000a4400000, 0x00000000a4400000, 0x00000000a4500000|  0%| F|  |TAMS 0x00000000a4400000, 0x00000000a4400000| Untracked 
|  35|0x00000000a4500000, 0x00000000a4500000, 0x00000000a4600000|  0%| F|  |TAMS 0x00000000a4500000, 0x00000000a4500000| Untracked 
|  36|0x00000000a4600000, 0x00000000a4600000, 0x00000000a4700000|  0%| F|  |TAMS 0x00000000a4600000, 0x00000000a4600000| Untracked 
|  37|0x00000000a4700000, 0x00000000a4700000, 0x00000000a4800000|  0%| F|  |TAMS 0x00000000a4700000, 0x00000000a4700000| Untracked 
|  38|0x00000000a4800000, 0x00000000a4800000, 0x00000000a4900000|  0%| F|  |TAMS 0x00000000a4800000, 0x00000000a4800000| Untracked 
|  39|0x00000000a4900000, 0x00000000a4900000, 0x00000000a4a00000|  0%| F|  |TAMS 0x00000000a4900000, 0x00000000a4900000| Untracked 
|  40|0x00000000a4a00000, 0x00000000a4a00000, 0x00000000a4b00000|  0%| F|  |TAMS 0x00000000a4a00000, 0x00000000a4a00000| Untracked 
|  41|0x00000000a4b00000, 0x00000000a4b00000, 0x00000000a4c00000|  0%| F|  |TAMS 0x00000000a4b00000, 0x00000000a4b00000| Untracked 
|  42|0x00000000a4c00000, 0x00000000a4c00000, 0x00000000a4d00000|  0%| F|  |TAMS 0x00000000a4c00000, 0x00000000a4c00000| Untracked 
|  43|0x00000000a4d00000, 0x00000000a4d00000, 0x00000000a4e00000|  0%| F|  |TAMS 0x00000000a4d00000, 0x00000000a4d00000| Untracked 
|  44|0x00000000a4e00000, 0x00000000a4e00000, 0x00000000a4f00000|  0%| F|  |TAMS 0x00000000a4e00000, 0x00000000a4e00000| Untracked 
|  45|0x00000000a4f00000, 0x00000000a4f00000, 0x00000000a5000000|  0%| F|  |TAMS 0x00000000a4f00000, 0x00000000a4f00000| Untracked 
|  46|0x00000000a5000000, 0x00000000a505b350, 0x00000000a5100000| 35%| E|  |TAMS 0x00000000a5000000, 0x00000000a5000000| Complete 
|  47|0x00000000a5100000, 0x00000000a5200000, 0x00000000a5200000|100%| E|CS|TAMS 0x00000000a5100000, 0x00000000a5100000| Complete 
|  48|0x00000000a5200000, 0x00000000a5300000, 0x00000000a5300000|100%| E|CS|TAMS 0x00000000a5200000, 0x00000000a5200000| Complete 
|  49|0x00000000a5300000, 0x00000000a5400000, 0x00000000a5400000|100%| E|CS|TAMS 0x00000000a5300000, 0x00000000a5300000| Complete 
|  50|0x00000000a5400000, 0x00000000a5500000, 0x00000000a5500000|100%| E|CS|TAMS 0x00000000a5400000, 0x00000000a5400000| Complete 
|  51|0x00000000a5500000, 0x00000000a5600000, 0x00000000a5600000|100%| E|CS|TAMS 0x00000000a5500000, 0x00000000a5500000| Complete 
|  52|0x00000000a5600000, 0x00000000a5700000, 0x00000000a5700000|100%| E|CS|TAMS 0x00000000a5600000, 0x00000000a5600000| Complete 
|  53|0x00000000a5700000, 0x00000000a5800000, 0x00000000a5800000|100%| E|CS|TAMS 0x00000000a5700000, 0x00000000a5700000| Complete 
|  54|0x00000000a5800000, 0x00000000a5900000, 0x00000000a5900000|100%| E|CS|TAMS 0x00000000a5800000, 0x00000000a5800000| Complete 
|  55|0x00000000a5900000, 0x00000000a5a00000, 0x00000000a5a00000|100%| E|CS|TAMS 0x00000000a5900000, 0x00000000a5900000| Complete 
|  56|0x00000000a5a00000, 0x00000000a5b00000, 0x00000000a5b00000|100%| E|CS|TAMS 0x00000000a5a00000, 0x00000000a5a00000| Complete 
|  57|0x00000000a5b00000, 0x00000000a5b40b30, 0x00000000a5c00000| 25%| S|CS|TAMS 0x00000000a5b00000, 0x00000000a5b00000| Complete 
|  58|0x00000000a5c00000, 0x00000000a5d00000, 0x00000000a5d00000|100%| S|CS|TAMS 0x00000000a5c00000, 0x00000000a5c00000| Complete 
|  59|0x00000000a5d00000, 0x00000000a5e00000, 0x00000000a5e00000|100%| S|CS|TAMS 0x00000000a5d00000, 0x00000000a5d00000| Complete 
|  60|0x00000000a5e00000, 0x00000000a5f00000, 0x00000000a5f00000|100%| E|CS|TAMS 0x00000000a5e00000, 0x00000000a5e00000| Complete 
|  61|0x00000000a5f00000, 0x00000000a6000000, 0x00000000a6000000|100%| E|CS|TAMS 0x00000000a5f00000, 0x00000000a5f00000| Complete 
|  62|0x00000000a6000000, 0x00000000a6100000, 0x00000000a6100000|100%| E|CS|TAMS 0x00000000a6000000, 0x00000000a6000000| Complete 
|  63|0x00000000a6100000, 0x00000000a6200000, 0x00000000a6200000|100%| E|CS|TAMS 0x00000000a6100000, 0x00000000a6100000| Complete 
|  64|0x00000000a6200000, 0x00000000a6300000, 0x00000000a6300000|100%| E|CS|TAMS 0x00000000a6200000, 0x00000000a6200000| Complete 
|  65|0x00000000a6300000, 0x00000000a6400000, 0x00000000a6400000|100%| E|CS|TAMS 0x00000000a6300000, 0x00000000a6300000| Complete 
|  66|0x00000000a6400000, 0x00000000a6500000, 0x00000000a6500000|100%| E|CS|TAMS 0x00000000a6400000, 0x00000000a6400000| Complete 
|  67|0x00000000a6500000, 0x00000000a6600000, 0x00000000a6600000|100%| E|CS|TAMS 0x00000000a6500000, 0x00000000a6500000| Complete 
|  68|0x00000000a6600000, 0x00000000a6700000, 0x00000000a6700000|100%| E|CS|TAMS 0x00000000a6600000, 0x00000000a6600000| Complete 
|  69|0x00000000a6700000, 0x00000000a6800000, 0x00000000a6800000|100%| E|CS|TAMS 0x00000000a6700000, 0x00000000a6700000| Complete 
|  70|0x00000000a6800000, 0x00000000a6900000, 0x00000000a6900000|100%| E|CS|TAMS 0x00000000a6800000, 0x00000000a6800000| Complete 
|  71|0x00000000a6900000, 0x00000000a6a00000, 0x00000000a6a00000|100%| E|CS|TAMS 0x00000000a6900000, 0x00000000a6900000| Complete 
|  72|0x00000000a6a00000, 0x00000000a6b00000, 0x00000000a6b00000|100%| E|CS|TAMS 0x00000000a6a00000, 0x00000000a6a00000| Complete 
|  73|0x00000000a6b00000, 0x00000000a6c00000, 0x00000000a6c00000|100%| E|CS|TAMS 0x00000000a6b00000, 0x00000000a6b00000| Complete 
|  74|0x00000000a6c00000, 0x00000000a6d00000, 0x00000000a6d00000|100%| E|CS|TAMS 0x00000000a6c00000, 0x00000000a6c00000| Complete 
|  75|0x00000000a6d00000, 0x00000000a6e00000, 0x00000000a6e00000|100%| E|CS|TAMS 0x00000000a6d00000, 0x00000000a6d00000| Complete 
|  76|0x00000000a6e00000, 0x00000000a6f00000, 0x00000000a6f00000|100%| E|CS|TAMS 0x00000000a6e00000, 0x00000000a6e00000| Complete 
|  77|0x00000000a6f00000, 0x00000000a7000000, 0x00000000a7000000|100%| E|CS|TAMS 0x00000000a6f00000, 0x00000000a6f00000| Complete 
|  78|0x00000000a7000000, 0x00000000a7100000, 0x00000000a7100000|100%| E|CS|TAMS 0x00000000a7000000, 0x00000000a7000000| Complete 
|  79|0x00000000a7100000, 0x00000000a7200000, 0x00000000a7200000|100%| E|CS|TAMS 0x00000000a7100000, 0x00000000a7100000| Complete 
|  80|0x00000000a7200000, 0x00000000a7300000, 0x00000000a7300000|100%| E|CS|TAMS 0x00000000a7200000, 0x00000000a7200000| Complete 
|  81|0x00000000a7300000, 0x00000000a7400000, 0x00000000a7400000|100%| E|CS|TAMS 0x00000000a7300000, 0x00000000a7300000| Complete 
|  82|0x00000000a7400000, 0x00000000a7500000, 0x00000000a7500000|100%| E|CS|TAMS 0x00000000a7400000, 0x00000000a7400000| Complete 
|  83|0x00000000a7500000, 0x00000000a7600000, 0x00000000a7600000|100%| E|CS|TAMS 0x00000000a7500000, 0x00000000a7500000| Complete 
|  84|0x00000000a7600000, 0x00000000a7700000, 0x00000000a7700000|100%| E|CS|TAMS 0x00000000a7600000, 0x00000000a7600000| Complete 
|  85|0x00000000a7700000, 0x00000000a7800000, 0x00000000a7800000|100%| E|CS|TAMS 0x00000000a7700000, 0x00000000a7700000| Complete 
|  86|0x00000000a7800000, 0x00000000a7900000, 0x00000000a7900000|100%| E|CS|TAMS 0x00000000a7800000, 0x00000000a7800000| Complete 
|  87|0x00000000a7900000, 0x00000000a7a00000, 0x00000000a7a00000|100%| E|CS|TAMS 0x00000000a7900000, 0x00000000a7900000| Complete 
|  88|0x00000000a7a00000, 0x00000000a7b00000, 0x00000000a7b00000|100%| E|CS|TAMS 0x00000000a7a00000, 0x00000000a7a00000| Complete 
|  89|0x00000000a7b00000, 0x00000000a7c00000, 0x00000000a7c00000|100%| E|CS|TAMS 0x00000000a7b00000, 0x00000000a7b00000| Complete 
|  90|0x00000000a7c00000, 0x00000000a7d00000, 0x00000000a7d00000|100%| E|CS|TAMS 0x00000000a7c00000, 0x00000000a7c00000| Complete 
|  91|0x00000000a7d00000, 0x00000000a7e00000, 0x00000000a7e00000|100%| E|CS|TAMS 0x00000000a7d00000, 0x00000000a7d00000| Complete 
|  92|0x00000000a7e00000, 0x00000000a7f00000, 0x00000000a7f00000|100%| E|CS|TAMS 0x00000000a7e00000, 0x00000000a7e00000| Complete 
|  93|0x00000000a7f00000, 0x00000000a8000000, 0x00000000a8000000|100%| E|CS|TAMS 0x00000000a7f00000, 0x00000000a7f00000| Complete 

Card table byte_map: [0x000001caf0e50000,0x000001caf1140000] _byte_map_base: 0x000001caf093f000

Marking Bits (Prev, Next): (CMBitMap*) 0x000001cad7ab7210, (CMBitMap*) 0x000001cad7ab7250
 Prev Bits: [0x000001caf1430000, 0x000001caf2ba8000)
 Next Bits: [0x000001caf2bb0000, 0x000001caf4328000)

Polling page: 0x000001cad7b30000

Metaspace:

Usage:
  Non-class:     12.36 MB used.
      Class:      1.55 MB used.
       Both:     13.91 MB used.

Virtual space:
  Non-class space:       64.00 MB reserved,      12.50 MB ( 20%) committed,  1 nodes.
      Class space:        1.00 GB reserved,       1.69 MB ( <1%) committed,  1 nodes.
             Both:        1.06 GB reserved,      14.19 MB (  1%) committed. 

Chunk freelists:
   Non-Class:  2.77 MB
       Class:  2.34 MB
        Both:  5.10 MB

MaxMetaspaceSize: unlimited
CompressedClassSpaceSize: 1.00 GB
Initial GC threshold: 21.00 MB
Current GC threshold: 21.00 MB
CDS: on
MetaspaceReclaimPolicy: balanced
 - commit_granule_bytes: 65536.
 - commit_granule_words: 8192.
 - virtual_space_node_default_size: 8388608.
 - enlarge_chunks_in_place: 1.
 - new_chunks_are_fully_committed: 0.
 - uncommit_free_chunks: 1.
 - use_allocation_guard: 0.


Internal statistics:

num_allocs_failed_limit: 0.
num_arena_births: 262.
num_arena_deaths: 0.
num_vsnodes_births: 2.
num_vsnodes_deaths: 0.
num_space_committed: 227.
num_space_uncommitted: 0.
num_chunks_returned_to_freelist: 0.
num_chunks_taken_from_freelist: 747.
num_chunk_merges: 0.
num_chunk_splits: 535.
num_chunks_enlarged: 395.
num_inconsistent_stats: 0.

CodeHeap 'non-profiled nmethods': size=119168Kb used=1344Kb max_used=1344Kb free=117823Kb
 bounds [0x000001cae8730000, 0x000001cae89a0000, 0x000001caefb90000]
CodeHeap 'profiled nmethods': size=119104Kb used=7296Kb max_used=7296Kb free=111808Kb
 bounds [0x000001cae12e0000, 0x000001cae1a00000, 0x000001cae8730000]
CodeHeap 'non-nmethods': size=7488Kb used=2877Kb max_used=2917Kb free=4610Kb
 bounds [0x000001cae0b90000, 0x000001cae0e80000, 0x000001cae12e0000]
 total_blobs=4076 nmethods=3604 adapters=381
 compilation: enabled
              stopped_count=0, restarted_count=0
 full_count=0

Compilation events (20 events):
Event: 2.035 Thread 0x000001cafc608010 3590       1       org.apache.maven.project.MavenProject::getModel (5 bytes)
Event: 2.035 Thread 0x000001cafc608010 nmethod 3590 0x000001cae887e810 code [0x000001cae887e9a0, 0x000001cae887ea78]
Event: 2.036 Thread 0x000001cafc608010 3594       3       org.codehaus.plexus.util.introspection.ClassMap::makeMethodKey (239 bytes)
Event: 2.036 Thread 0x000001caf72ec270 3591       3       org.codehaus.plexus.util.introspection.ClassMap::getPublicMethod (29 bytes)
Event: 2.036 Thread 0x000001cafbb4a500 3592       3       org.codehaus.plexus.util.introspection.MethodMap::add (44 bytes)
Event: 2.036 Thread 0x000001caf72b0db0 3593       3       org.codehaus.plexus.util.introspection.MethodMap::get (14 bytes)
Event: 2.036 Thread 0x000001caf72b0db0 nmethod 3593 0x000001cae19f8910 code [0x000001cae19f8ac0, 0x000001cae19f8da8]
Event: 2.036 Thread 0x000001caf72ec270 nmethod 3591 0x000001cae19f8e90 code [0x000001cae19f9060, 0x000001cae19f9478]
Event: 2.037 Thread 0x000001cafbb4a500 nmethod 3592 0x000001cae19f9610 code [0x000001cae19f9820, 0x000001cae19f9fe8]
Event: 2.037 Thread 0x000001cafc608010 nmethod 3594 0x000001cae19fa290 code [0x000001cae19fa640, 0x000001cae19fc198]
Event: 2.045 Thread 0x000001caf72ec270 3596       3       java.lang.ProcessEnvironment$CheckedEntry::getKey (5 bytes)
Event: 2.045 Thread 0x000001caf72b0db0 3597       3       java.lang.ProcessEnvironment$CheckedEntry::getKey (13 bytes)
Event: 2.045 Thread 0x000001cafc608010 3598       3       java.lang.ProcessEnvironment$EntryComparator::compare (13 bytes)
Event: 2.045 Thread 0x000001cafbb4a500 3599       3       java.lang.ProcessEnvironment$EntryComparator::compare (25 bytes)
Event: 2.045 Thread 0x000001caf72ec270 nmethod 3596 0x000001cae19fc910 code [0x000001cae19fcac0, 0x000001cae19fcde8]
Event: 2.045 Thread 0x000001caf72b0db0 nmethod 3597 0x000001cae19fcf10 code [0x000001cae19fd0c0, 0x000001cae19fd388]
Event: 2.045 Thread 0x000001cafbb4a500 nmethod 3599 0x000001cae19fd490 code [0x000001cae19fd660, 0x000001cae19fdb48]
Event: 2.045 Thread 0x000001cafc608010 nmethod 3598 0x000001cae19fdc90 code [0x000001cae19fde80, 0x000001cae19fe5e8]
Event: 2.048 Thread 0x000001caf72b0db0 3600       3       java.lang.invoke.DirectMethodHandle::preparedLambdaForm (244 bytes)
Event: 2.049 Thread 0x000001caf72b0db0 nmethod 3600 0x000001cae19fe790 code [0x000001cae19fea80, 0x000001cae19ff9f8]

GC Heap History (4 events):
Event: 0.426 GC heap before
{Heap before GC invocations=0 (full 0):
 garbage-first heap   total 96256K, used 23552K [0x00000000a2200000, 0x0000000100000000)
  region size 1024K, 23 young (23552K), 0 survivors (0K)
 Metaspace       used 4865K, committed 4992K, reserved 1114112K
  class space    used 550K, committed 640K, reserved 1048576K
}
Event: 0.431 GC heap after
{Heap after GC invocations=1 (full 0):
 garbage-first heap   total 96256K, used 3644K [0x00000000a2200000, 0x0000000100000000)
  region size 1024K, 3 young (3072K), 3 survivors (3072K)
 Metaspace       used 4865K, committed 4992K, reserved 1114112K
  class space    used 550K, committed 640K, reserved 1048576K
}
Event: 0.943 GC heap before
{Heap before GC invocations=1 (full 0):
 garbage-first heap   total 96256K, used 35388K [0x00000000a2200000, 0x0000000100000000)
  region size 1024K, 34 young (34816K), 3 survivors (3072K)
 Metaspace       used 10192K, committed 10432K, reserved 1114112K
  class space    used 1207K, committed 1344K, reserved 1048576K
}
Event: 0.952 GC heap after
{Heap after GC invocations=2 (full 0):
 garbage-first heap   total 96256K, used 5798K [0x00000000a2200000, 0x0000000100000000)
  region size 1024K, 3 young (3072K), 3 survivors (3072K)
 Metaspace       used 10192K, committed 10432K, reserved 1114112K
  class space    used 1207K, committed 1344K, reserved 1048576K
}

Deoptimization events (20 events):
Event: 2.005 Thread 0x000001cad7a65b60 DEOPT PACKING pc=0x000001cae887bebc sp=0x00000015c3cfc250
Event: 2.005 Thread 0x000001cad7a65b60 DEOPT UNPACKING pc=0x000001cae0be23a3 sp=0x00000015c3cfc1e8 mode 2
Event: 2.005 Thread 0x000001cad7a65b60 Uncommon trap: trap_request=0xffffffd6 fr.pc=0x000001cae887bde8 relative=0x00000000000006a8
Event: 2.006 Thread 0x000001cad7a65b60 Uncommon trap: reason=array_check action=maybe_recompile pc=0x000001cae887bde8 method=java.util.TimSort.binarySort([Ljava/lang/Object;IIILjava/util/Comparator;)V @ 215 c2
Event: 2.006 Thread 0x000001cad7a65b60 DEOPT PACKING pc=0x000001cae887bde8 sp=0x00000015c3cfcf70
Event: 2.006 Thread 0x000001cad7a65b60 DEOPT UNPACKING pc=0x000001cae0be23a3 sp=0x00000015c3cfcf08 mode 2
Event: 2.006 Thread 0x000001cad7a65b60 Uncommon trap: trap_request=0xffffffd6 fr.pc=0x000001cae887bebc relative=0x000000000000077c
Event: 2.006 Thread 0x000001cad7a65b60 Uncommon trap: reason=array_check action=maybe_recompile pc=0x000001cae887bebc method=java.util.TimSort.binarySort([Ljava/lang/Object;IIILjava/util/Comparator;)V @ 193 c2
Event: 2.006 Thread 0x000001cad7a65b60 DEOPT PACKING pc=0x000001cae887bebc sp=0x00000015c3cfcf70
Event: 2.006 Thread 0x000001cad7a65b60 DEOPT UNPACKING pc=0x000001cae0be23a3 sp=0x00000015c3cfcf08 mode 2
Event: 2.009 Thread 0x000001cad7a65b60 Uncommon trap: trap_request=0xffffff54 fr.pc=0x000001cae8853d94 relative=0x0000000000000334
Event: 2.009 Thread 0x000001cad7a65b60 Uncommon trap: reason=speculate_null_assert action=make_not_entrant pc=0x000001cae8853d94 method=org.eclipse.sisu.inject.RankedBindings$Itr.hasNext()Z @ 80 c2
Event: 2.009 Thread 0x000001cad7a65b60 DEOPT PACKING pc=0x000001cae8853d94 sp=0x00000015c3cfde80
Event: 2.009 Thread 0x000001cad7a65b60 DEOPT UNPACKING pc=0x000001cae0be23a3 sp=0x00000015c3cfdde8 mode 2
Event: 2.025 Thread 0x000001cad7a65b60 DEOPT PACKING pc=0x000001cae13ba2b4 sp=0x00000015c3cf8980
Event: 2.025 Thread 0x000001cad7a65b60 DEOPT UNPACKING pc=0x000001cae0be2b43 sp=0x00000015c3cf7db8 mode 0
Event: 2.025 Thread 0x000001cad7a65b60 DEOPT PACKING pc=0x000001cae13b99cc sp=0x00000015c3cf89f0
Event: 2.025 Thread 0x000001cad7a65b60 DEOPT UNPACKING pc=0x000001cae0be2b43 sp=0x00000015c3cf7e98 mode 0
Event: 2.029 Thread 0x000001cad7a65b60 DEOPT PACKING pc=0x000001cae17b717c sp=0x00000015c3cfde40
Event: 2.029 Thread 0x000001cad7a65b60 DEOPT UNPACKING pc=0x000001cae0be2b43 sp=0x00000015c3cfd298 mode 0

Classes loaded (20 events):
Event: 2.044 Loading class java/lang/ProcessImpl
Event: 2.044 Loading class java/lang/Process
Event: 2.044 Loading class java/lang/Process done
Event: 2.044 Loading class java/lang/ProcessImpl done
Event: 2.049 Loading class java/lang/ProcessHandleImpl
Event: 2.049 Loading class java/lang/ProcessHandle
Event: 2.049 Loading class java/lang/ProcessHandle done
Event: 2.050 Loading class java/lang/ProcessHandleImpl done
Event: 2.053 Loading class java/util/concurrent/Executors
Event: 2.053 Loading class java/util/concurrent/Executors done
Event: 2.053 Loading class java/util/concurrent/SynchronousQueue
Event: 2.054 Loading class java/util/concurrent/SynchronousQueue done
Event: 2.054 Loading class java/util/concurrent/SynchronousQueue$TransferStack
Event: 2.054 Loading class java/util/concurrent/SynchronousQueue$Transferer
Event: 2.054 Loading class java/util/concurrent/SynchronousQueue$Transferer done
Event: 2.054 Loading class java/util/concurrent/SynchronousQueue$TransferStack done
Event: 2.054 Loading class java/util/concurrent/SynchronousQueue$TransferStack$SNode
Event: 2.054 Loading class java/util/concurrent/ForkJoinPool$ManagedBlocker
Event: 2.054 Loading class java/util/concurrent/ForkJoinPool$ManagedBlocker done
Event: 2.054 Loading class java/util/concurrent/SynchronousQueue$TransferStack$SNode done

Classes unloaded (0 events):
No events

Classes redefined (0 events):
No events

Internal exceptions (20 events):
Event: 1.105 Thread 0x000001cad7a65b60 Exception <a 'java/lang/NoSuchMethodError'{0x00000000a7839c50}: 'int java.lang.invoke.DirectMethodHandle$Holder.invokeSpecial(java.lang.Object, java.lang.Object, java.lang.Object, int)'> (0x00000000a7839c50) 
thrown [s\open\src\hotspot\share\interpreter\linkResolver.cpp, line 766]
Event: 1.107 Thread 0x000001cad7a65b60 Exception <a 'java/lang/NoSuchMethodError'{0x00000000a784c5f0}: 'java.lang.Object java.lang.invoke.DirectMethodHandle$Holder.invokeStatic(java.lang.Object, java.lang.Object, java.lang.Object, java.lang.Object, int)'> (0x00000000a784c5f0) 
thrown [s\open\src\hotspot\share\interpreter\linkResolver.cpp, line 766]
Event: 1.108 Thread 0x000001cad7a65b60 Exception <a 'java/lang/NoSuchMethodError'{0x00000000a7857f30}: 'void java.lang.invoke.DelegatingMethodHandle$Holder.reinvoke_L(java.lang.Object, java.lang.Object, int)'> (0x00000000a7857f30) 
thrown [s\open\src\hotspot\share\interpreter\linkResolver.cpp, line 766]
Event: 1.618 Thread 0x000001cad7a65b60 Implicit null exception at 0x000001cae87b350c to 0x000001cae87b3708
Event: 1.685 Thread 0x000001cad7a65b60 Implicit null exception at 0x000001cae879518c to 0x000001cae879538c
Event: 1.685 Thread 0x000001cad7a65b60 Implicit null exception at 0x000001cae87b2b8f to 0x000001cae87b2c09
Event: 1.981 Thread 0x000001cad7a65b60 Exception <a 'java/lang/NoClassDefFoundError'{0x00000000a544e820}: org/sonatype/aether/resolution/ArtifactResolutionException> (0x00000000a544e820) 
thrown [s\open\src\hotspot\share\classfile\systemDictionary.cpp, line 244]
Event: 1.984 Thread 0x000001cad7a65b60 Exception <a 'java/lang/NoClassDefFoundError'{0x00000000a54776c0}: org/sonatype/aether/deployment/DeploymentException> (0x00000000a54776c0) 
thrown [s\open\src\hotspot\share\classfile\systemDictionary.cpp, line 244]
Event: 1.985 Thread 0x000001cad7a65b60 Exception <a 'java/lang/NoClassDefFoundError'{0x00000000a54932e8}: org/sonatype/aether/collection/DependencyCollectionException> (0x00000000a54932e8) 
thrown [s\open\src\hotspot\share\classfile\systemDictionary.cpp, line 244]
Event: 1.987 Thread 0x000001cad7a65b60 Exception <a 'java/lang/NoClassDefFoundError'{0x00000000a54b7e48}: org/sonatype/aether/installation/InstallationException> (0x00000000a54b7e48) 
thrown [s\open\src\hotspot\share\classfile\systemDictionary.cpp, line 244]
Event: 1.994 Thread 0x000001cad7a65b60 Exception <a 'java/lang/NoClassDefFoundError'{0x00000000a5342488}: org/sonatype/aether/resolution/ArtifactDescriptorException> (0x00000000a5342488) 
thrown [s\open\src\hotspot\share\classfile\systemDictionary.cpp, line 244]
Event: 1.995 Thread 0x000001cad7a65b60 Exception <a 'java/lang/NoClassDefFoundError'{0x00000000a5353ba8}: org/sonatype/aether/metadata/Metadata> (0x00000000a5353ba8) 
thrown [s\open\src\hotspot\share\classfile\systemDictionary.cpp, line 244]
Event: 1.997 Thread 0x000001cad7a65b60 Exception <a 'java/lang/NoClassDefFoundError'{0x00000000a5377ec0}: org/sonatype/aether/metadata/Metadata> (0x00000000a5377ec0) 
thrown [s\open\src\hotspot\share\classfile\systemDictionary.cpp, line 244]
Event: 2.029 Thread 0x000001cad7a65b60 Exception <a 'java/lang/NoSuchMethodError'{0x00000000a52e7b28}: 'void java.lang.invoke.Invokers$Holder.invokeExact_MT(java.lang.Object, java.lang.Object, int, java.lang.Object)'> (0x00000000a52e7b28) 
thrown [s\open\src\hotspot\share\interpreter\linkResolver.cpp, line 766]
Event: 2.048 Thread 0x000001cad7a65b60 Exception <a 'java/lang/NoSuchMethodError'{0x00000000a51cdff0}: 'void java.lang.invoke.DirectMethodHandle$Holder.invokeStatic(java.lang.Object, long)'> (0x00000000a51cdff0) 
thrown [s\open\src\hotspot\share\interpreter\linkResolver.cpp, line 766]
Event: 2.049 Thread 0x000001cad7a65b60 Exception <a 'java/lang/NoSuchMethodError'{0x00000000a51d3890}: 'java.lang.Object java.lang.invoke.DirectMethodHandle$Holder.newInvokeSpecial(java.lang.Object, long)'> (0x00000000a51d3890) 
thrown [s\open\src\hotspot\share\interpreter\linkResolver.cpp, line 766]
Event: 2.050 Thread 0x000001cad7a65b60 Exception <a 'java/lang/NoSuchMethodError'{0x00000000a51d82a0}: 'java.lang.Object java.lang.invoke.DirectMethodHandle$Holder.invokeStaticInit(java.lang.Object)'> (0x00000000a51d82a0) 
thrown [s\open\src\hotspot\share\interpreter\linkResolver.cpp, line 766]
Event: 2.052 Thread 0x000001cad7a65b60 Exception <a 'java/lang/NoSuchMethodError'{0x00000000a51e2110}: 'java.lang.Object java.lang.invoke.DirectMethodHandle$Holder.invokeStaticInit(java.lang.Object, java.lang.Object, long, java.lang.Object)'> (0x00000000a51e2110) 
thrown [s\open\src\hotspot\share\interpreter\linkResolver.cpp, line 766]
Event: 2.052 Thread 0x000001cad7a65b60 Exception <a 'java/lang/NoSuchMethodError'{0x00000000a51e87d0}: 'java.lang.Object java.lang.invoke.DirectMethodHandle$Holder.newInvokeSpecial(java.lang.Object, java.lang.Object, long)'> (0x00000000a51e87d0) 
thrown [s\open\src\hotspot\share\interpreter\linkResolver.cpp, line 766]
Event: 2.053 Thread 0x000001cad7a65b60 Exception <a 'java/lang/NoSuchMethodError'{0x00000000a51ecad0}: 'java.lang.Object java.lang.invoke.Invokers$Holder.linkToTargetMethod(java.lang.Object, long, java.lang.Object)'> (0x00000000a51ecad0) 
thrown [s\open\src\hotspot\share\interpreter\linkResolver.cpp, line 766]

VM Operations (20 events):
Event: 0.937 Executing VM operation: ICBufferFull
Event: 0.937 Executing VM operation: ICBufferFull done
Event: 0.943 Executing VM operation: G1CollectForAllocation
Event: 0.952 Executing VM operation: G1CollectForAllocation done
Event: 0.965 Executing VM operation: HandshakeAllThreads
Event: 0.965 Executing VM operation: HandshakeAllThreads done
Event: 0.992 Executing VM operation: HandshakeAllThreads
Event: 0.992 Executing VM operation: HandshakeAllThreads done
Event: 1.023 Executing VM operation: HandshakeAllThreads
Event: 1.023 Executing VM operation: HandshakeAllThreads done
Event: 1.661 Executing VM operation: ICBufferFull
Event: 1.662 Executing VM operation: ICBufferFull done
Event: 1.912 Executing VM operation: ICBufferFull
Event: 1.913 Executing VM operation: ICBufferFull done
Event: 1.976 Executing VM operation: HandshakeAllThreads
Event: 1.976 Executing VM operation: HandshakeAllThreads done
Event: 2.025 Executing VM operation: HandshakeAllThreads
Event: 2.025 Executing VM operation: HandshakeAllThreads done
Event: 2.029 Executing VM operation: HandshakeAllThreads
Event: 2.029 Executing VM operation: HandshakeAllThreads done

Events (20 events):
Event: 0.013 Thread 0x000001caf72cf340 Thread added: 0x000001caf72cf340
Event: 0.021 Thread 0x000001caf72e6680 Thread added: 0x000001caf72e6680
Event: 0.021 Thread 0x000001caf72e7630 Thread added: 0x000001caf72e7630
Event: 0.021 Thread 0x000001caf72e7fd0 Thread added: 0x000001caf72e7fd0
Event: 0.021 Thread 0x000001caf72e9390 Thread added: 0x000001caf72e9390
Event: 0.021 Thread 0x000001caf72eb480 Thread added: 0x000001caf72eb480
Event: 0.021 Thread 0x000001caf72ec270 Thread added: 0x000001caf72ec270
Event: 0.021 Thread 0x000001caf72fdd90 Thread added: 0x000001caf72fdd90
Event: 0.029 Thread 0x000001caf72b0db0 Thread added: 0x000001caf72b0db0
Event: 0.032 Thread 0x000001cafb60edb0 Thread added: 0x000001cafb60edb0
Event: 0.034 Thread 0x000001cafb615af0 Thread added: 0x000001cafb615af0
Event: 0.038 Loaded shared library C:\Program Files\Java\jdk-18.0.1\bin\net.dll
Event: 0.039 Loaded shared library C:\Program Files\Java\jdk-18.0.1\bin\nio.dll
Event: 0.041 Loaded shared library C:\Program Files\Java\jdk-18.0.1\bin\zip.dll
Event: 0.109 Loaded shared library C:\Program Files\Java\jdk-18.0.1\bin\verify.dll
Event: 0.111 Loaded shared library C:\Program Files\NetBeans-12.6\netbeans\java\maven\lib\jansi-native\windows64\jansi.dll
Event: 0.132 Loaded shared library C:\Program Files\Java\jdk-18.0.1\bin\jimage.dll
Event: 0.202 Thread 0x000001cafbb4a500 Thread added: 0x000001cafbb4a500
Event: 1.131 Thread 0x000001cafc608010 Thread added: 0x000001cafc608010
Event: 1.587 Thread 0x000001cafc549040 Thread added: 0x000001cafc549040


Dynamic libraries:
0x00007ff78bed0000 - 0x00007ff78bee0000 	C:\Program Files\Java\jdk-18.0.1\bin\java.exe
0x00007fff9ee00000 - 0x00007fff9f009000 	C:\Windows\SYSTEM32\ntdll.dll
0x00007fff9d950000 - 0x00007fff9da0d000 	C:\Windows\System32\KERNEL32.DLL
0x00007fff9c2f0000 - 0x00007fff9c669000 	C:\Windows\System32\KERNELBASE.dll
0x00007fff9c730000 - 0x00007fff9c841000 	C:\Windows\System32\ucrtbase.dll
0x00007fff83680000 - 0x00007fff83698000 	C:\Program Files\Java\jdk-18.0.1\bin\jli.dll
0x00007fff83900000 - 0x00007fff8391a000 	C:\Program Files\Java\jdk-18.0.1\bin\VCRUNTIME140.dll
0x00007fff9ed10000 - 0x00007fff9edbe000 	C:\Windows\System32\ADVAPI32.dll
0x00007fff9e3e0000 - 0x00007fff9e483000 	C:\Windows\System32\msvcrt.dll
0x00007fff9cca0000 - 0x00007fff9cd3e000 	C:\Windows\System32\sechost.dll
0x00007fff9d340000 - 0x00007fff9d460000 	C:\Windows\System32\RPCRT4.dll
0x00007fff9e720000 - 0x00007fff9e8cc000 	C:\Windows\System32\USER32.dll
0x00007fff9c8f0000 - 0x00007fff9c916000 	C:\Windows\System32\win32u.dll
0x00007fff8a020000 - 0x00007fff8a2c5000 	C:\Windows\WinSxS\amd64_microsoft.windows.common-controls_6595b64144ccf1df_6.0.22000.120_none_9d947278b86cc467\COMCTL32.dll
0x00007fff9d460000 - 0x00007fff9d489000 	C:\Windows\System32\GDI32.dll
0x00007fff9ca90000 - 0x00007fff9cba2000 	C:\Windows\System32\gdi32full.dll
0x00007fff9c850000 - 0x00007fff9c8ed000 	C:\Windows\System32\msvcp_win.dll
0x00007fff92ca0000 - 0x00007fff92caa000 	C:\Windows\SYSTEM32\VERSION.dll
0x00007fff9cd60000 - 0x00007fff9cd91000 	C:\Windows\System32\IMM32.DLL
0x00007fff992b0000 - 0x00007fff992bc000 	C:\Program Files\Java\jdk-18.0.1\bin\vcruntime140_1.dll
0x00007fff6c9c0000 - 0x00007fff6ca4d000 	C:\Program Files\Java\jdk-18.0.1\bin\msvcp140.dll
0x00007ffefc930000 - 0x00007ffefd540000 	C:\Program Files\Java\jdk-18.0.1\bin\server\jvm.dll
0x00007fff9d210000 - 0x00007fff9d218000 	C:\Windows\System32\PSAPI.DLL
0x00007fff8ab50000 - 0x00007fff8ab59000 	C:\Windows\SYSTEM32\WSOCK32.dll
0x00007fff971a0000 - 0x00007fff971d3000 	C:\Windows\SYSTEM32\WINMM.dll
0x00007fff9e990000 - 0x00007fff9e9ff000 	C:\Windows\System32\WS2_32.dll
0x00007fff9b3c0000 - 0x00007fff9b3d8000 	C:\Windows\SYSTEM32\kernel.appcore.dll
0x00007fff94ac0000 - 0x00007fff94aca000 	C:\Program Files\Java\jdk-18.0.1\bin\jimage.dll
0x00007fff99ea0000 - 0x00007fff9a0c1000 	C:\Windows\SYSTEM32\DBGHELP.DLL
0x00007fff95150000 - 0x00007fff95181000 	C:\Windows\SYSTEM32\dbgcore.DLL
0x00007fff9cc20000 - 0x00007fff9cc9f000 	C:\Windows\System32\bcryptPrimitives.dll
0x00007fff83640000 - 0x00007fff83665000 	C:\Program Files\Java\jdk-18.0.1\bin\java.dll
0x00007fff4a790000 - 0x00007fff4a866000 	C:\Program Files\Java\jdk-18.0.1\bin\jsvml.dll
0x00007fff9da10000 - 0x00007fff9e1bf000 	C:\Windows\System32\SHELL32.dll
0x00007fff9a3e0000 - 0x00007fff9ac48000 	C:\Windows\SYSTEM32\windows.storage.dll
0x00007fff9d490000 - 0x00007fff9d808000 	C:\Windows\System32\combase.dll
0x00007fff9a270000 - 0x00007fff9a3d6000 	C:\Windows\SYSTEM32\wintypes.dll
0x00007fff9e490000 - 0x00007fff9e57a000 	C:\Windows\System32\SHCORE.dll
0x00007fff9e930000 - 0x00007fff9e98d000 	C:\Windows\System32\shlwapi.dll
0x00007fff9c220000 - 0x00007fff9c241000 	C:\Windows\SYSTEM32\profapi.dll
0x00007fff838e0000 - 0x00007fff838f3000 	C:\Program Files\Java\jdk-18.0.1\bin\net.dll
0x00007fff96ef0000 - 0x00007fff96ffc000 	C:\Windows\SYSTEM32\WINHTTP.dll
0x00007fff9b890000 - 0x00007fff9b8f7000 	C:\Windows\system32\mswsock.dll
0x00007fff80560000 - 0x00007fff80576000 	C:\Program Files\Java\jdk-18.0.1\bin\nio.dll
0x00007fff80510000 - 0x00007fff80528000 	C:\Program Files\Java\jdk-18.0.1\bin\zip.dll
0x00007fff93570000 - 0x00007fff93580000 	C:\Program Files\Java\jdk-18.0.1\bin\verify.dll
0x00007fff954a0000 - 0x00007fff954aa000 	C:\Program Files\NetBeans-12.6\netbeans\java\maven\lib\jansi-native\windows64\jansi.dll

dbghelp: loaded successfully - version: 4.0.5 - missing functions: none
symbol engine: initialized successfully - sym options: 0x614 - pdb path: .;C:\Program Files\Java\jdk-18.0.1\bin;C:\Windows\SYSTEM32;C:\Windows\WinSxS\amd64_microsoft.windows.common-controls_6595b64144ccf1df_6.0.22000.120_none_9d947278b86cc467;C:\Program Files\Java\jdk-18.0.1\bin\server;C:\Program Files\NetBeans-12.6\netbeans\java\maven\lib\jansi-native\windows64

VM Arguments:
jvm_args: -Dclassworlds.conf=C:\Program Files\NetBeans-12.6\netbeans\java\maven\bin\..\bin\m2.conf -Dmaven.home=C:\Program Files\NetBeans-12.6\netbeans\java\maven\bin\.. -Dlibrary.jansi.path=C:\Program Files\NetBeans-12.6\netbeans\java\maven\bin\..\lib\jansi-native -Dmaven.multiModuleProjectDirectory=C:\Estudo\Programacao_Desktop\RapTasks 
java_command: org.codehaus.plexus.classworlds.launcher.Launcher -Dexec.vmArgs= -Dexec.args=${exec.vmArgs} -classpath %classpath ${exec.mainClass} ${exec.appArgs} -Dexec.appArgs= -Dexec.mainClass=App -Dexec.executable=C:\Program Files\Java\jdk-18.0.1\bin\java.exe -Dmaven.ext.class.path=C:\Program Files\NetBeans-12.6\netbeans\java\maven-nblib\netbeans-eventspy.jar org.codehaus.mojo:exec-maven-plugin:3.0.0:exec
java_class_path (initial): C:\Program Files\NetBeans-12.6\netbeans\java\maven\bin\..\boot\plexus-classworlds-2.6.0.jar
Launcher Type: SUN_STANDARD

[Global flags]
     intx CICompilerCount                          = 12                                        {product} {ergonomic}
     uint ConcGCThreads                            = 3                                         {product} {ergonomic}
     uint G1ConcRefinementThreads                  = 13                                        {product} {ergonomic}
   size_t G1HeapRegionSize                         = 1048576                                   {product} {ergonomic}
    uintx GCDrainStackTargetSize                   = 64                                        {product} {ergonomic}
   size_t InitialHeapSize                          = 98566144                                  {product} {ergonomic}
   size_t MarkStackSize                            = 4194304                                   {product} {ergonomic}
   size_t MaxHeapSize                              = 1574961152                                {product} {ergonomic}
   size_t MaxNewSize                               = 944766976                                 {product} {ergonomic}
   size_t MinHeapDeltaBytes                        = 1048576                                   {product} {ergonomic}
   size_t MinHeapSize                              = 8388608                                   {product} {ergonomic}
    uintx NonNMethodCodeHeapSize                   = 7602480                                {pd product} {ergonomic}
    uintx NonProfiledCodeHeapSize                  = 122027880                              {pd product} {ergonomic}
    uintx ProfiledCodeHeapSize                     = 122027880                              {pd product} {ergonomic}
    uintx ReservedCodeCacheSize                    = 251658240                              {pd product} {ergonomic}
     bool SegmentedCodeCache                       = true                                      {product} {ergonomic}
   size_t SoftMaxHeapSize                          = 1574961152                             {manageable} {ergonomic}
     bool UseCompressedClassPointers               = true                           {product lp64_product} {ergonomic}
     bool UseCompressedOops                        = true                           {product lp64_product} {ergonomic}
     bool UseG1GC                                  = true                                      {product} {ergonomic}
     bool UseLargePagesIndividualAllocation        = false                                  {pd product} {ergonomic}

Logging:
Log output configuration:
 #0: stdout all=warning uptime,level,tags foldmultilines=false
 #1: stderr all=off uptime,level,tags foldmultilines=false

Environment Variables:
JAVA_HOME=C:\Program Files\Java\jdk-18.0.1
PATH=C:\Program Files\Common Files\Oracle\Java\javapath;C:\Program Files (x86)\Common Files\Oracle\Java\javapath;C:\Program Files\Microsoft\jdk-11.0.12.7-hotspot\bin;C:\Windows\system32;C:\Windows;C:\Windows\System32\Wbem;C:\Windows\System32\WindowsPowerShell\v1.0\;C:\Windows\System32\OpenSSH\;C:\Users\gabri\AppData\Roaming\nvm;C:\Program Files\nodejs;C:\Program Files\Git\cmd;C:\Program Files\Microsoft SQL Server\150\Tools\Binn\;C:\Program Files\Microsoft SQL Server\Client SDK\ODBC\170\Tools\Binn\;C:\Program Files\dotnet\;C:\xampp\php\;C:\Program Files (x86)\Bitvise SSH Client;C:\ProgramData\chocolatey\bin;C:\Users\gabri\.cargo\bin;C:\Users\gabri\AppData\Local\Programs\Python\Python310\Scripts\;C:\Users\gabri\AppData\Local\Programs\Python\Python310\;C:\Users\gabri\AppData\Local\Microsoft\WindowsApps;C:\Users\gabri\AppData\Local\Programs\Microsoft VS Code\bin;C:\Users\gabri\AppData\Roaming\nvm;C:\Program Files\nodejs;C:\Users\gabri\.dotnet\tools;C:\Program Files\JetBrains\IntelliJ IDEA Community Edition 2022.1\bin;
USERNAME=gabri
OS=Windows_NT
PROCESSOR_IDENTIFIER=AMD64 Family 23 Model 104 Stepping 1, AuthenticAMD



---------------  S Y S T E M  ---------------

OS:
 Windows 11 , 64 bit Build 22000 (10.0.22000.675)
OS uptime: 6 days 16:03 hours
Hyper-V role detected

CPU: total 16 (initial active 16) (16 cores per cpu, 2 threads per core) family 23 model 104 stepping 1 microcode 0x0, cx8, cmov, fxsr, ht, mmx, 3dnowpref, sse, sse2, sse3, ssse3, sse4a, sse4.1, sse4.2, popcnt, lzcnt, tsc, tscinvbit, avx, avx2, aes, clmul, bmi1, bmi2, adx, sha, fma, vzeroupper, clflush, clflushopt, hv

Memory: 4k page, system-wide physical 6005M (409M free)
TotalPageFile size 24437M (AvailPageFile size 5M)
current process WorkingSet (physical memory assigned to process): 128M, peak: 129M
current process commit charge ("private bytes"): 229M, peak: 231M

vm_info: Java HotSpot(TM) 64-Bit Server VM (18.0.1+10-24) for windows-amd64 JRE (18.0.1+10-24), built on Mar  9 2022 22:41:56 by "mach5one" with MS VC++ 16.8 / 16.9 (VS2019)

END.
